[0.602s] Invoking command in '/home/nathan/dronut/src/dronut_w_cam': DEBUGINFOD_URLS=https://debuginfod.ubuntu.com PYTHONPATH=/home/nathan/dronut/build/dronut_w_cam/prefix_override:/usr/lib/python3/dist-packages/colcon_core/task/python/colcon_distutils_commands:/home/nathan/dronut/install/dronut_w_cam/lib/python3.12/site-packages:${PYTHONPATH} /usr/bin/python3 -W ignore:setup.py install is deprecated -W ignore:easy_install command is deprecated setup.py egg_info --egg-base ../../build/dronut_w_cam build --build-base /home/nathan/dronut/build/dronut_w_cam/build install --record /home/nathan/dronut/build/dronut_w_cam/install.log --single-version-externally-managed install_data
[0.725s] /home/nathan/.local/lib/python3.12/site-packages/setuptools/_distutils/dist.py:261: UserWarning: Unknown distribution option: 'tests_require'
[0.725s]   warnings.warn(msg)
[0.817s] running egg_info
[0.832s] writing ../../build/dronut_w_cam/dronut_w_cam.egg-info/PKG-INFO
[0.832s] writing dependency_links to ../../build/dronut_w_cam/dronut_w_cam.egg-info/dependency_links.txt
[0.832s] writing entry points to ../../build/dronut_w_cam/dronut_w_cam.egg-info/entry_points.txt
[0.832s] writing requirements to ../../build/dronut_w_cam/dronut_w_cam.egg-info/requires.txt
[0.833s] writing top-level names to ../../build/dronut_w_cam/dronut_w_cam.egg-info/top_level.txt
[0.864s] reading manifest file '../../build/dronut_w_cam/dronut_w_cam.egg-info/SOURCES.txt'
[0.865s] writing manifest file '../../build/dronut_w_cam/dronut_w_cam.egg-info/SOURCES.txt'
[0.865s] running build
[0.865s] running build_py
[0.865s] copying dronut_w_cam/move.py -> /home/nathan/dronut/build/dronut_w_cam/build/lib/dronut_w_cam
[0.865s] copying dronut_w_cam/__init__.py -> /home/nathan/dronut/build/dronut_w_cam/build/lib/dronut_w_cam
[0.865s] running install
[0.869s] running install_lib
[0.884s] running install_data
[0.884s] copying resource/dronut_w_cam -> /home/nathan/dronut/install/dronut_w_cam/share/ament_index/resource_index/packages
[0.885s] copying package.xml -> /home/nathan/dronut/install/dronut_w_cam/share/dronut_w_cam
[0.885s] copying launch/drone.launch.py -> /home/nathan/dronut/install/dronut_w_cam/share/dronut_w_cam/launch
[0.885s] copying launch/drone_sim.launch.py -> /home/nathan/dronut/install/dronut_w_cam/share/dronut_w_cam/launch
[0.885s] copying meshes/part_19.stl -> /home/nathan/dronut/install/dronut_w_cam/share/dronut_w_cam/meshes
[0.885s] copying meshes/part_12.stl -> /home/nathan/dronut/install/dronut_w_cam/share/dronut_w_cam/meshes
[0.885s] copying meshes/part_13.stl -> /home/nathan/dronut/install/dronut_w_cam/share/dronut_w_cam/meshes
[0.885s] copying meshes/part_18.stl -> /home/nathan/dronut/install/dronut_w_cam/share/dronut_w_cam/meshes
[0.885s] copying meshes/part_10.stl -> /home/nathan/dronut/install/dronut_w_cam/share/dronut_w_cam/meshes
[0.885s] copying meshes/part_11.stl -> /home/nathan/dronut/install/dronut_w_cam/share/dronut_w_cam/meshes
[0.886s] copying meshes/part_7.stl -> /home/nathan/dronut/install/dronut_w_cam/share/dronut_w_cam/meshes
[0.886s] copying meshes/part_5.stl -> /home/nathan/dronut/install/dronut_w_cam/share/dronut_w_cam/meshes
[0.886s] copying meshes/part_14.stl -> /home/nathan/dronut/install/dronut_w_cam/share/dronut_w_cam/meshes
[0.886s] copying meshes/part_8.stl -> /home/nathan/dronut/install/dronut_w_cam/share/dronut_w_cam/meshes
[0.886s] copying meshes/part_16.stl -> /home/nathan/dronut/install/dronut_w_cam/share/dronut_w_cam/meshes
[0.886s] copying meshes/part_1.stl -> /home/nathan/dronut/install/dronut_w_cam/share/dronut_w_cam/meshes
[0.886s] copying meshes/part_17.stl -> /home/nathan/dronut/install/dronut_w_cam/share/dronut_w_cam/meshes
[0.886s] copying meshes/part_15.stl -> /home/nathan/dronut/install/dronut_w_cam/share/dronut_w_cam/meshes
[0.886s] copying meshes/part_3.stl -> /home/nathan/dronut/install/dronut_w_cam/share/dronut_w_cam/meshes
[0.886s] copying meshes/part_9.stl -> /home/nathan/dronut/install/dronut_w_cam/share/dronut_w_cam/meshes
[0.886s] copying meshes/part_6.stl -> /home/nathan/dronut/install/dronut_w_cam/share/dronut_w_cam/meshes
[0.886s] copying meshes/part_4.stl -> /home/nathan/dronut/install/dronut_w_cam/share/dronut_w_cam/meshes
[0.886s] copying meshes/part_2.stl -> /home/nathan/dronut/install/dronut_w_cam/share/dronut_w_cam/meshes
[0.887s] copying urdf/x1.urdf.xacro -> /home/nathan/dronut/install/dronut_w_cam/share/dronut_w_cam/urdf
[0.887s] running install_egg_info
[0.902s] removing '/home/nathan/dronut/install/dronut_w_cam/lib/python3.12/site-packages/dronut_w_cam-0.0.0-py3.12.egg-info' (and everything under it)
[0.902s] Copying ../../build/dronut_w_cam/dronut_w_cam.egg-info to /home/nathan/dronut/install/dronut_w_cam/lib/python3.12/site-packages/dronut_w_cam-0.0.0-py3.12.egg-info
[0.903s] running install_scripts
[0.988s] Installing move script to /home/nathan/dronut/install/dronut_w_cam/lib/dronut_w_cam
[0.988s] writing list of installed files to '/home/nathan/dronut/build/dronut_w_cam/install.log'
[1.006s] Invoked command in '/home/nathan/dronut/src/dronut_w_cam' returned '0': DEBUGINFOD_URLS=https://debuginfod.ubuntu.com PYTHONPATH=/home/nathan/dronut/build/dronut_w_cam/prefix_override:/usr/lib/python3/dist-packages/colcon_core/task/python/colcon_distutils_commands:/home/nathan/dronut/install/dronut_w_cam/lib/python3.12/site-packages:${PYTHONPATH} /usr/bin/python3 -W ignore:setup.py install is deprecated -W ignore:easy_install command is deprecated setup.py egg_info --egg-base ../../build/dronut_w_cam build --build-base /home/nathan/dronut/build/dronut_w_cam/build install --record /home/nathan/dronut/build/dronut_w_cam/install.log --single-version-externally-managed install_data
