[0.019s] Invoking command in '/home/nathan/dronut/build/dronut_controller': CMAKE_PREFIX_PATH=${CMAKE_PREFIX_PATH}:/home/nathan/dronut/install/realsense_cam:/home/nathan/dronut/install/dronut_w_cam:/home/nathan/dronut/install/dronut_description:/opt/ros/jazzy DEBUGINFOD_URLS=https://debuginfod.ubuntu.com /usr/bin/cmake --build /home/nathan/dronut/build/dronut_controller -- -j20 -l20
[0.068s] [ 25%] [32mBuilding CXX object CMakeFiles/drone_control_node.dir/src/birotor_drone_controller.cpp.o[0m
[0.069s] [ 50%] [32mBuilding CXX object CMakeFiles/drone_control_node.dir/src/main.cpp.o[0m
[5.302s] [ 75%] [32m[1mLinking CXX executable drone_control_node[0m
[5.660s] [100%] Built target drone_control_node
[5.672s] Invoked command in '/home/nathan/dronut/build/dronut_controller' returned '0': CMAKE_PREFIX_PATH=${CMAKE_PREFIX_PATH}:/home/nathan/dronut/install/realsense_cam:/home/nathan/dronut/install/dronut_w_cam:/home/nathan/dronut/install/dronut_description:/opt/ros/jazzy DEBUGINFOD_URLS=https://debuginfod.ubuntu.com /usr/bin/cmake --build /home/nathan/dronut/build/dronut_controller -- -j20 -l20
[5.685s] Invoking command in '/home/nathan/dronut/build/dronut_controller': CMAKE_PREFIX_PATH=${CMAKE_PREFIX_PATH}:/home/nathan/dronut/install/realsense_cam:/home/nathan/dronut/install/dronut_w_cam:/home/nathan/dronut/install/dronut_description:/opt/ros/jazzy DEBUGINFOD_URLS=https://debuginfod.ubuntu.com /usr/bin/cmake --install /home/nathan/dronut/build/dronut_controller
[5.693s] -- Install configuration: ""
[5.693s] -- Installing: /home/nathan/dronut/install/dronut_controller/lib/dronut_controller/drone_control_node
[5.699s] -- Set non-toolchain portion of runtime path of "/home/nathan/dronut/install/dronut_controller/lib/dronut_controller/drone_control_node" to ""
[5.699s] -- Up-to-date: /home/nathan/dronut/install/dronut_controller/share/dronut_controller//worlds
[5.699s] -- Up-to-date: /home/nathan/dronut/install/dronut_controller/share/dronut_controller//worlds/maze1.sdf
[5.699s] -- Up-to-date: /home/nathan/dronut/install/dronut_controller/share/dronut_controller//worlds/sample.wbt
[5.699s] -- Up-to-date: /home/nathan/dronut/install/dronut_controller/share/dronut_controller//worlds/.sample.jpg
[5.699s] -- Up-to-date: /home/nathan/dronut/install/dronut_controller/share/dronut_controller//worlds/trial.sdf
[5.699s] -- Up-to-date: /home/nathan/dronut/install/dronut_controller/share/dronut_controller//launch
[5.699s] -- Up-to-date: /home/nathan/dronut/install/dronut_controller/share/dronut_controller//launch/drone.launch.py
[5.699s] -- Up-to-date: /home/nathan/dronut/install/dronut_controller/share/dronut_controller//config
[5.699s] -- Up-to-date: /home/nathan/dronut/install/dronut_controller/share/dronut_controller//config/dronut_controllers.yaml
[5.699s] -- Up-to-date: /home/nathan/dronut/install/dronut_controller/share/ament_index/resource_index/package_run_dependencies/dronut_controller
[5.699s] -- Up-to-date: /home/nathan/dronut/install/dronut_controller/share/ament_index/resource_index/parent_prefix_path/dronut_controller
[5.699s] -- Up-to-date: /home/nathan/dronut/install/dronut_controller/share/dronut_controller/environment/ament_prefix_path.sh
[5.699s] -- Up-to-date: /home/nathan/dronut/install/dronut_controller/share/dronut_controller/environment/ament_prefix_path.dsv
[5.699s] -- Up-to-date: /home/nathan/dronut/install/dronut_controller/share/dronut_controller/environment/path.sh
[5.699s] -- Up-to-date: /home/nathan/dronut/install/dronut_controller/share/dronut_controller/environment/path.dsv
[5.700s] -- Up-to-date: /home/nathan/dronut/install/dronut_controller/share/dronut_controller/local_setup.bash
[5.700s] -- Up-to-date: /home/nathan/dronut/install/dronut_controller/share/dronut_controller/local_setup.sh
[5.700s] -- Up-to-date: /home/nathan/dronut/install/dronut_controller/share/dronut_controller/local_setup.zsh
[5.700s] -- Up-to-date: /home/nathan/dronut/install/dronut_controller/share/dronut_controller/local_setup.dsv
[5.700s] -- Installing: /home/nathan/dronut/install/dronut_controller/share/dronut_controller/package.dsv
[5.700s] -- Up-to-date: /home/nathan/dronut/install/dronut_controller/share/ament_index/resource_index/packages/dronut_controller
[5.700s] -- Up-to-date: /home/nathan/dronut/install/dronut_controller/share/dronut_controller/cmake/dronut_controllerConfig.cmake
[5.700s] -- Up-to-date: /home/nathan/dronut/install/dronut_controller/share/dronut_controller/cmake/dronut_controllerConfig-version.cmake
[5.700s] -- Up-to-date: /home/nathan/dronut/install/dronut_controller/share/dronut_controller/package.xml
[5.701s] Invoked command in '/home/nathan/dronut/build/dronut_controller' returned '0': CMAKE_PREFIX_PATH=${CMAKE_PREFIX_PATH}:/home/nathan/dronut/install/realsense_cam:/home/nathan/dronut/install/dronut_w_cam:/home/nathan/dronut/install/dronut_description:/opt/ros/jazzy DEBUGINFOD_URLS=https://debuginfod.ubuntu.com /usr/bin/cmake --install /home/nathan/dronut/build/dronut_controller
