running egg_info
creating ../../build/dronut_description/dronut_description.egg-info
writing ../../build/dronut_description/dronut_description.egg-info/PKG-INFO
writing dependency_links to ../../build/dronut_description/dronut_description.egg-info/dependency_links.txt
writing entry points to ../../build/dronut_description/dronut_description.egg-info/entry_points.txt
writing requirements to ../../build/dronut_description/dronut_description.egg-info/requires.txt
writing top-level names to ../../build/dronut_description/dronut_description.egg-info/top_level.txt
writing manifest file '../../build/dronut_description/dronut_description.egg-info/SOURCES.txt'
reading manifest file '../../build/dronut_description/dronut_description.egg-info/SOURCES.txt'
writing manifest file '../../build/dronut_description/dronut_description.egg-info/SOURCES.txt'
running build
running build_py
creating /home/nathan/dronut/build/dronut_description/build
creating /home/nathan/dronut/build/dronut_description/build/lib
creating /home/nathan/dronut/build/dronut_description/build/lib/dronut_description
copying dronut_description/__init__.py -> /home/nathan/dronut/build/dronut_description/build/lib/dronut_description
running install
running install_lib
creating /home/nathan/dronut/install/dronut_description/lib/python3.10/site-packages/dronut_description
copying /home/nathan/dronut/build/dronut_description/build/lib/dronut_description/__init__.py -> /home/nathan/dronut/install/dronut_description/lib/python3.10/site-packages/dronut_description
byte-compiling /home/nathan/dronut/install/dronut_description/lib/python3.10/site-packages/dronut_description/__init__.py to __init__.cpython-310.pyc
running install_data
creating /home/nathan/dronut/install/dronut_description/share/ament_index
creating /home/nathan/dronut/install/dronut_description/share/ament_index/resource_index
creating /home/nathan/dronut/install/dronut_description/share/ament_index/resource_index/packages
copying resource/dronut_description -> /home/nathan/dronut/install/dronut_description/share/ament_index/resource_index/packages
copying package.xml -> /home/nathan/dronut/install/dronut_description/share/dronut_description
creating /home/nathan/dronut/install/dronut_description/share/dronut_description/launch
copying launch/drone_sim.launch.py -> /home/nathan/dronut/install/dronut_description/share/dronut_description/launch
copying launch/drone.launch.py -> /home/nathan/dronut/install/dronut_description/share/dronut_description/launch
creating /home/nathan/dronut/install/dronut_description/share/dronut_description/meshes
copying meshes/part_12.stl -> /home/nathan/dronut/install/dronut_description/share/dronut_description/meshes
copying meshes/part_4.stl -> /home/nathan/dronut/install/dronut_description/share/dronut_description/meshes
copying meshes/part_13.stl -> /home/nathan/dronut/install/dronut_description/share/dronut_description/meshes
copying meshes/part_5.stl -> /home/nathan/dronut/install/dronut_description/share/dronut_description/meshes
copying meshes/part_15.stl -> /home/nathan/dronut/install/dronut_description/share/dronut_description/meshes
copying meshes/part_1.stl -> /home/nathan/dronut/install/dronut_description/share/dronut_description/meshes
copying meshes/part_18.stl -> /home/nathan/dronut/install/dronut_description/share/dronut_description/meshes
copying meshes/part_8.stl -> /home/nathan/dronut/install/dronut_description/share/dronut_description/meshes
copying meshes/part_19.stl -> /home/nathan/dronut/install/dronut_description/share/dronut_description/meshes
copying meshes/part_3.stl -> /home/nathan/dronut/install/dronut_description/share/dronut_description/meshes
copying meshes/part_2.stl -> /home/nathan/dronut/install/dronut_description/share/dronut_description/meshes
copying meshes/part_6.stl -> /home/nathan/dronut/install/dronut_description/share/dronut_description/meshes
copying meshes/part_10.stl -> /home/nathan/dronut/install/dronut_description/share/dronut_description/meshes
copying meshes/part_11.stl -> /home/nathan/dronut/install/dronut_description/share/dronut_description/meshes
copying meshes/part_14.stl -> /home/nathan/dronut/install/dronut_description/share/dronut_description/meshes
copying meshes/part_7.stl -> /home/nathan/dronut/install/dronut_description/share/dronut_description/meshes
copying meshes/part_17.stl -> /home/nathan/dronut/install/dronut_description/share/dronut_description/meshes
copying meshes/part_9.stl -> /home/nathan/dronut/install/dronut_description/share/dronut_description/meshes
copying meshes/part_16.stl -> /home/nathan/dronut/install/dronut_description/share/dronut_description/meshes
creating /home/nathan/dronut/install/dronut_description/share/dronut_description/urdf
copying urdf/x1.urdf.xacro -> /home/nathan/dronut/install/dronut_description/share/dronut_description/urdf
copying urdf/x1.gazebo.xacro -> /home/nathan/dronut/install/dronut_description/share/dronut_description/urdf
creating /home/nathan/dronut/install/dronut_description/share/dronut_description/rviz
copying rviz/x1_view.rviz -> /home/nathan/dronut/install/dronut_description/share/dronut_description/rviz
running install_egg_info
Copying ../../build/dronut_description/dronut_description.egg-info to /home/nathan/dronut/install/dronut_description/lib/python3.10/site-packages/dronut_description-0.0.0-py3.10.egg-info
running install_scripts
writing list of installed files to '/home/nathan/dronut/build/dronut_description/install.log'
