[0.394s] Invoking command in '/home/nathan/dronut/src/dronut_description': PYTHONPATH=/home/nathan/dronut/build/dronut_description/prefix_override:/usr/lib/python3/dist-packages/colcon_core/task/python/colcon_distutils_commands:/home/nathan/dronut/install/dronut_description/lib/python3.10/site-packages:${PYTHONPATH} /usr/bin/python3 -W ignore:setup.py install is deprecated -W ignore:easy_install command is deprecated setup.py egg_info --egg-base ../../build/dronut_description build --build-base /home/nathan/dronut/build/dronut_description/build install --record /home/nathan/dronut/build/dronut_description/install.log --single-version-externally-managed install_data
[0.540s] running egg_info
[0.540s] creating ../../build/dronut_description/dronut_description.egg-info
[0.540s] writing ../../build/dronut_description/dronut_description.egg-info/PKG-INFO
[0.540s] writing dependency_links to ../../build/dronut_description/dronut_description.egg-info/dependency_links.txt
[0.540s] writing entry points to ../../build/dronut_description/dronut_description.egg-info/entry_points.txt
[0.540s] writing requirements to ../../build/dronut_description/dronut_description.egg-info/requires.txt
[0.540s] writing top-level names to ../../build/dronut_description/dronut_description.egg-info/top_level.txt
[0.540s] writing manifest file '../../build/dronut_description/dronut_description.egg-info/SOURCES.txt'
[0.541s] reading manifest file '../../build/dronut_description/dronut_description.egg-info/SOURCES.txt'
[0.542s] writing manifest file '../../build/dronut_description/dronut_description.egg-info/SOURCES.txt'
[0.542s] running build
[0.542s] running build_py
[0.542s] creating /home/nathan/dronut/build/dronut_description/build
[0.542s] creating /home/nathan/dronut/build/dronut_description/build/lib
[0.542s] creating /home/nathan/dronut/build/dronut_description/build/lib/dronut_description
[0.542s] copying dronut_description/__init__.py -> /home/nathan/dronut/build/dronut_description/build/lib/dronut_description
[0.542s] running install
[0.542s] running install_lib
[0.543s] creating /home/nathan/dronut/install/dronut_description/lib/python3.10/site-packages/dronut_description
[0.543s] copying /home/nathan/dronut/build/dronut_description/build/lib/dronut_description/__init__.py -> /home/nathan/dronut/install/dronut_description/lib/python3.10/site-packages/dronut_description
[0.543s] byte-compiling /home/nathan/dronut/install/dronut_description/lib/python3.10/site-packages/dronut_description/__init__.py to __init__.cpython-310.pyc
[0.543s] running install_data
[0.544s] creating /home/nathan/dronut/install/dronut_description/share/ament_index
[0.544s] creating /home/nathan/dronut/install/dronut_description/share/ament_index/resource_index
[0.544s] creating /home/nathan/dronut/install/dronut_description/share/ament_index/resource_index/packages
[0.544s] copying resource/dronut_description -> /home/nathan/dronut/install/dronut_description/share/ament_index/resource_index/packages
[0.544s] copying package.xml -> /home/nathan/dronut/install/dronut_description/share/dronut_description
[0.544s] creating /home/nathan/dronut/install/dronut_description/share/dronut_description/launch
[0.544s] copying launch/drone_sim.launch.py -> /home/nathan/dronut/install/dronut_description/share/dronut_description/launch
[0.544s] copying launch/drone.launch.py -> /home/nathan/dronut/install/dronut_description/share/dronut_description/launch
[0.544s] creating /home/nathan/dronut/install/dronut_description/share/dronut_description/meshes
[0.544s] copying meshes/part_12.stl -> /home/nathan/dronut/install/dronut_description/share/dronut_description/meshes
[0.544s] copying meshes/part_4.stl -> /home/nathan/dronut/install/dronut_description/share/dronut_description/meshes
[0.544s] copying meshes/part_13.stl -> /home/nathan/dronut/install/dronut_description/share/dronut_description/meshes
[0.544s] copying meshes/part_5.stl -> /home/nathan/dronut/install/dronut_description/share/dronut_description/meshes
[0.544s] copying meshes/part_15.stl -> /home/nathan/dronut/install/dronut_description/share/dronut_description/meshes
[0.544s] copying meshes/part_1.stl -> /home/nathan/dronut/install/dronut_description/share/dronut_description/meshes
[0.544s] copying meshes/part_18.stl -> /home/nathan/dronut/install/dronut_description/share/dronut_description/meshes
[0.544s] copying meshes/part_8.stl -> /home/nathan/dronut/install/dronut_description/share/dronut_description/meshes
[0.544s] copying meshes/part_19.stl -> /home/nathan/dronut/install/dronut_description/share/dronut_description/meshes
[0.545s] copying meshes/part_3.stl -> /home/nathan/dronut/install/dronut_description/share/dronut_description/meshes
[0.545s] copying meshes/part_2.stl -> /home/nathan/dronut/install/dronut_description/share/dronut_description/meshes
[0.545s] copying meshes/part_6.stl -> /home/nathan/dronut/install/dronut_description/share/dronut_description/meshes
[0.545s] copying meshes/part_10.stl -> /home/nathan/dronut/install/dronut_description/share/dronut_description/meshes
[0.545s] copying meshes/part_11.stl -> /home/nathan/dronut/install/dronut_description/share/dronut_description/meshes
[0.545s] copying meshes/part_14.stl -> /home/nathan/dronut/install/dronut_description/share/dronut_description/meshes
[0.545s] copying meshes/part_7.stl -> /home/nathan/dronut/install/dronut_description/share/dronut_description/meshes
[0.545s] copying meshes/part_17.stl -> /home/nathan/dronut/install/dronut_description/share/dronut_description/meshes
[0.545s] copying meshes/part_9.stl -> /home/nathan/dronut/install/dronut_description/share/dronut_description/meshes
[0.545s] copying meshes/part_16.stl -> /home/nathan/dronut/install/dronut_description/share/dronut_description/meshes
[0.545s] creating /home/nathan/dronut/install/dronut_description/share/dronut_description/urdf
[0.545s] copying urdf/x1.urdf.xacro -> /home/nathan/dronut/install/dronut_description/share/dronut_description/urdf
[0.545s] copying urdf/x1.gazebo.xacro -> /home/nathan/dronut/install/dronut_description/share/dronut_description/urdf
[0.545s] creating /home/nathan/dronut/install/dronut_description/share/dronut_description/rviz
[0.545s] copying rviz/x1_view.rviz -> /home/nathan/dronut/install/dronut_description/share/dronut_description/rviz
[0.545s] running install_egg_info
[0.547s] Copying ../../build/dronut_description/dronut_description.egg-info to /home/nathan/dronut/install/dronut_description/lib/python3.10/site-packages/dronut_description-0.0.0-py3.10.egg-info
[0.547s] running install_scripts
[0.562s] writing list of installed files to '/home/nathan/dronut/build/dronut_description/install.log'
[0.576s] Invoked command in '/home/nathan/dronut/src/dronut_description' returned '0': PYTHONPATH=/home/nathan/dronut/build/dronut_description/prefix_override:/usr/lib/python3/dist-packages/colcon_core/task/python/colcon_distutils_commands:/home/nathan/dronut/install/dronut_description/lib/python3.10/site-packages:${PYTHONPATH} /usr/bin/python3 -W ignore:setup.py install is deprecated -W ignore:easy_install command is deprecated setup.py egg_info --egg-base ../../build/dronut_description build --build-base /home/nathan/dronut/build/dronut_description/build install --record /home/nathan/dronut/build/dronut_description/install.log --single-version-externally-managed install_data
