/home/nathan/dronut/install/realsense_cam/lib/python3.12/site-packages/realsense_cam/__init__.py
/home/nathan/dronut/install/realsense_cam/lib/python3.12/site-packages/realsense_cam/__pycache__/__init__.cpython-312.pyc
/home/nathan/dronut/install/realsense_cam/share/ament_index/resource_index/packages/realsense_cam
/home/nathan/dronut/install/realsense_cam/share/realsense_cam/package.xml
/home/nathan/dronut/install/realsense_cam/share/realsense_cam/launch/depth.launch.py
/home/nathan/dronut/install/realsense_cam/share/realsense_cam/meshes/plug_collision.stl
/home/nathan/dronut/install/realsense_cam/share/realsense_cam/meshes/d455.stl
/home/nathan/dronut/install/realsense_cam/share/realsense_cam/meshes/plug.stl
/home/nathan/dronut/install/realsense_cam/share/realsense_cam/urdf/materials.urdf.xacro
/home/nathan/dronut/install/realsense_cam/share/realsense_cam/urdf/test_d455_camera.urdf.xacro
/home/nathan/dronut/install/realsense_cam/share/realsense_cam/urdf/d455.urdf.xacro
/home/nathan/dronut/install/realsense_cam/share/realsense_cam/urdf/usb_plug.urdf.xacro
/home/nathan/dronut/install/realsense_cam/share/realsense_cam/urdf
/home/nathan/dronut/install/realsense_cam/share/realsense_cam/rviz/camera_view.rviz
/home/nathan/dronut/install/realsense_cam/share/realsense_cam/worlds
/home/nathan/dronut/install/realsense_cam/lib/python3.12/site-packages/realsense_cam-0.0.0-py3.12.egg-info/dependency_links.txt
/home/nathan/dronut/install/realsense_cam/lib/python3.12/site-packages/realsense_cam-0.0.0-py3.12.egg-info/SOURCES.txt
/home/nathan/dronut/install/realsense_cam/lib/python3.12/site-packages/realsense_cam-0.0.0-py3.12.egg-info/requires.txt
/home/nathan/dronut/install/realsense_cam/lib/python3.12/site-packages/realsense_cam-0.0.0-py3.12.egg-info/top_level.txt
/home/nathan/dronut/install/realsense_cam/lib/python3.12/site-packages/realsense_cam-0.0.0-py3.12.egg-info/zip-safe
/home/nathan/dronut/install/realsense_cam/lib/python3.12/site-packages/realsense_cam-0.0.0-py3.12.egg-info/PKG-INFO
