[0.100s] DEBUG:colcon:Command line arguments: ['/usr/bin/colcon', 'build']
[0.100s] DEBUG:colcon:Parsed command line arguments: Namespace(log_base=None, log_level=None, verb_name='build', build_base='build', install_base='install', merge_install=False, symlink_install=False, test_result_base=None, continue_on_error=False, executor='parallel', parallel_workers=20, event_handlers=None, ignore_user_meta=False, metas=['./colcon.meta'], base_paths=['.'], packages_ignore=None, packages_ignore_regex=None, paths=None, packages_up_to=None, packages_up_to_regex=None, packages_above=None, packages_above_and_dependencies=None, packages_above_depth=None, packages_select_by_dep=None, packages_skip_by_dep=None, packages_skip_up_to=None, packages_select_build_failed=False, packages_skip_build_finished=False, packages_select_test_failures=False, packages_skip_test_passed=False, packages_select=None, packages_skip=None, packages_select_regex=None, packages_skip_regex=None, packages_start=None, packages_end=None, allow_overriding=[], cmake_args=None, cmake_target=None, cmake_target_skip_unavailable=False, cmake_clean_cache=False, cmake_clean_first=False, cmake_force_configure=False, ament_cmake_args=None, catkin_cmake_args=None, catkin_skip_building_tests=False, mixin_files=None, mixin=None, verb_parser=<colcon_mixin.mixin.mixin_argument.MixinArgumentDecorator object at 0x77f0adab3c80>, verb_extension=<colcon_core.verb.build.BuildVerb object at 0x77f0adab3500>, main=<bound method BuildVerb.main of <colcon_core.verb.build.BuildVerb object at 0x77f0adab3500>>, mixin_verb=('build',))
[0.135s] Level 1:colcon.colcon_core.package_discovery:discover_packages(colcon_meta) check parameters
[0.135s] Level 1:colcon.colcon_core.package_discovery:discover_packages(recursive) check parameters
[0.135s] Level 1:colcon.colcon_core.package_discovery:discover_packages(ignore) check parameters
[0.135s] Level 1:colcon.colcon_core.package_discovery:discover_packages(path) check parameters
[0.135s] Level 1:colcon.colcon_core.package_discovery:discover_packages(colcon_meta) discover
[0.135s] Level 1:colcon.colcon_core.package_discovery:discover_packages(recursive) discover
[0.135s] INFO:colcon.colcon_core.package_discovery:Crawling recursively for packages in '/home/nathan/dronut'
[0.135s] Level 1:colcon.colcon_core.package_identification:_identify(.) by extensions ['ignore', 'ignore_ament_install']
[0.135s] Level 1:colcon.colcon_core.package_identification:_identify(.) by extension 'ignore'
[0.135s] Level 1:colcon.colcon_core.package_identification:_identify(.) by extension 'ignore_ament_install'
[0.135s] Level 1:colcon.colcon_core.package_identification:_identify(.) by extensions ['colcon_pkg']
[0.135s] Level 1:colcon.colcon_core.package_identification:_identify(.) by extension 'colcon_pkg'
[0.135s] Level 1:colcon.colcon_core.package_identification:_identify(.) by extensions ['colcon_meta']
[0.135s] Level 1:colcon.colcon_core.package_identification:_identify(.) by extension 'colcon_meta'
[0.135s] Level 1:colcon.colcon_core.package_identification:_identify(.) by extensions ['ros']
[0.135s] Level 1:colcon.colcon_core.package_identification:_identify(.) by extension 'ros'
[0.152s] Level 1:colcon.colcon_core.package_identification:_identify(.) by extensions ['cmake', 'python']
[0.152s] Level 1:colcon.colcon_core.package_identification:_identify(.) by extension 'cmake'
[0.152s] Level 1:colcon.colcon_core.package_identification:_identify(.) by extension 'python'
[0.152s] Level 1:colcon.colcon_core.package_identification:_identify(.) by extensions ['python_setup_py']
[0.152s] Level 1:colcon.colcon_core.package_identification:_identify(.) by extension 'python_setup_py'
[0.152s] Level 1:colcon.colcon_core.package_identification:_identify(build) by extensions ['ignore', 'ignore_ament_install']
[0.153s] Level 1:colcon.colcon_core.package_identification:_identify(build) by extension 'ignore'
[0.153s] Level 1:colcon.colcon_core.package_identification:_identify(build) ignored
[0.153s] Level 1:colcon.colcon_core.package_identification:_identify(install) by extensions ['ignore', 'ignore_ament_install']
[0.153s] Level 1:colcon.colcon_core.package_identification:_identify(install) by extension 'ignore'
[0.153s] Level 1:colcon.colcon_core.package_identification:_identify(install) ignored
[0.153s] Level 1:colcon.colcon_core.package_identification:_identify(log) by extensions ['ignore', 'ignore_ament_install']
[0.153s] Level 1:colcon.colcon_core.package_identification:_identify(log) by extension 'ignore'
[0.153s] Level 1:colcon.colcon_core.package_identification:_identify(log) ignored
[0.153s] Level 1:colcon.colcon_core.package_identification:_identify(src) by extensions ['ignore', 'ignore_ament_install']
[0.153s] Level 1:colcon.colcon_core.package_identification:_identify(src) by extension 'ignore'
[0.153s] Level 1:colcon.colcon_core.package_identification:_identify(src) by extension 'ignore_ament_install'
[0.153s] Level 1:colcon.colcon_core.package_identification:_identify(src) by extensions ['colcon_pkg']
[0.153s] Level 1:colcon.colcon_core.package_identification:_identify(src) by extension 'colcon_pkg'
[0.153s] Level 1:colcon.colcon_core.package_identification:_identify(src) by extensions ['colcon_meta']
[0.153s] Level 1:colcon.colcon_core.package_identification:_identify(src) by extension 'colcon_meta'
[0.153s] Level 1:colcon.colcon_core.package_identification:_identify(src) by extensions ['ros']
[0.153s] Level 1:colcon.colcon_core.package_identification:_identify(src) by extension 'ros'
[0.153s] Level 1:colcon.colcon_core.package_identification:_identify(src) by extensions ['cmake', 'python']
[0.153s] Level 1:colcon.colcon_core.package_identification:_identify(src) by extension 'cmake'
[0.153s] Level 1:colcon.colcon_core.package_identification:_identify(src) by extension 'python'
[0.153s] Level 1:colcon.colcon_core.package_identification:_identify(src) by extensions ['python_setup_py']
[0.153s] Level 1:colcon.colcon_core.package_identification:_identify(src) by extension 'python_setup_py'
[0.153s] Level 1:colcon.colcon_core.package_identification:_identify(src/dronut_controller) by extensions ['ignore', 'ignore_ament_install']
[0.153s] Level 1:colcon.colcon_core.package_identification:_identify(src/dronut_controller) by extension 'ignore'
[0.153s] Level 1:colcon.colcon_core.package_identification:_identify(src/dronut_controller) by extension 'ignore_ament_install'
[0.153s] Level 1:colcon.colcon_core.package_identification:_identify(src/dronut_controller) by extensions ['colcon_pkg']
[0.153s] Level 1:colcon.colcon_core.package_identification:_identify(src/dronut_controller) by extension 'colcon_pkg'
[0.153s] Level 1:colcon.colcon_core.package_identification:_identify(src/dronut_controller) by extensions ['colcon_meta']
[0.153s] Level 1:colcon.colcon_core.package_identification:_identify(src/dronut_controller) by extension 'colcon_meta'
[0.153s] Level 1:colcon.colcon_core.package_identification:_identify(src/dronut_controller) by extensions ['ros']
[0.153s] Level 1:colcon.colcon_core.package_identification:_identify(src/dronut_controller) by extension 'ros'
[0.155s] DEBUG:colcon.colcon_core.package_identification:Package 'src/dronut_controller' with type 'ros.ament_cmake' and name 'dronut_controller'
[0.155s] Level 1:colcon.colcon_core.package_identification:_identify(src/dronut_description) by extensions ['ignore', 'ignore_ament_install']
[0.155s] Level 1:colcon.colcon_core.package_identification:_identify(src/dronut_description) by extension 'ignore'
[0.156s] Level 1:colcon.colcon_core.package_identification:_identify(src/dronut_description) by extension 'ignore_ament_install'
[0.156s] Level 1:colcon.colcon_core.package_identification:_identify(src/dronut_description) by extensions ['colcon_pkg']
[0.156s] Level 1:colcon.colcon_core.package_identification:_identify(src/dronut_description) by extension 'colcon_pkg'
[0.156s] Level 1:colcon.colcon_core.package_identification:_identify(src/dronut_description) by extensions ['colcon_meta']
[0.156s] Level 1:colcon.colcon_core.package_identification:_identify(src/dronut_description) by extension 'colcon_meta'
[0.156s] Level 1:colcon.colcon_core.package_identification:_identify(src/dronut_description) by extensions ['ros']
[0.156s] Level 1:colcon.colcon_core.package_identification:_identify(src/dronut_description) by extension 'ros'
[0.156s] DEBUG:colcon.colcon_core.package_identification:Package 'src/dronut_description' with type 'ros.ament_python' and name 'dronut_description'
[0.156s] Level 1:colcon.colcon_core.package_identification:_identify(src/dronut_w_cam) by extensions ['ignore', 'ignore_ament_install']
[0.156s] Level 1:colcon.colcon_core.package_identification:_identify(src/dronut_w_cam) by extension 'ignore'
[0.156s] Level 1:colcon.colcon_core.package_identification:_identify(src/dronut_w_cam) by extension 'ignore_ament_install'
[0.156s] Level 1:colcon.colcon_core.package_identification:_identify(src/dronut_w_cam) by extensions ['colcon_pkg']
[0.156s] Level 1:colcon.colcon_core.package_identification:_identify(src/dronut_w_cam) by extension 'colcon_pkg'
[0.156s] Level 1:colcon.colcon_core.package_identification:_identify(src/dronut_w_cam) by extensions ['colcon_meta']
[0.156s] Level 1:colcon.colcon_core.package_identification:_identify(src/dronut_w_cam) by extension 'colcon_meta'
[0.156s] Level 1:colcon.colcon_core.package_identification:_identify(src/dronut_w_cam) by extensions ['ros']
[0.156s] Level 1:colcon.colcon_core.package_identification:_identify(src/dronut_w_cam) by extension 'ros'
[0.156s] DEBUG:colcon.colcon_core.package_identification:Package 'src/dronut_w_cam' with type 'ros.ament_python' and name 'dronut_w_cam'
[0.157s] Level 1:colcon.colcon_core.package_identification:_identify(src/joy_test) by extensions ['ignore', 'ignore_ament_install']
[0.157s] Level 1:colcon.colcon_core.package_identification:_identify(src/joy_test) by extension 'ignore'
[0.157s] Level 1:colcon.colcon_core.package_identification:_identify(src/joy_test) by extension 'ignore_ament_install'
[0.157s] Level 1:colcon.colcon_core.package_identification:_identify(src/joy_test) by extensions ['colcon_pkg']
[0.157s] Level 1:colcon.colcon_core.package_identification:_identify(src/joy_test) by extension 'colcon_pkg'
[0.157s] Level 1:colcon.colcon_core.package_identification:_identify(src/joy_test) by extensions ['colcon_meta']
[0.157s] Level 1:colcon.colcon_core.package_identification:_identify(src/joy_test) by extension 'colcon_meta'
[0.157s] Level 1:colcon.colcon_core.package_identification:_identify(src/joy_test) by extensions ['ros']
[0.157s] Level 1:colcon.colcon_core.package_identification:_identify(src/joy_test) by extension 'ros'
[0.157s] DEBUG:colcon.colcon_core.package_identification:Package 'src/joy_test' with type 'ros.ament_cmake' and name 'joy_test'
[0.157s] Level 1:colcon.colcon_core.package_identification:_identify(src/realsense_cam) by extensions ['ignore', 'ignore_ament_install']
[0.157s] Level 1:colcon.colcon_core.package_identification:_identify(src/realsense_cam) by extension 'ignore'
[0.157s] Level 1:colcon.colcon_core.package_identification:_identify(src/realsense_cam) by extension 'ignore_ament_install'
[0.157s] Level 1:colcon.colcon_core.package_identification:_identify(src/realsense_cam) by extensions ['colcon_pkg']
[0.157s] Level 1:colcon.colcon_core.package_identification:_identify(src/realsense_cam) by extension 'colcon_pkg'
[0.157s] Level 1:colcon.colcon_core.package_identification:_identify(src/realsense_cam) by extensions ['colcon_meta']
[0.157s] Level 1:colcon.colcon_core.package_identification:_identify(src/realsense_cam) by extension 'colcon_meta'
[0.157s] Level 1:colcon.colcon_core.package_identification:_identify(src/realsense_cam) by extensions ['ros']
[0.157s] Level 1:colcon.colcon_core.package_identification:_identify(src/realsense_cam) by extension 'ros'
[0.158s] DEBUG:colcon.colcon_core.package_identification:Package 'src/realsense_cam' with type 'ros.ament_python' and name 'realsense_cam'
[0.158s] Level 1:colcon.colcon_core.package_discovery:discover_packages(recursive) using defaults
[0.158s] Level 1:colcon.colcon_core.package_discovery:discover_packages(ignore) discover
[0.158s] Level 1:colcon.colcon_core.package_discovery:discover_packages(ignore) using defaults
[0.158s] Level 1:colcon.colcon_core.package_discovery:discover_packages(path) discover
[0.158s] Level 1:colcon.colcon_core.package_discovery:discover_packages(path) using defaults
[0.172s] Level 1:colcon.colcon_core.package_discovery:discover_packages(prefix_path) check parameters
[0.172s] Level 1:colcon.colcon_core.package_discovery:discover_packages(prefix_path) discover
[0.174s] DEBUG:colcon.colcon_installed_package_information.package_discovery:Found 482 installed packages in /opt/ros/jazzy
[0.175s] Level 1:colcon.colcon_core.package_discovery:discover_packages(prefix_path) using defaults
[0.212s] Level 5:colcon.colcon_core.verb:set package 'dronut_controller' build argument 'cmake_args' from command line to 'None'
[0.212s] Level 5:colcon.colcon_core.verb:set package 'dronut_controller' build argument 'cmake_target' from command line to 'None'
[0.212s] Level 5:colcon.colcon_core.verb:set package 'dronut_controller' build argument 'cmake_target_skip_unavailable' from command line to 'False'
[0.212s] Level 5:colcon.colcon_core.verb:set package 'dronut_controller' build argument 'cmake_clean_cache' from command line to 'False'
[0.212s] Level 5:colcon.colcon_core.verb:set package 'dronut_controller' build argument 'cmake_clean_first' from command line to 'False'
[0.212s] Level 5:colcon.colcon_core.verb:set package 'dronut_controller' build argument 'cmake_force_configure' from command line to 'False'
[0.212s] Level 5:colcon.colcon_core.verb:set package 'dronut_controller' build argument 'ament_cmake_args' from command line to 'None'
[0.212s] Level 5:colcon.colcon_core.verb:set package 'dronut_controller' build argument 'catkin_cmake_args' from command line to 'None'
[0.212s] Level 5:colcon.colcon_core.verb:set package 'dronut_controller' build argument 'catkin_skip_building_tests' from command line to 'False'
[0.212s] DEBUG:colcon.colcon_core.verb:Building package 'dronut_controller' with the following arguments: {'ament_cmake_args': None, 'build_base': '/home/nathan/dronut/build/dronut_controller', 'catkin_cmake_args': None, 'catkin_skip_building_tests': False, 'cmake_args': None, 'cmake_clean_cache': False, 'cmake_clean_first': False, 'cmake_force_configure': False, 'cmake_target': None, 'cmake_target_skip_unavailable': False, 'install_base': '/home/nathan/dronut/install/dronut_controller', 'merge_install': False, 'path': '/home/nathan/dronut/src/dronut_controller', 'symlink_install': False, 'test_result_base': None}
[0.212s] Level 5:colcon.colcon_core.verb:set package 'dronut_description' build argument 'cmake_args' from command line to 'None'
[0.212s] Level 5:colcon.colcon_core.verb:set package 'dronut_description' build argument 'cmake_target' from command line to 'None'
[0.212s] Level 5:colcon.colcon_core.verb:set package 'dronut_description' build argument 'cmake_target_skip_unavailable' from command line to 'False'
[0.212s] Level 5:colcon.colcon_core.verb:set package 'dronut_description' build argument 'cmake_clean_cache' from command line to 'False'
[0.212s] Level 5:colcon.colcon_core.verb:set package 'dronut_description' build argument 'cmake_clean_first' from command line to 'False'
[0.212s] Level 5:colcon.colcon_core.verb:set package 'dronut_description' build argument 'cmake_force_configure' from command line to 'False'
[0.212s] Level 5:colcon.colcon_core.verb:set package 'dronut_description' build argument 'ament_cmake_args' from command line to 'None'
[0.212s] Level 5:colcon.colcon_core.verb:set package 'dronut_description' build argument 'catkin_cmake_args' from command line to 'None'
[0.212s] Level 5:colcon.colcon_core.verb:set package 'dronut_description' build argument 'catkin_skip_building_tests' from command line to 'False'
[0.212s] DEBUG:colcon.colcon_core.verb:Building package 'dronut_description' with the following arguments: {'ament_cmake_args': None, 'build_base': '/home/nathan/dronut/build/dronut_description', 'catkin_cmake_args': None, 'catkin_skip_building_tests': False, 'cmake_args': None, 'cmake_clean_cache': False, 'cmake_clean_first': False, 'cmake_force_configure': False, 'cmake_target': None, 'cmake_target_skip_unavailable': False, 'install_base': '/home/nathan/dronut/install/dronut_description', 'merge_install': False, 'path': '/home/nathan/dronut/src/dronut_description', 'symlink_install': False, 'test_result_base': None}
[0.212s] Level 5:colcon.colcon_core.verb:set package 'dronut_w_cam' build argument 'cmake_args' from command line to 'None'
[0.212s] Level 5:colcon.colcon_core.verb:set package 'dronut_w_cam' build argument 'cmake_target' from command line to 'None'
[0.212s] Level 5:colcon.colcon_core.verb:set package 'dronut_w_cam' build argument 'cmake_target_skip_unavailable' from command line to 'False'
[0.212s] Level 5:colcon.colcon_core.verb:set package 'dronut_w_cam' build argument 'cmake_clean_cache' from command line to 'False'
[0.212s] Level 5:colcon.colcon_core.verb:set package 'dronut_w_cam' build argument 'cmake_clean_first' from command line to 'False'
[0.212s] Level 5:colcon.colcon_core.verb:set package 'dronut_w_cam' build argument 'cmake_force_configure' from command line to 'False'
[0.212s] Level 5:colcon.colcon_core.verb:set package 'dronut_w_cam' build argument 'ament_cmake_args' from command line to 'None'
[0.212s] Level 5:colcon.colcon_core.verb:set package 'dronut_w_cam' build argument 'catkin_cmake_args' from command line to 'None'
[0.212s] Level 5:colcon.colcon_core.verb:set package 'dronut_w_cam' build argument 'catkin_skip_building_tests' from command line to 'False'
[0.212s] DEBUG:colcon.colcon_core.verb:Building package 'dronut_w_cam' with the following arguments: {'ament_cmake_args': None, 'build_base': '/home/nathan/dronut/build/dronut_w_cam', 'catkin_cmake_args': None, 'catkin_skip_building_tests': False, 'cmake_args': None, 'cmake_clean_cache': False, 'cmake_clean_first': False, 'cmake_force_configure': False, 'cmake_target': None, 'cmake_target_skip_unavailable': False, 'install_base': '/home/nathan/dronut/install/dronut_w_cam', 'merge_install': False, 'path': '/home/nathan/dronut/src/dronut_w_cam', 'symlink_install': False, 'test_result_base': None}
[0.212s] Level 5:colcon.colcon_core.verb:set package 'joy_test' build argument 'cmake_args' from command line to 'None'
[0.212s] Level 5:colcon.colcon_core.verb:set package 'joy_test' build argument 'cmake_target' from command line to 'None'
[0.213s] Level 5:colcon.colcon_core.verb:set package 'joy_test' build argument 'cmake_target_skip_unavailable' from command line to 'False'
[0.213s] Level 5:colcon.colcon_core.verb:set package 'joy_test' build argument 'cmake_clean_cache' from command line to 'False'
[0.213s] Level 5:colcon.colcon_core.verb:set package 'joy_test' build argument 'cmake_clean_first' from command line to 'False'
[0.213s] Level 5:colcon.colcon_core.verb:set package 'joy_test' build argument 'cmake_force_configure' from command line to 'False'
[0.213s] Level 5:colcon.colcon_core.verb:set package 'joy_test' build argument 'ament_cmake_args' from command line to 'None'
[0.213s] Level 5:colcon.colcon_core.verb:set package 'joy_test' build argument 'catkin_cmake_args' from command line to 'None'
[0.213s] Level 5:colcon.colcon_core.verb:set package 'joy_test' build argument 'catkin_skip_building_tests' from command line to 'False'
[0.213s] DEBUG:colcon.colcon_core.verb:Building package 'joy_test' with the following arguments: {'ament_cmake_args': None, 'build_base': '/home/nathan/dronut/build/joy_test', 'catkin_cmake_args': None, 'catkin_skip_building_tests': False, 'cmake_args': None, 'cmake_clean_cache': False, 'cmake_clean_first': False, 'cmake_force_configure': False, 'cmake_target': None, 'cmake_target_skip_unavailable': False, 'install_base': '/home/nathan/dronut/install/joy_test', 'merge_install': False, 'path': '/home/nathan/dronut/src/joy_test', 'symlink_install': False, 'test_result_base': None}
[0.213s] Level 5:colcon.colcon_core.verb:set package 'realsense_cam' build argument 'cmake_args' from command line to 'None'
[0.213s] Level 5:colcon.colcon_core.verb:set package 'realsense_cam' build argument 'cmake_target' from command line to 'None'
[0.213s] Level 5:colcon.colcon_core.verb:set package 'realsense_cam' build argument 'cmake_target_skip_unavailable' from command line to 'False'
[0.213s] Level 5:colcon.colcon_core.verb:set package 'realsense_cam' build argument 'cmake_clean_cache' from command line to 'False'
[0.213s] Level 5:colcon.colcon_core.verb:set package 'realsense_cam' build argument 'cmake_clean_first' from command line to 'False'
[0.213s] Level 5:colcon.colcon_core.verb:set package 'realsense_cam' build argument 'cmake_force_configure' from command line to 'False'
[0.213s] Level 5:colcon.colcon_core.verb:set package 'realsense_cam' build argument 'ament_cmake_args' from command line to 'None'
[0.213s] Level 5:colcon.colcon_core.verb:set package 'realsense_cam' build argument 'catkin_cmake_args' from command line to 'None'
[0.213s] Level 5:colcon.colcon_core.verb:set package 'realsense_cam' build argument 'catkin_skip_building_tests' from command line to 'False'
[0.213s] DEBUG:colcon.colcon_core.verb:Building package 'realsense_cam' with the following arguments: {'ament_cmake_args': None, 'build_base': '/home/nathan/dronut/build/realsense_cam', 'catkin_cmake_args': None, 'catkin_skip_building_tests': False, 'cmake_args': None, 'cmake_clean_cache': False, 'cmake_clean_first': False, 'cmake_force_configure': False, 'cmake_target': None, 'cmake_target_skip_unavailable': False, 'install_base': '/home/nathan/dronut/install/realsense_cam', 'merge_install': False, 'path': '/home/nathan/dronut/src/realsense_cam', 'symlink_install': False, 'test_result_base': None}
[0.213s] INFO:colcon.colcon_core.executor:Executing jobs using 'parallel' executor
[0.214s] DEBUG:colcon.colcon_parallel_executor.executor.parallel:run_until_complete
[0.214s] INFO:colcon.colcon_ros.task.ament_cmake.build:Building ROS package in '/home/nathan/dronut/src/dronut_controller' with build type 'ament_cmake'
[0.214s] INFO:colcon.colcon_cmake.task.cmake.build:Building CMake package in '/home/nathan/dronut/src/dronut_controller'
[0.216s] INFO:colcon.colcon_core.plugin_system:Skipping extension 'colcon_core.shell.bat': Not used on non-Windows systems
[0.216s] INFO:colcon.colcon_core.shell:Skip shell extension 'powershell' for command environment: Not usable outside of PowerShell
[0.216s] DEBUG:colcon.colcon_core.shell:Skip shell extension 'dsv' for command environment
[0.219s] INFO:colcon.colcon_ros.task.ament_python.build:Building ROS package in '/home/nathan/dronut/src/dronut_description' with build type 'ament_python'
[0.219s] Level 1:colcon.colcon_core.shell:create_environment_hook('dronut_description', 'ament_prefix_path')
[0.219s] INFO:colcon.colcon_core.shell:Creating environment hook '/home/nathan/dronut/install/dronut_description/share/dronut_description/hook/ament_prefix_path.ps1'
[0.220s] INFO:colcon.colcon_core.shell:Creating environment descriptor '/home/nathan/dronut/install/dronut_description/share/dronut_description/hook/ament_prefix_path.dsv'
[0.220s] INFO:colcon.colcon_core.shell:Creating environment hook '/home/nathan/dronut/install/dronut_description/share/dronut_description/hook/ament_prefix_path.sh'
[0.221s] INFO:colcon.colcon_core.shell:Skip shell extension 'powershell' for command environment: Not usable outside of PowerShell
[0.221s] DEBUG:colcon.colcon_core.shell:Skip shell extension 'dsv' for command environment
[0.223s] INFO:colcon.colcon_ros.task.ament_python.build:Building ROS package in '/home/nathan/dronut/src/dronut_w_cam' with build type 'ament_python'
[0.223s] Level 1:colcon.colcon_core.shell:create_environment_hook('dronut_w_cam', 'ament_prefix_path')
[0.223s] INFO:colcon.colcon_core.shell:Creating environment hook '/home/nathan/dronut/install/dronut_w_cam/share/dronut_w_cam/hook/ament_prefix_path.ps1'
[0.224s] INFO:colcon.colcon_core.shell:Creating environment descriptor '/home/nathan/dronut/install/dronut_w_cam/share/dronut_w_cam/hook/ament_prefix_path.dsv'
[0.224s] INFO:colcon.colcon_core.shell:Creating environment hook '/home/nathan/dronut/install/dronut_w_cam/share/dronut_w_cam/hook/ament_prefix_path.sh'
[0.224s] INFO:colcon.colcon_core.shell:Skip shell extension 'powershell' for command environment: Not usable outside of PowerShell
[0.224s] DEBUG:colcon.colcon_core.shell:Skip shell extension 'dsv' for command environment
[0.233s] INFO:colcon.colcon_ros.task.ament_cmake.build:Building ROS package in '/home/nathan/dronut/src/joy_test' with build type 'ament_cmake'
[0.233s] INFO:colcon.colcon_cmake.task.cmake.build:Building CMake package in '/home/nathan/dronut/src/joy_test'
[0.233s] INFO:colcon.colcon_core.shell:Skip shell extension 'powershell' for command environment: Not usable outside of PowerShell
[0.233s] DEBUG:colcon.colcon_core.shell:Skip shell extension 'dsv' for command environment
[0.236s] INFO:colcon.colcon_ros.task.ament_python.build:Building ROS package in '/home/nathan/dronut/src/realsense_cam' with build type 'ament_python'
[0.236s] Level 1:colcon.colcon_core.shell:create_environment_hook('realsense_cam', 'ament_prefix_path')
[0.236s] INFO:colcon.colcon_core.shell:Creating environment hook '/home/nathan/dronut/install/realsense_cam/share/realsense_cam/hook/ament_prefix_path.ps1'
[0.237s] INFO:colcon.colcon_core.shell:Creating environment descriptor '/home/nathan/dronut/install/realsense_cam/share/realsense_cam/hook/ament_prefix_path.dsv'
[0.237s] INFO:colcon.colcon_core.shell:Creating environment hook '/home/nathan/dronut/install/realsense_cam/share/realsense_cam/hook/ament_prefix_path.sh'
[0.237s] INFO:colcon.colcon_core.shell:Skip shell extension 'powershell' for command environment: Not usable outside of PowerShell
[0.237s] DEBUG:colcon.colcon_core.shell:Skip shell extension 'dsv' for command environment
[0.246s] DEBUG:colcon.colcon_core.event_handler.log_command:Invoking command in '/home/nathan/dronut/build/dronut_controller': CMAKE_PREFIX_PATH=${CMAKE_PREFIX_PATH}:/opt/ros/jazzy DEBUGINFOD_URLS=https://debuginfod.ubuntu.com /usr/bin/cmake /home/nathan/dronut/src/dronut_controller -DCMAKE_INSTALL_PREFIX=/home/nathan/dronut/install/dronut_controller
[0.428s] INFO:colcon.colcon_core.task.python.build:Building Python package in '/home/nathan/dronut/src/dronut_description'
[0.428s] INFO:colcon.colcon_core.shell:Skip shell extension 'powershell' for command environment: Not usable outside of PowerShell
[0.428s] DEBUG:colcon.colcon_core.shell:Skip shell extension 'dsv' for command environment
[0.613s] INFO:colcon.colcon_core.task.python.build:Building Python package in '/home/nathan/dronut/src/dronut_w_cam'
[0.614s] INFO:colcon.colcon_core.shell:Skip shell extension 'powershell' for command environment: Not usable outside of PowerShell
[0.614s] DEBUG:colcon.colcon_core.shell:Skip shell extension 'dsv' for command environment
[0.618s] DEBUG:colcon.colcon_core.event_handler.log_command:Invoking command in '/home/nathan/dronut/build/joy_test': CMAKE_PREFIX_PATH=${CMAKE_PREFIX_PATH}:/opt/ros/jazzy DEBUGINFOD_URLS=https://debuginfod.ubuntu.com /usr/bin/cmake /home/nathan/dronut/src/joy_test -DCMAKE_INSTALL_PREFIX=/home/nathan/dronut/install/joy_test
[0.806s] INFO:colcon.colcon_core.task.python.build:Building Python package in '/home/nathan/dronut/src/realsense_cam'
[0.806s] INFO:colcon.colcon_core.shell:Skip shell extension 'powershell' for command environment: Not usable outside of PowerShell
[0.806s] DEBUG:colcon.colcon_core.shell:Skip shell extension 'dsv' for command environment
[1.357s] DEBUG:colcon.colcon_core.event_handler.log_command:Invoking command in '/home/nathan/dronut/src/dronut_w_cam': DEBUGINFOD_URLS=https://debuginfod.ubuntu.com PYTHONPATH=/home/nathan/dronut/build/dronut_w_cam/prefix_override:/usr/lib/python3/dist-packages/colcon_core/task/python/colcon_distutils_commands:/home/nathan/dronut/install/dronut_w_cam/lib/python3.12/site-packages:${PYTHONPATH} /usr/bin/python3 -W ignore:setup.py install is deprecated -W ignore:easy_install command is deprecated setup.py egg_info --egg-base ../../build/dronut_w_cam build --build-base /home/nathan/dronut/build/dronut_w_cam/build install --record /home/nathan/dronut/build/dronut_w_cam/install.log --single-version-externally-managed install_data
[1.363s] DEBUG:colcon.colcon_core.event_handler.log_command:Invoking command in '/home/nathan/dronut/src/realsense_cam': DEBUGINFOD_URLS=https://debuginfod.ubuntu.com PYTHONPATH=/home/nathan/dronut/build/realsense_cam/prefix_override:/usr/lib/python3/dist-packages/colcon_core/task/python/colcon_distutils_commands:/home/nathan/dronut/install/realsense_cam/lib/python3.12/site-packages:${PYTHONPATH} /usr/bin/python3 -W ignore:setup.py install is deprecated -W ignore:easy_install command is deprecated setup.py egg_info --egg-base ../../build/realsense_cam build --build-base /home/nathan/dronut/build/realsense_cam/build install --record /home/nathan/dronut/build/realsense_cam/install.log --single-version-externally-managed install_data
[1.376s] DEBUG:colcon.colcon_core.event_handler.log_command:Invoking command in '/home/nathan/dronut/src/dronut_description': DEBUGINFOD_URLS=https://debuginfod.ubuntu.com PYTHONPATH=/home/nathan/dronut/build/dronut_description/prefix_override:/usr/lib/python3/dist-packages/colcon_core/task/python/colcon_distutils_commands:/home/nathan/dronut/install/dronut_description/lib/python3.12/site-packages:${PYTHONPATH} /usr/bin/python3 -W ignore:setup.py install is deprecated -W ignore:easy_install command is deprecated setup.py egg_info --egg-base ../../build/dronut_description build --build-base /home/nathan/dronut/build/dronut_description/build install --record /home/nathan/dronut/build/dronut_description/install.log --single-version-externally-managed install_data
[1.840s] DEBUG:colcon.colcon_core.event_handler.log_command:Invoked command in '/home/nathan/dronut/src/realsense_cam' returned '0': DEBUGINFOD_URLS=https://debuginfod.ubuntu.com PYTHONPATH=/home/nathan/dronut/build/realsense_cam/prefix_override:/usr/lib/python3/dist-packages/colcon_core/task/python/colcon_distutils_commands:/home/nathan/dronut/install/realsense_cam/lib/python3.12/site-packages:${PYTHONPATH} /usr/bin/python3 -W ignore:setup.py install is deprecated -W ignore:easy_install command is deprecated setup.py egg_info --egg-base ../../build/realsense_cam build --build-base /home/nathan/dronut/build/realsense_cam/build install --record /home/nathan/dronut/build/realsense_cam/install.log --single-version-externally-managed install_data
[1.842s] Level 1:colcon.colcon_core.environment:checking '/home/nathan/dronut/install/realsense_cam' for CMake module files
[1.842s] Level 1:colcon.colcon_core.environment:checking '/home/nathan/dronut/install/realsense_cam' for CMake config files
[1.843s] Level 1:colcon.colcon_core.environment:checking '/home/nathan/dronut/install/realsense_cam/lib'
[1.843s] Level 1:colcon.colcon_core.environment:checking '/home/nathan/dronut/install/realsense_cam/bin'
[1.843s] Level 1:colcon.colcon_core.environment:checking '/home/nathan/dronut/install/realsense_cam/lib/pkgconfig/realsense_cam.pc'
[1.843s] Level 1:colcon.colcon_core.environment:checking '/home/nathan/dronut/install/realsense_cam/lib/python3.12/site-packages'
[1.843s] Level 1:colcon.colcon_core.shell:create_environment_hook('realsense_cam', 'pythonpath')
[1.843s] INFO:colcon.colcon_core.shell:Creating environment hook '/home/nathan/dronut/install/realsense_cam/share/realsense_cam/hook/pythonpath.ps1'
[1.844s] INFO:colcon.colcon_core.shell:Creating environment descriptor '/home/nathan/dronut/install/realsense_cam/share/realsense_cam/hook/pythonpath.dsv'
[1.844s] INFO:colcon.colcon_core.shell:Creating environment hook '/home/nathan/dronut/install/realsense_cam/share/realsense_cam/hook/pythonpath.sh'
[1.845s] Level 1:colcon.colcon_core.environment:checking '/home/nathan/dronut/install/realsense_cam/bin'
[1.845s] Level 1:colcon.colcon_core.environment:create_environment_scripts_only(realsense_cam)
[1.845s] INFO:colcon.colcon_core.shell:Creating package script '/home/nathan/dronut/install/realsense_cam/share/realsense_cam/package.ps1'
[1.846s] INFO:colcon.colcon_core.shell:Creating package descriptor '/home/nathan/dronut/install/realsense_cam/share/realsense_cam/package.dsv'
[1.846s] INFO:colcon.colcon_core.shell:Creating package script '/home/nathan/dronut/install/realsense_cam/share/realsense_cam/package.sh'
[1.846s] INFO:colcon.colcon_core.shell:Creating package script '/home/nathan/dronut/install/realsense_cam/share/realsense_cam/package.bash'
[1.847s] INFO:colcon.colcon_core.shell:Creating package script '/home/nathan/dronut/install/realsense_cam/share/realsense_cam/package.zsh'
[1.847s] Level 1:colcon.colcon_core.environment:create_file_with_runtime_dependencies(/home/nathan/dronut/install/realsense_cam/share/colcon-core/packages/realsense_cam)
[1.850s] DEBUG:colcon.colcon_core.event_handler.log_command:Invoked command in '/home/nathan/dronut/build/dronut_controller' returned '0': CMAKE_PREFIX_PATH=${CMAKE_PREFIX_PATH}:/opt/ros/jazzy DEBUGINFOD_URLS=https://debuginfod.ubuntu.com /usr/bin/cmake /home/nathan/dronut/src/dronut_controller -DCMAKE_INSTALL_PREFIX=/home/nathan/dronut/install/dronut_controller
[1.851s] DEBUG:colcon.colcon_core.event_handler.log_command:Invoking command in '/home/nathan/dronut/build/dronut_controller': CMAKE_PREFIX_PATH=${CMAKE_PREFIX_PATH}:/opt/ros/jazzy DEBUGINFOD_URLS=https://debuginfod.ubuntu.com /usr/bin/cmake --build /home/nathan/dronut/build/dronut_controller -- -j20 -l20
[1.852s] Level 1:colcon.colcon_core.environment:checking '/home/nathan/dronut/install/dronut_w_cam' for CMake module files
[1.853s] Level 1:colcon.colcon_core.environment:checking '/home/nathan/dronut/install/dronut_w_cam' for CMake config files
[1.853s] DEBUG:colcon.colcon_core.event_handler.log_command:Invoked command in '/home/nathan/dronut/src/dronut_w_cam' returned '0': DEBUGINFOD_URLS=https://debuginfod.ubuntu.com PYTHONPATH=/home/nathan/dronut/build/dronut_w_cam/prefix_override:/usr/lib/python3/dist-packages/colcon_core/task/python/colcon_distutils_commands:/home/nathan/dronut/install/dronut_w_cam/lib/python3.12/site-packages:${PYTHONPATH} /usr/bin/python3 -W ignore:setup.py install is deprecated -W ignore:easy_install command is deprecated setup.py egg_info --egg-base ../../build/dronut_w_cam build --build-base /home/nathan/dronut/build/dronut_w_cam/build install --record /home/nathan/dronut/build/dronut_w_cam/install.log --single-version-externally-managed install_data
[1.854s] Level 1:colcon.colcon_core.environment:checking '/home/nathan/dronut/install/dronut_w_cam/lib'
[1.854s] Level 1:colcon.colcon_core.environment:checking '/home/nathan/dronut/install/dronut_w_cam/bin'
[1.854s] Level 1:colcon.colcon_core.environment:checking '/home/nathan/dronut/install/dronut_w_cam/lib/pkgconfig/dronut_w_cam.pc'
[1.854s] Level 1:colcon.colcon_core.environment:checking '/home/nathan/dronut/install/dronut_w_cam/lib/python3.12/site-packages'
[1.854s] Level 1:colcon.colcon_core.shell:create_environment_hook('dronut_w_cam', 'pythonpath')
[1.854s] INFO:colcon.colcon_core.shell:Creating environment hook '/home/nathan/dronut/install/dronut_w_cam/share/dronut_w_cam/hook/pythonpath.ps1'
[1.854s] INFO:colcon.colcon_core.shell:Creating environment descriptor '/home/nathan/dronut/install/dronut_w_cam/share/dronut_w_cam/hook/pythonpath.dsv'
[1.855s] INFO:colcon.colcon_core.shell:Creating environment hook '/home/nathan/dronut/install/dronut_w_cam/share/dronut_w_cam/hook/pythonpath.sh'
[1.855s] Level 1:colcon.colcon_core.environment:checking '/home/nathan/dronut/install/dronut_w_cam/bin'
[1.855s] Level 1:colcon.colcon_core.environment:create_environment_scripts_only(dronut_w_cam)
[1.855s] INFO:colcon.colcon_core.shell:Creating package script '/home/nathan/dronut/install/dronut_w_cam/share/dronut_w_cam/package.ps1'
[1.855s] INFO:colcon.colcon_core.shell:Creating package descriptor '/home/nathan/dronut/install/dronut_w_cam/share/dronut_w_cam/package.dsv'
[1.856s] INFO:colcon.colcon_core.shell:Creating package script '/home/nathan/dronut/install/dronut_w_cam/share/dronut_w_cam/package.sh'
[1.856s] INFO:colcon.colcon_core.shell:Creating package script '/home/nathan/dronut/install/dronut_w_cam/share/dronut_w_cam/package.bash'
[1.856s] INFO:colcon.colcon_core.shell:Creating package script '/home/nathan/dronut/install/dronut_w_cam/share/dronut_w_cam/package.zsh'
[1.856s] Level 1:colcon.colcon_core.environment:create_file_with_runtime_dependencies(/home/nathan/dronut/install/dronut_w_cam/share/colcon-core/packages/dronut_w_cam)
[1.868s] Level 1:colcon.colcon_core.environment:checking '/home/nathan/dronut/install/dronut_description' for CMake module files
[1.869s] DEBUG:colcon.colcon_core.event_handler.log_command:Invoked command in '/home/nathan/dronut/src/dronut_description' returned '0': DEBUGINFOD_URLS=https://debuginfod.ubuntu.com PYTHONPATH=/home/nathan/dronut/build/dronut_description/prefix_override:/usr/lib/python3/dist-packages/colcon_core/task/python/colcon_distutils_commands:/home/nathan/dronut/install/dronut_description/lib/python3.12/site-packages:${PYTHONPATH} /usr/bin/python3 -W ignore:setup.py install is deprecated -W ignore:easy_install command is deprecated setup.py egg_info --egg-base ../../build/dronut_description build --build-base /home/nathan/dronut/build/dronut_description/build install --record /home/nathan/dronut/build/dronut_description/install.log --single-version-externally-managed install_data
[1.869s] Level 1:colcon.colcon_core.environment:checking '/home/nathan/dronut/install/dronut_description' for CMake config files
[1.869s] Level 1:colcon.colcon_core.environment:checking '/home/nathan/dronut/install/dronut_description/lib'
[1.869s] Level 1:colcon.colcon_core.environment:checking '/home/nathan/dronut/install/dronut_description/bin'
[1.869s] Level 1:colcon.colcon_core.environment:checking '/home/nathan/dronut/install/dronut_description/lib/pkgconfig/dronut_description.pc'
[1.870s] Level 1:colcon.colcon_core.environment:checking '/home/nathan/dronut/install/dronut_description/lib/python3.12/site-packages'
[1.870s] Level 1:colcon.colcon_core.shell:create_environment_hook('dronut_description', 'pythonpath')
[1.870s] INFO:colcon.colcon_core.shell:Creating environment hook '/home/nathan/dronut/install/dronut_description/share/dronut_description/hook/pythonpath.ps1'
[1.870s] INFO:colcon.colcon_core.shell:Creating environment descriptor '/home/nathan/dronut/install/dronut_description/share/dronut_description/hook/pythonpath.dsv'
[1.870s] INFO:colcon.colcon_core.shell:Creating environment hook '/home/nathan/dronut/install/dronut_description/share/dronut_description/hook/pythonpath.sh'
[1.871s] Level 1:colcon.colcon_core.environment:checking '/home/nathan/dronut/install/dronut_description/bin'
[1.871s] Level 1:colcon.colcon_core.environment:create_environment_scripts_only(dronut_description)
[1.871s] INFO:colcon.colcon_core.shell:Creating package script '/home/nathan/dronut/install/dronut_description/share/dronut_description/package.ps1'
[1.871s] INFO:colcon.colcon_core.shell:Creating package descriptor '/home/nathan/dronut/install/dronut_description/share/dronut_description/package.dsv'
[1.872s] INFO:colcon.colcon_core.shell:Creating package script '/home/nathan/dronut/install/dronut_description/share/dronut_description/package.sh'
[1.872s] INFO:colcon.colcon_core.shell:Creating package script '/home/nathan/dronut/install/dronut_description/share/dronut_description/package.bash'
[1.872s] INFO:colcon.colcon_core.shell:Creating package script '/home/nathan/dronut/install/dronut_description/share/dronut_description/package.zsh'
[1.873s] Level 1:colcon.colcon_core.environment:create_file_with_runtime_dependencies(/home/nathan/dronut/install/dronut_description/share/colcon-core/packages/dronut_description)
[1.889s] DEBUG:colcon.colcon_core.event_handler.log_command:Invoked command in '/home/nathan/dronut/build/joy_test' returned '0': CMAKE_PREFIX_PATH=${CMAKE_PREFIX_PATH}:/opt/ros/jazzy DEBUGINFOD_URLS=https://debuginfod.ubuntu.com /usr/bin/cmake /home/nathan/dronut/src/joy_test -DCMAKE_INSTALL_PREFIX=/home/nathan/dronut/install/joy_test
[1.890s] DEBUG:colcon.colcon_core.event_handler.log_command:Invoking command in '/home/nathan/dronut/build/joy_test': CMAKE_PREFIX_PATH=${CMAKE_PREFIX_PATH}:/opt/ros/jazzy DEBUGINFOD_URLS=https://debuginfod.ubuntu.com /usr/bin/cmake --build /home/nathan/dronut/build/joy_test -- -j20 -l20
[8.701s] DEBUG:colcon.colcon_core.event_handler.log_command:Invoked command in '/home/nathan/dronut/build/joy_test' returned '0': CMAKE_PREFIX_PATH=${CMAKE_PREFIX_PATH}:/opt/ros/jazzy DEBUGINFOD_URLS=https://debuginfod.ubuntu.com /usr/bin/cmake --build /home/nathan/dronut/build/joy_test -- -j20 -l20
[8.710s] DEBUG:colcon.colcon_core.event_handler.log_command:Invoking command in '/home/nathan/dronut/build/joy_test': CMAKE_PREFIX_PATH=${CMAKE_PREFIX_PATH}:/opt/ros/jazzy DEBUGINFOD_URLS=https://debuginfod.ubuntu.com /usr/bin/cmake --install /home/nathan/dronut/build/joy_test
[8.723s] Level 1:colcon.colcon_core.environment:create_environment_scripts_only(joy_test)
[8.723s] Level 1:colcon.colcon_core.environment:checking '/home/nathan/dronut/install/joy_test' for CMake module files
[8.724s] DEBUG:colcon.colcon_core.event_handler.log_command:Invoked command in '/home/nathan/dronut/build/joy_test' returned '0': CMAKE_PREFIX_PATH=${CMAKE_PREFIX_PATH}:/opt/ros/jazzy DEBUGINFOD_URLS=https://debuginfod.ubuntu.com /usr/bin/cmake --install /home/nathan/dronut/build/joy_test
[8.724s] Level 1:colcon.colcon_core.environment:checking '/home/nathan/dronut/install/joy_test' for CMake config files
[8.724s] Level 1:colcon.colcon_core.shell:create_environment_hook('joy_test', 'cmake_prefix_path')
[8.724s] INFO:colcon.colcon_core.shell:Creating environment hook '/home/nathan/dronut/install/joy_test/share/joy_test/hook/cmake_prefix_path.ps1'
[8.724s] INFO:colcon.colcon_core.shell:Creating environment descriptor '/home/nathan/dronut/install/joy_test/share/joy_test/hook/cmake_prefix_path.dsv'
[8.725s] INFO:colcon.colcon_core.shell:Creating environment hook '/home/nathan/dronut/install/joy_test/share/joy_test/hook/cmake_prefix_path.sh'
[8.725s] Level 1:colcon.colcon_core.environment:checking '/home/nathan/dronut/install/joy_test/lib'
[8.725s] Level 1:colcon.colcon_core.environment:checking '/home/nathan/dronut/install/joy_test/bin'
[8.725s] Level 1:colcon.colcon_core.environment:checking '/home/nathan/dronut/install/joy_test/lib/pkgconfig/joy_test.pc'
[8.725s] Level 1:colcon.colcon_core.environment:checking '/home/nathan/dronut/install/joy_test/lib/python3.12/site-packages'
[8.725s] Level 1:colcon.colcon_core.environment:checking '/home/nathan/dronut/install/joy_test/bin'
[8.725s] INFO:colcon.colcon_core.shell:Creating package script '/home/nathan/dronut/install/joy_test/share/joy_test/package.ps1'
[8.726s] INFO:colcon.colcon_core.shell:Creating package descriptor '/home/nathan/dronut/install/joy_test/share/joy_test/package.dsv'
[8.726s] INFO:colcon.colcon_core.shell:Creating package script '/home/nathan/dronut/install/joy_test/share/joy_test/package.sh'
[8.726s] INFO:colcon.colcon_core.shell:Creating package script '/home/nathan/dronut/install/joy_test/share/joy_test/package.bash'
[8.726s] INFO:colcon.colcon_core.shell:Creating package script '/home/nathan/dronut/install/joy_test/share/joy_test/package.zsh'
[8.727s] Level 1:colcon.colcon_core.environment:create_file_with_runtime_dependencies(/home/nathan/dronut/install/joy_test/share/colcon-core/packages/joy_test)
[8.727s] Level 1:colcon.colcon_core.environment:create_environment_scripts_only(joy_test)
[8.727s] Level 1:colcon.colcon_core.environment:checking '/home/nathan/dronut/install/joy_test' for CMake module files
[8.727s] Level 1:colcon.colcon_core.environment:checking '/home/nathan/dronut/install/joy_test' for CMake config files
[8.727s] Level 1:colcon.colcon_core.shell:create_environment_hook('joy_test', 'cmake_prefix_path')
[8.727s] INFO:colcon.colcon_core.shell:Creating environment hook '/home/nathan/dronut/install/joy_test/share/joy_test/hook/cmake_prefix_path.ps1'
[8.728s] INFO:colcon.colcon_core.shell:Creating environment descriptor '/home/nathan/dronut/install/joy_test/share/joy_test/hook/cmake_prefix_path.dsv'
[8.728s] INFO:colcon.colcon_core.shell:Creating environment hook '/home/nathan/dronut/install/joy_test/share/joy_test/hook/cmake_prefix_path.sh'
[8.728s] Level 1:colcon.colcon_core.environment:checking '/home/nathan/dronut/install/joy_test/lib'
[8.728s] Level 1:colcon.colcon_core.environment:checking '/home/nathan/dronut/install/joy_test/bin'
[8.728s] Level 1:colcon.colcon_core.environment:checking '/home/nathan/dronut/install/joy_test/lib/pkgconfig/joy_test.pc'
[8.728s] Level 1:colcon.colcon_core.environment:checking '/home/nathan/dronut/install/joy_test/lib/python3.12/site-packages'
[8.729s] Level 1:colcon.colcon_core.environment:checking '/home/nathan/dronut/install/joy_test/bin'
[8.729s] INFO:colcon.colcon_core.shell:Creating package script '/home/nathan/dronut/install/joy_test/share/joy_test/package.ps1'
[8.729s] INFO:colcon.colcon_core.shell:Creating package descriptor '/home/nathan/dronut/install/joy_test/share/joy_test/package.dsv'
[8.729s] INFO:colcon.colcon_core.shell:Creating package script '/home/nathan/dronut/install/joy_test/share/joy_test/package.sh'
[8.729s] INFO:colcon.colcon_core.shell:Creating package script '/home/nathan/dronut/install/joy_test/share/joy_test/package.bash'
[8.730s] INFO:colcon.colcon_core.shell:Creating package script '/home/nathan/dronut/install/joy_test/share/joy_test/package.zsh'
[8.730s] Level 1:colcon.colcon_core.environment:create_file_with_runtime_dependencies(/home/nathan/dronut/install/joy_test/share/colcon-core/packages/joy_test)
[9.358s] DEBUG:colcon.colcon_core.event_handler.log_command:Invoked command in '/home/nathan/dronut/build/dronut_controller' returned '0': CMAKE_PREFIX_PATH=${CMAKE_PREFIX_PATH}:/opt/ros/jazzy DEBUGINFOD_URLS=https://debuginfod.ubuntu.com /usr/bin/cmake --build /home/nathan/dronut/build/dronut_controller -- -j20 -l20
[9.359s] DEBUG:colcon.colcon_core.event_handler.log_command:Invoking command in '/home/nathan/dronut/build/dronut_controller': CMAKE_PREFIX_PATH=${CMAKE_PREFIX_PATH}:/opt/ros/jazzy DEBUGINFOD_URLS=https://debuginfod.ubuntu.com /usr/bin/cmake --install /home/nathan/dronut/build/dronut_controller
[9.377s] Level 1:colcon.colcon_core.environment:create_environment_scripts_only(dronut_controller)
[9.378s] DEBUG:colcon.colcon_core.event_handler.log_command:Invoked command in '/home/nathan/dronut/build/dronut_controller' returned '0': CMAKE_PREFIX_PATH=${CMAKE_PREFIX_PATH}:/opt/ros/jazzy DEBUGINFOD_URLS=https://debuginfod.ubuntu.com /usr/bin/cmake --install /home/nathan/dronut/build/dronut_controller
[9.378s] Level 1:colcon.colcon_core.environment:checking '/home/nathan/dronut/install/dronut_controller' for CMake module files
[9.378s] Level 1:colcon.colcon_core.environment:checking '/home/nathan/dronut/install/dronut_controller' for CMake config files
[9.378s] Level 1:colcon.colcon_core.shell:create_environment_hook('dronut_controller', 'cmake_prefix_path')
[9.378s] INFO:colcon.colcon_core.shell:Creating environment hook '/home/nathan/dronut/install/dronut_controller/share/dronut_controller/hook/cmake_prefix_path.ps1'
[9.379s] INFO:colcon.colcon_core.shell:Creating environment descriptor '/home/nathan/dronut/install/dronut_controller/share/dronut_controller/hook/cmake_prefix_path.dsv'
[9.379s] INFO:colcon.colcon_core.shell:Creating environment hook '/home/nathan/dronut/install/dronut_controller/share/dronut_controller/hook/cmake_prefix_path.sh'
[9.379s] Level 1:colcon.colcon_core.environment:checking '/home/nathan/dronut/install/dronut_controller/lib'
[9.379s] Level 1:colcon.colcon_core.environment:checking '/home/nathan/dronut/install/dronut_controller/bin'
[9.379s] Level 1:colcon.colcon_core.environment:checking '/home/nathan/dronut/install/dronut_controller/lib/pkgconfig/dronut_controller.pc'
[9.380s] Level 1:colcon.colcon_core.environment:checking '/home/nathan/dronut/install/dronut_controller/lib/python3.12/site-packages'
[9.380s] Level 1:colcon.colcon_core.environment:checking '/home/nathan/dronut/install/dronut_controller/bin'
[9.380s] INFO:colcon.colcon_core.shell:Creating package script '/home/nathan/dronut/install/dronut_controller/share/dronut_controller/package.ps1'
[9.380s] INFO:colcon.colcon_core.shell:Creating package descriptor '/home/nathan/dronut/install/dronut_controller/share/dronut_controller/package.dsv'
[9.380s] INFO:colcon.colcon_core.shell:Creating package script '/home/nathan/dronut/install/dronut_controller/share/dronut_controller/package.sh'
[9.381s] INFO:colcon.colcon_core.shell:Creating package script '/home/nathan/dronut/install/dronut_controller/share/dronut_controller/package.bash'
[9.381s] INFO:colcon.colcon_core.shell:Creating package script '/home/nathan/dronut/install/dronut_controller/share/dronut_controller/package.zsh'
[9.381s] Level 1:colcon.colcon_core.environment:create_file_with_runtime_dependencies(/home/nathan/dronut/install/dronut_controller/share/colcon-core/packages/dronut_controller)
[9.381s] Level 1:colcon.colcon_core.environment:create_environment_scripts_only(dronut_controller)
[9.381s] Level 1:colcon.colcon_core.environment:checking '/home/nathan/dronut/install/dronut_controller' for CMake module files
[9.382s] Level 1:colcon.colcon_core.environment:checking '/home/nathan/dronut/install/dronut_controller' for CMake config files
[9.382s] Level 1:colcon.colcon_core.shell:create_environment_hook('dronut_controller', 'cmake_prefix_path')
[9.382s] INFO:colcon.colcon_core.shell:Creating environment hook '/home/nathan/dronut/install/dronut_controller/share/dronut_controller/hook/cmake_prefix_path.ps1'
[9.382s] INFO:colcon.colcon_core.shell:Creating environment descriptor '/home/nathan/dronut/install/dronut_controller/share/dronut_controller/hook/cmake_prefix_path.dsv'
[9.382s] INFO:colcon.colcon_core.shell:Creating environment hook '/home/nathan/dronut/install/dronut_controller/share/dronut_controller/hook/cmake_prefix_path.sh'
[9.383s] Level 1:colcon.colcon_core.environment:checking '/home/nathan/dronut/install/dronut_controller/lib'
[9.383s] Level 1:colcon.colcon_core.environment:checking '/home/nathan/dronut/install/dronut_controller/bin'
[9.383s] Level 1:colcon.colcon_core.environment:checking '/home/nathan/dronut/install/dronut_controller/lib/pkgconfig/dronut_controller.pc'
[9.383s] Level 1:colcon.colcon_core.environment:checking '/home/nathan/dronut/install/dronut_controller/lib/python3.12/site-packages'
[9.383s] Level 1:colcon.colcon_core.environment:checking '/home/nathan/dronut/install/dronut_controller/bin'
[9.383s] INFO:colcon.colcon_core.shell:Creating package script '/home/nathan/dronut/install/dronut_controller/share/dronut_controller/package.ps1'
[9.383s] INFO:colcon.colcon_core.shell:Creating package descriptor '/home/nathan/dronut/install/dronut_controller/share/dronut_controller/package.dsv'
[9.384s] INFO:colcon.colcon_core.shell:Creating package script '/home/nathan/dronut/install/dronut_controller/share/dronut_controller/package.sh'
[9.384s] INFO:colcon.colcon_core.shell:Creating package script '/home/nathan/dronut/install/dronut_controller/share/dronut_controller/package.bash'
[9.384s] INFO:colcon.colcon_core.shell:Creating package script '/home/nathan/dronut/install/dronut_controller/share/dronut_controller/package.zsh'
[9.384s] Level 1:colcon.colcon_core.environment:create_file_with_runtime_dependencies(/home/nathan/dronut/install/dronut_controller/share/colcon-core/packages/dronut_controller)
[9.385s] DEBUG:colcon.colcon_parallel_executor.executor.parallel:closing loop
[9.385s] DEBUG:colcon.colcon_parallel_executor.executor.parallel:loop closed
[9.385s] DEBUG:colcon.colcon_parallel_executor.executor.parallel:run_until_complete finished with '0'
[9.385s] DEBUG:colcon.colcon_core.event_reactor:joining thread
[9.391s] INFO:colcon.colcon_core.plugin_system:Skipping extension 'colcon_notification.desktop_notification.terminal_notifier': Not used on non-Darwin systems
[9.391s] INFO:colcon.colcon_core.plugin_system:Skipping extension 'colcon_notification.desktop_notification.win32': Not used on non-Windows systems
[9.391s] INFO:colcon.colcon_notification.desktop_notification:Sending desktop notification using 'notify2'
[9.413s] DEBUG:colcon.colcon_core.event_reactor:joined thread
[9.413s] INFO:colcon.colcon_core.shell:Creating prefix script '/home/nathan/dronut/install/local_setup.ps1'
[9.414s] INFO:colcon.colcon_core.shell:Creating prefix util module '/home/nathan/dronut/install/_local_setup_util_ps1.py'
[9.415s] INFO:colcon.colcon_core.shell:Creating prefix chain script '/home/nathan/dronut/install/setup.ps1'
[9.416s] INFO:colcon.colcon_core.shell:Creating prefix script '/home/nathan/dronut/install/local_setup.sh'
[9.416s] INFO:colcon.colcon_core.shell:Creating prefix util module '/home/nathan/dronut/install/_local_setup_util_sh.py'
[9.416s] INFO:colcon.colcon_core.shell:Creating prefix chain script '/home/nathan/dronut/install/setup.sh'
[9.417s] INFO:colcon.colcon_core.shell:Creating prefix script '/home/nathan/dronut/install/local_setup.bash'
[9.418s] INFO:colcon.colcon_core.shell:Creating prefix chain script '/home/nathan/dronut/install/setup.bash'
[9.419s] INFO:colcon.colcon_core.shell:Creating prefix script '/home/nathan/dronut/install/local_setup.zsh'
[9.419s] INFO:colcon.colcon_core.shell:Creating prefix chain script '/home/nathan/dronut/install/setup.zsh'
