[0.010s] Invoking command in '/home/nathan/dronut/build/dronut_controller': CMAKE_PREFIX_PATH=${CMAKE_PREFIX_PATH}:/home/nathan/dronut/install/realsense_cam:/home/nathan/dronut/install/dronut_w_cam:/home/nathan/dronut/install/dronut_description:/opt/ros/jazzy DEBUGINFOD_URLS=https://debuginfod.ubuntu.com /usr/bin/cmake --build /home/nathan/dronut/build/dronut_controller -- -j20 -l20
[0.032s] -- Found ament_cmake: 2.5.3 (/opt/ros/jazzy/share/ament_cmake/cmake)
[0.215s] -- Found rclcpp: 28.1.6 (/opt/ros/jazzy/share/rclcpp/cmake)
[0.237s] -- Found rosidl_generator_c: 4.6.5 (/opt/ros/jazzy/share/rosidl_generator_c/cmake)
[0.244s] -- Found rosidl_generator_cpp: 4.6.5 (/opt/ros/jazzy/share/rosidl_generator_cpp/cmake)
[0.251s] -- Using all available rosidl_typesupport_c: rosidl_typesupport_fastrtps_c;rosidl_typesupport_introspection_c
[0.261s] -- Using all available rosidl_typesupport_cpp: rosidl_typesupport_fastrtps_cpp;rosidl_typesupport_introspection_cpp
[0.306s] -- Found rmw_implementation_cmake: 7.3.1 (/opt/ros/jazzy/share/rmw_implementation_cmake/cmake)
[0.307s] -- Found rmw_fastrtps_cpp: 8.4.1 (/opt/ros/jazzy/share/rmw_fastrtps_cpp/cmake)
[0.363s] -- Using RMW implementation 'rmw_fastrtps_cpp' as default
[0.414s] -- Found sensor_msgs: 5.3.5 (/opt/ros/jazzy/share/sensor_msgs/cmake)
[0.456s] -- Found tf2: 0.36.7 (/opt/ros/jazzy/share/tf2/cmake)
[0.459s] -- Found tf2_ros: 0.36.7 (/opt/ros/jazzy/share/tf2_ros/cmake)
[0.541s] -- Found ament_lint_auto: 0.17.1 (/opt/ros/jazzy/share/ament_lint_auto/cmake)
[0.610s] -- Added test 'cppcheck' to perform static code analysis on C / C++ code
[0.610s] -- Configured cppcheck include dirs: /home/nathan/dronut/src/dronut_controller/include
[0.610s] -- Configured cppcheck exclude dirs and/or files: 
[0.611s] -- Added test 'flake8' to check Python code syntax and style conventions
[0.611s] -- Configured 'flake8' exclude dirs and/or files: 
[0.611s] -- Added test 'lint_cmake' to check CMake code style
[0.611s] -- Added test 'pep257' to check Python code against some of the docstring style conventions in PEP 257
[0.612s] -- Added test 'uncrustify' to check C / C++ code style
[0.612s] -- Configured uncrustify additional arguments: 
[0.612s] -- Added test 'xmllint' to check XML markup files
[0.612s] -- Configuring done (0.6s)
[0.614s] [31mCMake Error at CMakeLists.txt:20 (add_executable):
[0.614s]   Cannot find source file:
[0.614s] 
[0.614s]     fastcdr
[0.614s] 
[0.615s]   Tried extensions .c .C .c++ .cc .cpp .cxx .cu .mpp .m .M .mm .ixx .cppm
[0.615s]   .ccm .cxxm .c++m .h .hh .h++ .hm .hpp .hxx .in .txx .f .F .for .f77 .f90
[0.615s]   .f95 .f03 .hip .ispc
[0.615s] 
[0.615s] [0m
[0.617s] [31mCMake Error at CMakeLists.txt:20 (add_executable):
[0.617s]   No SOURCES given to target: drone_control_node
[0.617s] 
[0.617s] [0m
[0.617s] [0mCMake Generate step failed.  Build files cannot be regenerated correctly.[0m
[0.623s] gmake: *** [Makefile:321: cmake_check_build_system] Error 1
[0.625s] Invoked command in '/home/nathan/dronut/build/dronut_controller' returned '2': CMAKE_PREFIX_PATH=${CMAKE_PREFIX_PATH}:/home/nathan/dronut/install/realsense_cam:/home/nathan/dronut/install/dronut_w_cam:/home/nathan/dronut/install/dronut_description:/opt/ros/jazzy DEBUGINFOD_URLS=https://debuginfod.ubuntu.com /usr/bin/cmake --build /home/nathan/dronut/build/dronut_controller -- -j20 -l20
