[0.134s] DEBUG:colcon:Command line arguments: ['/usr/bin/colcon', 'build', '--packages-select', 'dronut_w_cam', 'dronut_controller']
[0.134s] DEBUG:colcon:Parsed command line arguments: Namespace(log_base=None, log_level=None, verb_name='build', build_base='build', install_base='install', merge_install=False, symlink_install=False, test_result_base=None, continue_on_error=False, executor='parallel', parallel_workers=20, event_handlers=None, ignore_user_meta=False, metas=['./colcon.meta'], base_paths=['.'], packages_ignore=None, packages_ignore_regex=None, paths=None, packages_up_to=None, packages_up_to_regex=None, packages_above=None, packages_above_and_dependencies=None, packages_above_depth=None, packages_select_by_dep=None, packages_skip_by_dep=None, packages_skip_up_to=None, packages_select_build_failed=False, packages_skip_build_finished=False, packages_select_test_failures=False, packages_skip_test_passed=False, packages_select=['dronut_w_cam', 'dronut_controller'], packages_skip=None, packages_select_regex=None, packages_skip_regex=None, packages_start=None, packages_end=None, allow_overriding=[], cmake_args=None, cmake_target=None, cmake_target_skip_unavailable=False, cmake_clean_cache=False, cmake_clean_first=False, cmake_force_configure=False, ament_cmake_args=None, catkin_cmake_args=None, catkin_skip_building_tests=False, mixin_files=None, mixin=None, verb_parser=<colcon_mixin.mixin.mixin_argument.MixinArgumentDecorator object at 0x7c099a187830>, verb_extension=<colcon_core.verb.build.BuildVerb object at 0x7c099a187350>, main=<bound method BuildVerb.main of <colcon_core.verb.build.BuildVerb object at 0x7c099a187350>>, mixin_verb=('build',))
[0.180s] Level 1:colcon.colcon_core.package_discovery:discover_packages(colcon_meta) check parameters
[0.180s] Level 1:colcon.colcon_core.package_discovery:discover_packages(recursive) check parameters
[0.180s] Level 1:colcon.colcon_core.package_discovery:discover_packages(ignore) check parameters
[0.180s] Level 1:colcon.colcon_core.package_discovery:discover_packages(path) check parameters
[0.180s] Level 1:colcon.colcon_core.package_discovery:discover_packages(colcon_meta) discover
[0.180s] Level 1:colcon.colcon_core.package_discovery:discover_packages(recursive) discover
[0.180s] INFO:colcon.colcon_core.package_discovery:Crawling recursively for packages in '/home/nathan/dronut'
[0.180s] Level 1:colcon.colcon_core.package_identification:_identify(.) by extensions ['ignore', 'ignore_ament_install']
[0.181s] Level 1:colcon.colcon_core.package_identification:_identify(.) by extension 'ignore'
[0.181s] Level 1:colcon.colcon_core.package_identification:_identify(.) by extension 'ignore_ament_install'
[0.181s] Level 1:colcon.colcon_core.package_identification:_identify(.) by extensions ['colcon_pkg']
[0.181s] Level 1:colcon.colcon_core.package_identification:_identify(.) by extension 'colcon_pkg'
[0.181s] Level 1:colcon.colcon_core.package_identification:_identify(.) by extensions ['colcon_meta']
[0.181s] Level 1:colcon.colcon_core.package_identification:_identify(.) by extension 'colcon_meta'
[0.181s] Level 1:colcon.colcon_core.package_identification:_identify(.) by extensions ['ros']
[0.181s] Level 1:colcon.colcon_core.package_identification:_identify(.) by extension 'ros'
[0.213s] Level 1:colcon.colcon_core.package_identification:_identify(.) by extensions ['cmake', 'python']
[0.213s] Level 1:colcon.colcon_core.package_identification:_identify(.) by extension 'cmake'
[0.214s] Level 1:colcon.colcon_core.package_identification:_identify(.) by extension 'python'
[0.214s] Level 1:colcon.colcon_core.package_identification:_identify(.) by extensions ['python_setup_py']
[0.214s] Level 1:colcon.colcon_core.package_identification:_identify(.) by extension 'python_setup_py'
[0.214s] Level 1:colcon.colcon_core.package_identification:_identify(build) by extensions ['ignore', 'ignore_ament_install']
[0.214s] Level 1:colcon.colcon_core.package_identification:_identify(build) by extension 'ignore'
[0.214s] Level 1:colcon.colcon_core.package_identification:_identify(build) ignored
[0.214s] Level 1:colcon.colcon_core.package_identification:_identify(install) by extensions ['ignore', 'ignore_ament_install']
[0.214s] Level 1:colcon.colcon_core.package_identification:_identify(install) by extension 'ignore'
[0.214s] Level 1:colcon.colcon_core.package_identification:_identify(install) ignored
[0.215s] Level 1:colcon.colcon_core.package_identification:_identify(log) by extensions ['ignore', 'ignore_ament_install']
[0.215s] Level 1:colcon.colcon_core.package_identification:_identify(log) by extension 'ignore'
[0.215s] Level 1:colcon.colcon_core.package_identification:_identify(log) ignored
[0.215s] Level 1:colcon.colcon_core.package_identification:_identify(src) by extensions ['ignore', 'ignore_ament_install']
[0.215s] Level 1:colcon.colcon_core.package_identification:_identify(src) by extension 'ignore'
[0.215s] Level 1:colcon.colcon_core.package_identification:_identify(src) by extension 'ignore_ament_install'
[0.215s] Level 1:colcon.colcon_core.package_identification:_identify(src) by extensions ['colcon_pkg']
[0.215s] Level 1:colcon.colcon_core.package_identification:_identify(src) by extension 'colcon_pkg'
[0.215s] Level 1:colcon.colcon_core.package_identification:_identify(src) by extensions ['colcon_meta']
[0.215s] Level 1:colcon.colcon_core.package_identification:_identify(src) by extension 'colcon_meta'
[0.215s] Level 1:colcon.colcon_core.package_identification:_identify(src) by extensions ['ros']
[0.215s] Level 1:colcon.colcon_core.package_identification:_identify(src) by extension 'ros'
[0.215s] Level 1:colcon.colcon_core.package_identification:_identify(src) by extensions ['cmake', 'python']
[0.215s] Level 1:colcon.colcon_core.package_identification:_identify(src) by extension 'cmake'
[0.215s] Level 1:colcon.colcon_core.package_identification:_identify(src) by extension 'python'
[0.216s] Level 1:colcon.colcon_core.package_identification:_identify(src) by extensions ['python_setup_py']
[0.216s] Level 1:colcon.colcon_core.package_identification:_identify(src) by extension 'python_setup_py'
[0.216s] Level 1:colcon.colcon_core.package_identification:_identify(src/dronut_controller) by extensions ['ignore', 'ignore_ament_install']
[0.216s] Level 1:colcon.colcon_core.package_identification:_identify(src/dronut_controller) by extension 'ignore'
[0.216s] Level 1:colcon.colcon_core.package_identification:_identify(src/dronut_controller) by extension 'ignore_ament_install'
[0.216s] Level 1:colcon.colcon_core.package_identification:_identify(src/dronut_controller) by extensions ['colcon_pkg']
[0.216s] Level 1:colcon.colcon_core.package_identification:_identify(src/dronut_controller) by extension 'colcon_pkg'
[0.216s] Level 1:colcon.colcon_core.package_identification:_identify(src/dronut_controller) by extensions ['colcon_meta']
[0.216s] Level 1:colcon.colcon_core.package_identification:_identify(src/dronut_controller) by extension 'colcon_meta'
[0.216s] Level 1:colcon.colcon_core.package_identification:_identify(src/dronut_controller) by extensions ['ros']
[0.216s] Level 1:colcon.colcon_core.package_identification:_identify(src/dronut_controller) by extension 'ros'
[0.219s] DEBUG:colcon.colcon_core.package_identification:Package 'src/dronut_controller' with type 'ros.ament_cmake' and name 'dronut_controller'
[0.219s] Level 1:colcon.colcon_core.package_identification:_identify(src/dronut_description) by extensions ['ignore', 'ignore_ament_install']
[0.219s] Level 1:colcon.colcon_core.package_identification:_identify(src/dronut_description) by extension 'ignore'
[0.219s] Level 1:colcon.colcon_core.package_identification:_identify(src/dronut_description) by extension 'ignore_ament_install'
[0.219s] Level 1:colcon.colcon_core.package_identification:_identify(src/dronut_description) by extensions ['colcon_pkg']
[0.219s] Level 1:colcon.colcon_core.package_identification:_identify(src/dronut_description) by extension 'colcon_pkg'
[0.219s] Level 1:colcon.colcon_core.package_identification:_identify(src/dronut_description) by extensions ['colcon_meta']
[0.220s] Level 1:colcon.colcon_core.package_identification:_identify(src/dronut_description) by extension 'colcon_meta'
[0.220s] Level 1:colcon.colcon_core.package_identification:_identify(src/dronut_description) by extensions ['ros']
[0.220s] Level 1:colcon.colcon_core.package_identification:_identify(src/dronut_description) by extension 'ros'
[0.220s] DEBUG:colcon.colcon_core.package_identification:Package 'src/dronut_description' with type 'ros.ament_python' and name 'dronut_description'
[0.220s] Level 1:colcon.colcon_core.package_identification:_identify(src/dronut_w_cam) by extensions ['ignore', 'ignore_ament_install']
[0.220s] Level 1:colcon.colcon_core.package_identification:_identify(src/dronut_w_cam) by extension 'ignore'
[0.220s] Level 1:colcon.colcon_core.package_identification:_identify(src/dronut_w_cam) by extension 'ignore_ament_install'
[0.221s] Level 1:colcon.colcon_core.package_identification:_identify(src/dronut_w_cam) by extensions ['colcon_pkg']
[0.221s] Level 1:colcon.colcon_core.package_identification:_identify(src/dronut_w_cam) by extension 'colcon_pkg'
[0.221s] Level 1:colcon.colcon_core.package_identification:_identify(src/dronut_w_cam) by extensions ['colcon_meta']
[0.221s] Level 1:colcon.colcon_core.package_identification:_identify(src/dronut_w_cam) by extension 'colcon_meta'
[0.221s] Level 1:colcon.colcon_core.package_identification:_identify(src/dronut_w_cam) by extensions ['ros']
[0.221s] Level 1:colcon.colcon_core.package_identification:_identify(src/dronut_w_cam) by extension 'ros'
[0.221s] DEBUG:colcon.colcon_core.package_identification:Package 'src/dronut_w_cam' with type 'ros.ament_python' and name 'dronut_w_cam'
[0.221s] Level 1:colcon.colcon_core.package_identification:_identify(src/gz_plugin_dronut) by extensions ['ignore', 'ignore_ament_install']
[0.221s] Level 1:colcon.colcon_core.package_identification:_identify(src/gz_plugin_dronut) by extension 'ignore'
[0.221s] Level 1:colcon.colcon_core.package_identification:_identify(src/gz_plugin_dronut) by extension 'ignore_ament_install'
[0.222s] Level 1:colcon.colcon_core.package_identification:_identify(src/gz_plugin_dronut) by extensions ['colcon_pkg']
[0.222s] Level 1:colcon.colcon_core.package_identification:_identify(src/gz_plugin_dronut) by extension 'colcon_pkg'
[0.222s] Level 1:colcon.colcon_core.package_identification:_identify(src/gz_plugin_dronut) by extensions ['colcon_meta']
[0.222s] Level 1:colcon.colcon_core.package_identification:_identify(src/gz_plugin_dronut) by extension 'colcon_meta'
[0.222s] Level 1:colcon.colcon_core.package_identification:_identify(src/gz_plugin_dronut) by extensions ['ros']
[0.222s] Level 1:colcon.colcon_core.package_identification:_identify(src/gz_plugin_dronut) by extension 'ros'
[0.222s] DEBUG:colcon.colcon_core.package_identification:Package 'src/gz_plugin_dronut' with type 'ros.ament_cmake' and name 'gz_plugin_dronut'
[0.222s] Level 1:colcon.colcon_core.package_identification:_identify(src/joy_test) by extensions ['ignore', 'ignore_ament_install']
[0.222s] Level 1:colcon.colcon_core.package_identification:_identify(src/joy_test) by extension 'ignore'
[0.222s] Level 1:colcon.colcon_core.package_identification:_identify(src/joy_test) by extension 'ignore_ament_install'
[0.222s] Level 1:colcon.colcon_core.package_identification:_identify(src/joy_test) by extensions ['colcon_pkg']
[0.222s] Level 1:colcon.colcon_core.package_identification:_identify(src/joy_test) by extension 'colcon_pkg'
[0.222s] Level 1:colcon.colcon_core.package_identification:_identify(src/joy_test) by extensions ['colcon_meta']
[0.223s] Level 1:colcon.colcon_core.package_identification:_identify(src/joy_test) by extension 'colcon_meta'
[0.223s] Level 1:colcon.colcon_core.package_identification:_identify(src/joy_test) by extensions ['ros']
[0.223s] Level 1:colcon.colcon_core.package_identification:_identify(src/joy_test) by extension 'ros'
[0.223s] DEBUG:colcon.colcon_core.package_identification:Package 'src/joy_test' with type 'ros.ament_cmake' and name 'joy_test'
[0.224s] Level 1:colcon.colcon_core.package_identification:_identify(src/realsense_cam) by extensions ['ignore', 'ignore_ament_install']
[0.224s] Level 1:colcon.colcon_core.package_identification:_identify(src/realsense_cam) by extension 'ignore'
[0.224s] Level 1:colcon.colcon_core.package_identification:_identify(src/realsense_cam) by extension 'ignore_ament_install'
[0.224s] Level 1:colcon.colcon_core.package_identification:_identify(src/realsense_cam) by extensions ['colcon_pkg']
[0.224s] Level 1:colcon.colcon_core.package_identification:_identify(src/realsense_cam) by extension 'colcon_pkg'
[0.224s] Level 1:colcon.colcon_core.package_identification:_identify(src/realsense_cam) by extensions ['colcon_meta']
[0.224s] Level 1:colcon.colcon_core.package_identification:_identify(src/realsense_cam) by extension 'colcon_meta'
[0.224s] Level 1:colcon.colcon_core.package_identification:_identify(src/realsense_cam) by extensions ['ros']
[0.224s] Level 1:colcon.colcon_core.package_identification:_identify(src/realsense_cam) by extension 'ros'
[0.224s] DEBUG:colcon.colcon_core.package_identification:Package 'src/realsense_cam' with type 'ros.ament_python' and name 'realsense_cam'
[0.224s] Level 1:colcon.colcon_core.package_discovery:discover_packages(recursive) using defaults
[0.225s] Level 1:colcon.colcon_core.package_discovery:discover_packages(ignore) discover
[0.225s] Level 1:colcon.colcon_core.package_discovery:discover_packages(ignore) using defaults
[0.225s] Level 1:colcon.colcon_core.package_discovery:discover_packages(path) discover
[0.225s] Level 1:colcon.colcon_core.package_discovery:discover_packages(path) using defaults
[0.246s] INFO:colcon.colcon_core.package_selection:Skipping not selected package 'dronut_description' in 'src/dronut_description'
[0.246s] INFO:colcon.colcon_core.package_selection:Skipping not selected package 'gz_plugin_dronut' in 'src/gz_plugin_dronut'
[0.247s] INFO:colcon.colcon_core.package_selection:Skipping not selected package 'joy_test' in 'src/joy_test'
[0.247s] INFO:colcon.colcon_core.package_selection:Skipping not selected package 'realsense_cam' in 'src/realsense_cam'
[0.247s] Level 1:colcon.colcon_core.package_discovery:discover_packages(prefix_path) check parameters
[0.247s] Level 1:colcon.colcon_core.package_discovery:discover_packages(prefix_path) discover
[0.249s] DEBUG:colcon.colcon_installed_package_information.package_discovery:Found 5 installed packages in /home/nathan/dronut/install
[0.252s] DEBUG:colcon.colcon_installed_package_information.package_discovery:Found 439 installed packages in /opt/ros/jazzy
[0.253s] Level 1:colcon.colcon_core.package_discovery:discover_packages(prefix_path) using defaults
[0.309s] Level 5:colcon.colcon_core.verb:set package 'dronut_controller' build argument 'cmake_args' from command line to 'None'
[0.309s] Level 5:colcon.colcon_core.verb:set package 'dronut_controller' build argument 'cmake_target' from command line to 'None'
[0.309s] Level 5:colcon.colcon_core.verb:set package 'dronut_controller' build argument 'cmake_target_skip_unavailable' from command line to 'False'
[0.309s] Level 5:colcon.colcon_core.verb:set package 'dronut_controller' build argument 'cmake_clean_cache' from command line to 'False'
[0.309s] Level 5:colcon.colcon_core.verb:set package 'dronut_controller' build argument 'cmake_clean_first' from command line to 'False'
[0.309s] Level 5:colcon.colcon_core.verb:set package 'dronut_controller' build argument 'cmake_force_configure' from command line to 'False'
[0.309s] Level 5:colcon.colcon_core.verb:set package 'dronut_controller' build argument 'ament_cmake_args' from command line to 'None'
[0.310s] Level 5:colcon.colcon_core.verb:set package 'dronut_controller' build argument 'catkin_cmake_args' from command line to 'None'
[0.310s] Level 5:colcon.colcon_core.verb:set package 'dronut_controller' build argument 'catkin_skip_building_tests' from command line to 'False'
[0.310s] DEBUG:colcon.colcon_core.verb:Building package 'dronut_controller' with the following arguments: {'ament_cmake_args': None, 'build_base': '/home/nathan/dronut/build/dronut_controller', 'catkin_cmake_args': None, 'catkin_skip_building_tests': False, 'cmake_args': None, 'cmake_clean_cache': False, 'cmake_clean_first': False, 'cmake_force_configure': False, 'cmake_target': None, 'cmake_target_skip_unavailable': False, 'install_base': '/home/nathan/dronut/install/dronut_controller', 'merge_install': False, 'path': '/home/nathan/dronut/src/dronut_controller', 'symlink_install': False, 'test_result_base': None}
[0.310s] Level 5:colcon.colcon_core.verb:set package 'dronut_w_cam' build argument 'cmake_args' from command line to 'None'
[0.310s] Level 5:colcon.colcon_core.verb:set package 'dronut_w_cam' build argument 'cmake_target' from command line to 'None'
[0.310s] Level 5:colcon.colcon_core.verb:set package 'dronut_w_cam' build argument 'cmake_target_skip_unavailable' from command line to 'False'
[0.310s] Level 5:colcon.colcon_core.verb:set package 'dronut_w_cam' build argument 'cmake_clean_cache' from command line to 'False'
[0.310s] Level 5:colcon.colcon_core.verb:set package 'dronut_w_cam' build argument 'cmake_clean_first' from command line to 'False'
[0.310s] Level 5:colcon.colcon_core.verb:set package 'dronut_w_cam' build argument 'cmake_force_configure' from command line to 'False'
[0.310s] Level 5:colcon.colcon_core.verb:set package 'dronut_w_cam' build argument 'ament_cmake_args' from command line to 'None'
[0.310s] Level 5:colcon.colcon_core.verb:set package 'dronut_w_cam' build argument 'catkin_cmake_args' from command line to 'None'
[0.310s] Level 5:colcon.colcon_core.verb:set package 'dronut_w_cam' build argument 'catkin_skip_building_tests' from command line to 'False'
[0.310s] DEBUG:colcon.colcon_core.verb:Building package 'dronut_w_cam' with the following arguments: {'ament_cmake_args': None, 'build_base': '/home/nathan/dronut/build/dronut_w_cam', 'catkin_cmake_args': None, 'catkin_skip_building_tests': False, 'cmake_args': None, 'cmake_clean_cache': False, 'cmake_clean_first': False, 'cmake_force_configure': False, 'cmake_target': None, 'cmake_target_skip_unavailable': False, 'install_base': '/home/nathan/dronut/install/dronut_w_cam', 'merge_install': False, 'path': '/home/nathan/dronut/src/dronut_w_cam', 'symlink_install': False, 'test_result_base': None}
[0.311s] INFO:colcon.colcon_core.executor:Executing jobs using 'parallel' executor
[0.312s] DEBUG:colcon.colcon_parallel_executor.executor.parallel:run_until_complete
[0.313s] INFO:colcon.colcon_ros.task.ament_cmake.build:Building ROS package in '/home/nathan/dronut/src/dronut_controller' with build type 'ament_cmake'
[0.313s] INFO:colcon.colcon_cmake.task.cmake.build:Building CMake package in '/home/nathan/dronut/src/dronut_controller'
[0.316s] INFO:colcon.colcon_core.plugin_system:Skipping extension 'colcon_core.shell.bat': Not used on non-Windows systems
[0.316s] INFO:colcon.colcon_core.shell:Skip shell extension 'powershell' for command environment: Not usable outside of PowerShell
[0.316s] DEBUG:colcon.colcon_core.shell:Skip shell extension 'dsv' for command environment
[0.321s] INFO:colcon.colcon_ros.task.ament_python.build:Building ROS package in '/home/nathan/dronut/src/dronut_w_cam' with build type 'ament_python'
[0.322s] Level 1:colcon.colcon_core.shell:create_environment_hook('dronut_w_cam', 'ament_prefix_path')
[0.322s] INFO:colcon.colcon_core.shell:Creating environment hook '/home/nathan/dronut/install/dronut_w_cam/share/dronut_w_cam/hook/ament_prefix_path.ps1'
[0.323s] INFO:colcon.colcon_core.shell:Creating environment descriptor '/home/nathan/dronut/install/dronut_w_cam/share/dronut_w_cam/hook/ament_prefix_path.dsv'
[0.323s] INFO:colcon.colcon_core.shell:Creating environment hook '/home/nathan/dronut/install/dronut_w_cam/share/dronut_w_cam/hook/ament_prefix_path.sh'
[0.324s] INFO:colcon.colcon_core.shell:Skip shell extension 'powershell' for command environment: Not usable outside of PowerShell
[0.324s] DEBUG:colcon.colcon_core.shell:Skip shell extension 'dsv' for command environment
[0.334s] DEBUG:colcon.colcon_core.event_handler.log_command:Invoking command in '/home/nathan/dronut/build/dronut_controller': CMAKE_PREFIX_PATH=${CMAKE_PREFIX_PATH}:/home/nathan/dronut/install/realsense_cam:/home/nathan/dronut/install/dronut_w_cam:/home/nathan/dronut/install/dronut_description:/opt/ros/jazzy DEBUGINFOD_URLS=https://debuginfod.ubuntu.com /usr/bin/cmake --build /home/nathan/dronut/build/dronut_controller -- -j20 -l20
[0.636s] INFO:colcon.colcon_core.task.python.build:Building Python package in '/home/nathan/dronut/src/dronut_w_cam'
[0.636s] INFO:colcon.colcon_core.shell:Skip shell extension 'powershell' for command environment: Not usable outside of PowerShell
[0.636s] DEBUG:colcon.colcon_core.shell:Skip shell extension 'dsv' for command environment
[0.643s] DEBUG:colcon.colcon_core.event_handler.log_command:Invoked command in '/home/nathan/dronut/build/dronut_controller' returned '0': CMAKE_PREFIX_PATH=${CMAKE_PREFIX_PATH}:/home/nathan/dronut/install/realsense_cam:/home/nathan/dronut/install/dronut_w_cam:/home/nathan/dronut/install/dronut_description:/opt/ros/jazzy DEBUGINFOD_URLS=https://debuginfod.ubuntu.com /usr/bin/cmake --build /home/nathan/dronut/build/dronut_controller -- -j20 -l20
[0.658s] DEBUG:colcon.colcon_core.event_handler.log_command:Invoking command in '/home/nathan/dronut/build/dronut_controller': CMAKE_PREFIX_PATH=${CMAKE_PREFIX_PATH}:/home/nathan/dronut/install/realsense_cam:/home/nathan/dronut/install/dronut_w_cam:/home/nathan/dronut/install/dronut_description:/opt/ros/jazzy DEBUGINFOD_URLS=https://debuginfod.ubuntu.com /usr/bin/cmake --install /home/nathan/dronut/build/dronut_controller
[0.676s] Level 1:colcon.colcon_core.environment:create_environment_scripts_only(dronut_controller)
[0.677s] DEBUG:colcon.colcon_core.event_handler.log_command:Invoked command in '/home/nathan/dronut/build/dronut_controller' returned '0': CMAKE_PREFIX_PATH=${CMAKE_PREFIX_PATH}:/home/nathan/dronut/install/realsense_cam:/home/nathan/dronut/install/dronut_w_cam:/home/nathan/dronut/install/dronut_description:/opt/ros/jazzy DEBUGINFOD_URLS=https://debuginfod.ubuntu.com /usr/bin/cmake --install /home/nathan/dronut/build/dronut_controller
[0.679s] Level 1:colcon.colcon_core.environment:checking '/home/nathan/dronut/install/dronut_controller' for CMake module files
[0.680s] Level 1:colcon.colcon_core.environment:checking '/home/nathan/dronut/install/dronut_controller' for CMake config files
[0.680s] Level 1:colcon.colcon_core.shell:create_environment_hook('dronut_controller', 'cmake_prefix_path')
[0.681s] INFO:colcon.colcon_core.shell:Creating environment hook '/home/nathan/dronut/install/dronut_controller/share/dronut_controller/hook/cmake_prefix_path.ps1'
[0.681s] INFO:colcon.colcon_core.shell:Creating environment descriptor '/home/nathan/dronut/install/dronut_controller/share/dronut_controller/hook/cmake_prefix_path.dsv'
[0.682s] INFO:colcon.colcon_core.shell:Creating environment hook '/home/nathan/dronut/install/dronut_controller/share/dronut_controller/hook/cmake_prefix_path.sh'
[0.683s] Level 1:colcon.colcon_core.environment:checking '/home/nathan/dronut/install/dronut_controller/lib'
[0.683s] Level 1:colcon.colcon_core.environment:checking '/home/nathan/dronut/install/dronut_controller/bin'
[0.684s] Level 1:colcon.colcon_core.environment:checking '/home/nathan/dronut/install/dronut_controller/lib/pkgconfig/dronut_controller.pc'
[0.684s] Level 1:colcon.colcon_core.environment:checking '/home/nathan/dronut/install/dronut_controller/lib/python3.12/site-packages'
[0.684s] Level 1:colcon.colcon_core.environment:checking '/home/nathan/dronut/install/dronut_controller/bin'
[0.685s] INFO:colcon.colcon_core.shell:Creating package script '/home/nathan/dronut/install/dronut_controller/share/dronut_controller/package.ps1'
[0.686s] INFO:colcon.colcon_core.shell:Creating package descriptor '/home/nathan/dronut/install/dronut_controller/share/dronut_controller/package.dsv'
[0.687s] INFO:colcon.colcon_core.shell:Creating package script '/home/nathan/dronut/install/dronut_controller/share/dronut_controller/package.sh'
[0.688s] INFO:colcon.colcon_core.shell:Creating package script '/home/nathan/dronut/install/dronut_controller/share/dronut_controller/package.bash'
[0.689s] INFO:colcon.colcon_core.shell:Creating package script '/home/nathan/dronut/install/dronut_controller/share/dronut_controller/package.zsh'
[0.691s] Level 1:colcon.colcon_core.environment:create_file_with_runtime_dependencies(/home/nathan/dronut/install/dronut_controller/share/colcon-core/packages/dronut_controller)
[0.692s] Level 1:colcon.colcon_core.environment:create_environment_scripts_only(dronut_controller)
[0.692s] Level 1:colcon.colcon_core.environment:checking '/home/nathan/dronut/install/dronut_controller' for CMake module files
[0.693s] Level 1:colcon.colcon_core.environment:checking '/home/nathan/dronut/install/dronut_controller' for CMake config files
[0.693s] Level 1:colcon.colcon_core.shell:create_environment_hook('dronut_controller', 'cmake_prefix_path')
[0.693s] INFO:colcon.colcon_core.shell:Creating environment hook '/home/nathan/dronut/install/dronut_controller/share/dronut_controller/hook/cmake_prefix_path.ps1'
[0.694s] INFO:colcon.colcon_core.shell:Creating environment descriptor '/home/nathan/dronut/install/dronut_controller/share/dronut_controller/hook/cmake_prefix_path.dsv'
[0.695s] INFO:colcon.colcon_core.shell:Creating environment hook '/home/nathan/dronut/install/dronut_controller/share/dronut_controller/hook/cmake_prefix_path.sh'
[0.696s] Level 1:colcon.colcon_core.environment:checking '/home/nathan/dronut/install/dronut_controller/lib'
[0.696s] Level 1:colcon.colcon_core.environment:checking '/home/nathan/dronut/install/dronut_controller/bin'
[0.696s] Level 1:colcon.colcon_core.environment:checking '/home/nathan/dronut/install/dronut_controller/lib/pkgconfig/dronut_controller.pc'
[0.696s] Level 1:colcon.colcon_core.environment:checking '/home/nathan/dronut/install/dronut_controller/lib/python3.12/site-packages'
[0.697s] Level 1:colcon.colcon_core.environment:checking '/home/nathan/dronut/install/dronut_controller/bin'
[0.697s] INFO:colcon.colcon_core.shell:Creating package script '/home/nathan/dronut/install/dronut_controller/share/dronut_controller/package.ps1'
[0.698s] INFO:colcon.colcon_core.shell:Creating package descriptor '/home/nathan/dronut/install/dronut_controller/share/dronut_controller/package.dsv'
[0.699s] INFO:colcon.colcon_core.shell:Creating package script '/home/nathan/dronut/install/dronut_controller/share/dronut_controller/package.sh'
[0.699s] INFO:colcon.colcon_core.shell:Creating package script '/home/nathan/dronut/install/dronut_controller/share/dronut_controller/package.bash'
[0.700s] INFO:colcon.colcon_core.shell:Creating package script '/home/nathan/dronut/install/dronut_controller/share/dronut_controller/package.zsh'
[0.701s] Level 1:colcon.colcon_core.environment:create_file_with_runtime_dependencies(/home/nathan/dronut/install/dronut_controller/share/colcon-core/packages/dronut_controller)
[1.394s] DEBUG:colcon.colcon_core.event_handler.log_command:Invoking command in '/home/nathan/dronut/src/dronut_w_cam': DEBUGINFOD_URLS=https://debuginfod.ubuntu.com PYTHONPATH=/home/nathan/dronut/build/dronut_w_cam/prefix_override:/usr/lib/python3/dist-packages/colcon_core/task/python/colcon_distutils_commands:/home/nathan/dronut/install/dronut_w_cam/lib/python3.12/site-packages:${PYTHONPATH} /usr/bin/python3 -W ignore:setup.py install is deprecated -W ignore:easy_install command is deprecated setup.py egg_info --egg-base ../../build/dronut_w_cam build --build-base /home/nathan/dronut/build/dronut_w_cam/build install --record /home/nathan/dronut/build/dronut_w_cam/install.log --single-version-externally-managed install_data
[2.110s] Level 1:colcon.colcon_core.environment:checking '/home/nathan/dronut/install/dronut_w_cam' for CMake module files
[2.111s] Level 1:colcon.colcon_core.environment:checking '/home/nathan/dronut/install/dronut_w_cam' for CMake config files
[2.111s] DEBUG:colcon.colcon_core.event_handler.log_command:Invoked command in '/home/nathan/dronut/src/dronut_w_cam' returned '0': DEBUGINFOD_URLS=https://debuginfod.ubuntu.com PYTHONPATH=/home/nathan/dronut/build/dronut_w_cam/prefix_override:/usr/lib/python3/dist-packages/colcon_core/task/python/colcon_distutils_commands:/home/nathan/dronut/install/dronut_w_cam/lib/python3.12/site-packages:${PYTHONPATH} /usr/bin/python3 -W ignore:setup.py install is deprecated -W ignore:easy_install command is deprecated setup.py egg_info --egg-base ../../build/dronut_w_cam build --build-base /home/nathan/dronut/build/dronut_w_cam/build install --record /home/nathan/dronut/build/dronut_w_cam/install.log --single-version-externally-managed install_data
[2.112s] Level 1:colcon.colcon_core.environment:checking '/home/nathan/dronut/install/dronut_w_cam/lib'
[2.112s] Level 1:colcon.colcon_core.environment:checking '/home/nathan/dronut/install/dronut_w_cam/bin'
[2.112s] Level 1:colcon.colcon_core.environment:checking '/home/nathan/dronut/install/dronut_w_cam/lib/pkgconfig/dronut_w_cam.pc'
[2.113s] Level 1:colcon.colcon_core.environment:checking '/home/nathan/dronut/install/dronut_w_cam/lib/python3.12/site-packages'
[2.113s] Level 1:colcon.colcon_core.shell:create_environment_hook('dronut_w_cam', 'pythonpath')
[2.113s] INFO:colcon.colcon_core.shell:Creating environment hook '/home/nathan/dronut/install/dronut_w_cam/share/dronut_w_cam/hook/pythonpath.ps1'
[2.114s] INFO:colcon.colcon_core.shell:Creating environment descriptor '/home/nathan/dronut/install/dronut_w_cam/share/dronut_w_cam/hook/pythonpath.dsv'
[2.114s] INFO:colcon.colcon_core.shell:Creating environment hook '/home/nathan/dronut/install/dronut_w_cam/share/dronut_w_cam/hook/pythonpath.sh'
[2.114s] Level 1:colcon.colcon_core.environment:checking '/home/nathan/dronut/install/dronut_w_cam/bin'
[2.115s] Level 1:colcon.colcon_core.environment:create_environment_scripts_only(dronut_w_cam)
[2.115s] INFO:colcon.colcon_core.shell:Creating package script '/home/nathan/dronut/install/dronut_w_cam/share/dronut_w_cam/package.ps1'
[2.115s] INFO:colcon.colcon_core.shell:Creating package descriptor '/home/nathan/dronut/install/dronut_w_cam/share/dronut_w_cam/package.dsv'
[2.116s] INFO:colcon.colcon_core.shell:Creating package script '/home/nathan/dronut/install/dronut_w_cam/share/dronut_w_cam/package.sh'
[2.116s] INFO:colcon.colcon_core.shell:Creating package script '/home/nathan/dronut/install/dronut_w_cam/share/dronut_w_cam/package.bash'
[2.116s] INFO:colcon.colcon_core.shell:Creating package script '/home/nathan/dronut/install/dronut_w_cam/share/dronut_w_cam/package.zsh'
[2.117s] Level 1:colcon.colcon_core.environment:create_file_with_runtime_dependencies(/home/nathan/dronut/install/dronut_w_cam/share/colcon-core/packages/dronut_w_cam)
[2.117s] DEBUG:colcon.colcon_parallel_executor.executor.parallel:closing loop
[2.117s] DEBUG:colcon.colcon_parallel_executor.executor.parallel:loop closed
[2.118s] DEBUG:colcon.colcon_parallel_executor.executor.parallel:run_until_complete finished with '0'
[2.118s] DEBUG:colcon.colcon_core.event_reactor:joining thread
[2.147s] INFO:colcon.colcon_core.plugin_system:Skipping extension 'colcon_notification.desktop_notification.terminal_notifier': Not used on non-Darwin systems
[2.147s] INFO:colcon.colcon_core.plugin_system:Skipping extension 'colcon_notification.desktop_notification.win32': Not used on non-Windows systems
[2.147s] INFO:colcon.colcon_notification.desktop_notification:Sending desktop notification using 'notify2'
[2.171s] DEBUG:colcon.colcon_core.event_reactor:joined thread
[2.172s] INFO:colcon.colcon_core.shell:Creating prefix script '/home/nathan/dronut/install/local_setup.ps1'
[2.173s] INFO:colcon.colcon_core.shell:Creating prefix util module '/home/nathan/dronut/install/_local_setup_util_ps1.py'
[2.175s] INFO:colcon.colcon_core.shell:Creating prefix chain script '/home/nathan/dronut/install/setup.ps1'
[2.177s] INFO:colcon.colcon_core.shell:Creating prefix script '/home/nathan/dronut/install/local_setup.sh'
[2.178s] INFO:colcon.colcon_core.shell:Creating prefix util module '/home/nathan/dronut/install/_local_setup_util_sh.py'
[2.179s] INFO:colcon.colcon_core.shell:Creating prefix chain script '/home/nathan/dronut/install/setup.sh'
[2.181s] INFO:colcon.colcon_core.shell:Creating prefix script '/home/nathan/dronut/install/local_setup.bash'
[2.182s] INFO:colcon.colcon_core.shell:Creating prefix chain script '/home/nathan/dronut/install/setup.bash'
[2.183s] INFO:colcon.colcon_core.shell:Creating prefix script '/home/nathan/dronut/install/local_setup.zsh'
[2.184s] INFO:colcon.colcon_core.shell:Creating prefix chain script '/home/nathan/dronut/install/setup.zsh'
