[0.131s] DEBUG:colcon:Command line arguments: ['/usr/bin/colcon', 'build', '--packages-select', 'dronut_controller', 'dronut_w_cam']
[0.131s] DEBUG:colcon:Parsed command line arguments: Namespace(log_base=None, log_level=None, verb_name='build', build_base='build', install_base='install', merge_install=False, symlink_install=False, test_result_base=None, continue_on_error=False, executor='parallel', parallel_workers=20, event_handlers=None, ignore_user_meta=False, metas=['./colcon.meta'], base_paths=['.'], packages_ignore=None, packages_ignore_regex=None, paths=None, packages_up_to=None, packages_up_to_regex=None, packages_above=None, packages_above_and_dependencies=None, packages_above_depth=None, packages_select_by_dep=None, packages_skip_by_dep=None, packages_skip_up_to=None, packages_select_build_failed=False, packages_skip_build_finished=False, packages_select_test_failures=False, packages_skip_test_passed=False, packages_select=['dronut_controller', 'dronut_w_cam'], packages_skip=None, packages_select_regex=None, packages_skip_regex=None, packages_start=None, packages_end=None, allow_overriding=[], cmake_args=None, cmake_target=None, cmake_target_skip_unavailable=False, cmake_clean_cache=False, cmake_clean_first=False, cmake_force_configure=False, ament_cmake_args=None, catkin_cmake_args=None, catkin_skip_building_tests=False, mixin_files=None, mixin=None, verb_parser=<colcon_mixin.mixin.mixin_argument.MixinArgumentDecorator object at 0x745a528a3ad0>, verb_extension=<colcon_core.verb.build.BuildVerb object at 0x745a528a3680>, main=<bound method BuildVerb.main of <colcon_core.verb.build.BuildVerb object at 0x745a528a3680>>, mixin_verb=('build',))
[0.176s] Level 1:colcon.colcon_core.package_discovery:discover_packages(colcon_meta) check parameters
[0.177s] Level 1:colcon.colcon_core.package_discovery:discover_packages(recursive) check parameters
[0.177s] Level 1:colcon.colcon_core.package_discovery:discover_packages(ignore) check parameters
[0.177s] Level 1:colcon.colcon_core.package_discovery:discover_packages(path) check parameters
[0.177s] Level 1:colcon.colcon_core.package_discovery:discover_packages(colcon_meta) discover
[0.177s] Level 1:colcon.colcon_core.package_discovery:discover_packages(recursive) discover
[0.177s] INFO:colcon.colcon_core.package_discovery:Crawling recursively for packages in '/home/nathan/dronut'
[0.177s] Level 1:colcon.colcon_core.package_identification:_identify(.) by extensions ['ignore', 'ignore_ament_install']
[0.177s] Level 1:colcon.colcon_core.package_identification:_identify(.) by extension 'ignore'
[0.177s] Level 1:colcon.colcon_core.package_identification:_identify(.) by extension 'ignore_ament_install'
[0.177s] Level 1:colcon.colcon_core.package_identification:_identify(.) by extensions ['colcon_pkg']
[0.177s] Level 1:colcon.colcon_core.package_identification:_identify(.) by extension 'colcon_pkg'
[0.177s] Level 1:colcon.colcon_core.package_identification:_identify(.) by extensions ['colcon_meta']
[0.177s] Level 1:colcon.colcon_core.package_identification:_identify(.) by extension 'colcon_meta'
[0.177s] Level 1:colcon.colcon_core.package_identification:_identify(.) by extensions ['ros']
[0.177s] Level 1:colcon.colcon_core.package_identification:_identify(.) by extension 'ros'
[0.210s] Level 1:colcon.colcon_core.package_identification:_identify(.) by extensions ['cmake', 'python']
[0.210s] Level 1:colcon.colcon_core.package_identification:_identify(.) by extension 'cmake'
[0.211s] Level 1:colcon.colcon_core.package_identification:_identify(.) by extension 'python'
[0.211s] Level 1:colcon.colcon_core.package_identification:_identify(.) by extensions ['python_setup_py']
[0.211s] Level 1:colcon.colcon_core.package_identification:_identify(.) by extension 'python_setup_py'
[0.211s] Level 1:colcon.colcon_core.package_identification:_identify(build) by extensions ['ignore', 'ignore_ament_install']
[0.211s] Level 1:colcon.colcon_core.package_identification:_identify(build) by extension 'ignore'
[0.211s] Level 1:colcon.colcon_core.package_identification:_identify(build) ignored
[0.211s] Level 1:colcon.colcon_core.package_identification:_identify(install) by extensions ['ignore', 'ignore_ament_install']
[0.211s] Level 1:colcon.colcon_core.package_identification:_identify(install) by extension 'ignore'
[0.211s] Level 1:colcon.colcon_core.package_identification:_identify(install) ignored
[0.211s] Level 1:colcon.colcon_core.package_identification:_identify(log) by extensions ['ignore', 'ignore_ament_install']
[0.212s] Level 1:colcon.colcon_core.package_identification:_identify(log) by extension 'ignore'
[0.212s] Level 1:colcon.colcon_core.package_identification:_identify(log) ignored
[0.212s] Level 1:colcon.colcon_core.package_identification:_identify(src) by extensions ['ignore', 'ignore_ament_install']
[0.212s] Level 1:colcon.colcon_core.package_identification:_identify(src) by extension 'ignore'
[0.212s] Level 1:colcon.colcon_core.package_identification:_identify(src) by extension 'ignore_ament_install'
[0.212s] Level 1:colcon.colcon_core.package_identification:_identify(src) by extensions ['colcon_pkg']
[0.212s] Level 1:colcon.colcon_core.package_identification:_identify(src) by extension 'colcon_pkg'
[0.212s] Level 1:colcon.colcon_core.package_identification:_identify(src) by extensions ['colcon_meta']
[0.212s] Level 1:colcon.colcon_core.package_identification:_identify(src) by extension 'colcon_meta'
[0.212s] Level 1:colcon.colcon_core.package_identification:_identify(src) by extensions ['ros']
[0.212s] Level 1:colcon.colcon_core.package_identification:_identify(src) by extension 'ros'
[0.212s] Level 1:colcon.colcon_core.package_identification:_identify(src) by extensions ['cmake', 'python']
[0.212s] Level 1:colcon.colcon_core.package_identification:_identify(src) by extension 'cmake'
[0.212s] Level 1:colcon.colcon_core.package_identification:_identify(src) by extension 'python'
[0.212s] Level 1:colcon.colcon_core.package_identification:_identify(src) by extensions ['python_setup_py']
[0.212s] Level 1:colcon.colcon_core.package_identification:_identify(src) by extension 'python_setup_py'
[0.212s] Level 1:colcon.colcon_core.package_identification:_identify(src/dronut_controller) by extensions ['ignore', 'ignore_ament_install']
[0.212s] Level 1:colcon.colcon_core.package_identification:_identify(src/dronut_controller) by extension 'ignore'
[0.212s] Level 1:colcon.colcon_core.package_identification:_identify(src/dronut_controller) by extension 'ignore_ament_install'
[0.213s] Level 1:colcon.colcon_core.package_identification:_identify(src/dronut_controller) by extensions ['colcon_pkg']
[0.213s] Level 1:colcon.colcon_core.package_identification:_identify(src/dronut_controller) by extension 'colcon_pkg'
[0.213s] Level 1:colcon.colcon_core.package_identification:_identify(src/dronut_controller) by extensions ['colcon_meta']
[0.213s] Level 1:colcon.colcon_core.package_identification:_identify(src/dronut_controller) by extension 'colcon_meta'
[0.213s] Level 1:colcon.colcon_core.package_identification:_identify(src/dronut_controller) by extensions ['ros']
[0.213s] Level 1:colcon.colcon_core.package_identification:_identify(src/dronut_controller) by extension 'ros'
[0.216s] DEBUG:colcon.colcon_core.package_identification:Package 'src/dronut_controller' with type 'ros.ament_cmake' and name 'dronut_controller'
[0.216s] Level 1:colcon.colcon_core.package_identification:_identify(src/dronut_description) by extensions ['ignore', 'ignore_ament_install']
[0.216s] Level 1:colcon.colcon_core.package_identification:_identify(src/dronut_description) by extension 'ignore'
[0.216s] Level 1:colcon.colcon_core.package_identification:_identify(src/dronut_description) by extension 'ignore_ament_install'
[0.216s] Level 1:colcon.colcon_core.package_identification:_identify(src/dronut_description) by extensions ['colcon_pkg']
[0.216s] Level 1:colcon.colcon_core.package_identification:_identify(src/dronut_description) by extension 'colcon_pkg'
[0.216s] Level 1:colcon.colcon_core.package_identification:_identify(src/dronut_description) by extensions ['colcon_meta']
[0.216s] Level 1:colcon.colcon_core.package_identification:_identify(src/dronut_description) by extension 'colcon_meta'
[0.217s] Level 1:colcon.colcon_core.package_identification:_identify(src/dronut_description) by extensions ['ros']
[0.217s] Level 1:colcon.colcon_core.package_identification:_identify(src/dronut_description) by extension 'ros'
[0.217s] DEBUG:colcon.colcon_core.package_identification:Package 'src/dronut_description' with type 'ros.ament_python' and name 'dronut_description'
[0.217s] Level 1:colcon.colcon_core.package_identification:_identify(src/dronut_w_cam) by extensions ['ignore', 'ignore_ament_install']
[0.217s] Level 1:colcon.colcon_core.package_identification:_identify(src/dronut_w_cam) by extension 'ignore'
[0.217s] Level 1:colcon.colcon_core.package_identification:_identify(src/dronut_w_cam) by extension 'ignore_ament_install'
[0.218s] Level 1:colcon.colcon_core.package_identification:_identify(src/dronut_w_cam) by extensions ['colcon_pkg']
[0.218s] Level 1:colcon.colcon_core.package_identification:_identify(src/dronut_w_cam) by extension 'colcon_pkg'
[0.218s] Level 1:colcon.colcon_core.package_identification:_identify(src/dronut_w_cam) by extensions ['colcon_meta']
[0.218s] Level 1:colcon.colcon_core.package_identification:_identify(src/dronut_w_cam) by extension 'colcon_meta'
[0.218s] Level 1:colcon.colcon_core.package_identification:_identify(src/dronut_w_cam) by extensions ['ros']
[0.218s] Level 1:colcon.colcon_core.package_identification:_identify(src/dronut_w_cam) by extension 'ros'
[0.218s] DEBUG:colcon.colcon_core.package_identification:Package 'src/dronut_w_cam' with type 'ros.ament_python' and name 'dronut_w_cam'
[0.218s] Level 1:colcon.colcon_core.package_identification:_identify(src/joy_test) by extensions ['ignore', 'ignore_ament_install']
[0.218s] Level 1:colcon.colcon_core.package_identification:_identify(src/joy_test) by extension 'ignore'
[0.218s] Level 1:colcon.colcon_core.package_identification:_identify(src/joy_test) by extension 'ignore_ament_install'
[0.219s] Level 1:colcon.colcon_core.package_identification:_identify(src/joy_test) by extensions ['colcon_pkg']
[0.219s] Level 1:colcon.colcon_core.package_identification:_identify(src/joy_test) by extension 'colcon_pkg'
[0.219s] Level 1:colcon.colcon_core.package_identification:_identify(src/joy_test) by extensions ['colcon_meta']
[0.219s] Level 1:colcon.colcon_core.package_identification:_identify(src/joy_test) by extension 'colcon_meta'
[0.219s] Level 1:colcon.colcon_core.package_identification:_identify(src/joy_test) by extensions ['ros']
[0.219s] Level 1:colcon.colcon_core.package_identification:_identify(src/joy_test) by extension 'ros'
[0.220s] DEBUG:colcon.colcon_core.package_identification:Package 'src/joy_test' with type 'ros.ament_cmake' and name 'joy_test'
[0.220s] Level 1:colcon.colcon_core.package_identification:_identify(src/realsense_cam) by extensions ['ignore', 'ignore_ament_install']
[0.220s] Level 1:colcon.colcon_core.package_identification:_identify(src/realsense_cam) by extension 'ignore'
[0.220s] Level 1:colcon.colcon_core.package_identification:_identify(src/realsense_cam) by extension 'ignore_ament_install'
[0.220s] Level 1:colcon.colcon_core.package_identification:_identify(src/realsense_cam) by extensions ['colcon_pkg']
[0.220s] Level 1:colcon.colcon_core.package_identification:_identify(src/realsense_cam) by extension 'colcon_pkg'
[0.220s] Level 1:colcon.colcon_core.package_identification:_identify(src/realsense_cam) by extensions ['colcon_meta']
[0.220s] Level 1:colcon.colcon_core.package_identification:_identify(src/realsense_cam) by extension 'colcon_meta'
[0.220s] Level 1:colcon.colcon_core.package_identification:_identify(src/realsense_cam) by extensions ['ros']
[0.220s] Level 1:colcon.colcon_core.package_identification:_identify(src/realsense_cam) by extension 'ros'
[0.221s] DEBUG:colcon.colcon_core.package_identification:Package 'src/realsense_cam' with type 'ros.ament_python' and name 'realsense_cam'
[0.221s] Level 1:colcon.colcon_core.package_discovery:discover_packages(recursive) using defaults
[0.221s] Level 1:colcon.colcon_core.package_discovery:discover_packages(ignore) discover
[0.221s] Level 1:colcon.colcon_core.package_discovery:discover_packages(ignore) using defaults
[0.221s] Level 1:colcon.colcon_core.package_discovery:discover_packages(path) discover
[0.221s] Level 1:colcon.colcon_core.package_discovery:discover_packages(path) using defaults
[0.243s] INFO:colcon.colcon_core.package_selection:Skipping not selected package 'dronut_description' in 'src/dronut_description'
[0.243s] INFO:colcon.colcon_core.package_selection:Skipping not selected package 'joy_test' in 'src/joy_test'
[0.243s] INFO:colcon.colcon_core.package_selection:Skipping not selected package 'realsense_cam' in 'src/realsense_cam'
[0.244s] Level 1:colcon.colcon_core.package_discovery:discover_packages(prefix_path) check parameters
[0.244s] Level 1:colcon.colcon_core.package_discovery:discover_packages(prefix_path) discover
[0.246s] DEBUG:colcon.colcon_installed_package_information.package_discovery:Found 5 installed packages in /home/nathan/dronut/install
[0.248s] DEBUG:colcon.colcon_installed_package_information.package_discovery:Found 439 installed packages in /opt/ros/jazzy
[0.249s] Level 1:colcon.colcon_core.package_discovery:discover_packages(prefix_path) using defaults
[0.308s] Level 5:colcon.colcon_core.verb:set package 'dronut_controller' build argument 'cmake_args' from command line to 'None'
[0.308s] Level 5:colcon.colcon_core.verb:set package 'dronut_controller' build argument 'cmake_target' from command line to 'None'
[0.308s] Level 5:colcon.colcon_core.verb:set package 'dronut_controller' build argument 'cmake_target_skip_unavailable' from command line to 'False'
[0.308s] Level 5:colcon.colcon_core.verb:set package 'dronut_controller' build argument 'cmake_clean_cache' from command line to 'False'
[0.308s] Level 5:colcon.colcon_core.verb:set package 'dronut_controller' build argument 'cmake_clean_first' from command line to 'False'
[0.308s] Level 5:colcon.colcon_core.verb:set package 'dronut_controller' build argument 'cmake_force_configure' from command line to 'False'
[0.308s] Level 5:colcon.colcon_core.verb:set package 'dronut_controller' build argument 'ament_cmake_args' from command line to 'None'
[0.308s] Level 5:colcon.colcon_core.verb:set package 'dronut_controller' build argument 'catkin_cmake_args' from command line to 'None'
[0.308s] Level 5:colcon.colcon_core.verb:set package 'dronut_controller' build argument 'catkin_skip_building_tests' from command line to 'False'
[0.308s] DEBUG:colcon.colcon_core.verb:Building package 'dronut_controller' with the following arguments: {'ament_cmake_args': None, 'build_base': '/home/nathan/dronut/build/dronut_controller', 'catkin_cmake_args': None, 'catkin_skip_building_tests': False, 'cmake_args': None, 'cmake_clean_cache': False, 'cmake_clean_first': False, 'cmake_force_configure': False, 'cmake_target': None, 'cmake_target_skip_unavailable': False, 'install_base': '/home/nathan/dronut/install/dronut_controller', 'merge_install': False, 'path': '/home/nathan/dronut/src/dronut_controller', 'symlink_install': False, 'test_result_base': None}
[0.308s] Level 5:colcon.colcon_core.verb:set package 'dronut_w_cam' build argument 'cmake_args' from command line to 'None'
[0.308s] Level 5:colcon.colcon_core.verb:set package 'dronut_w_cam' build argument 'cmake_target' from command line to 'None'
[0.308s] Level 5:colcon.colcon_core.verb:set package 'dronut_w_cam' build argument 'cmake_target_skip_unavailable' from command line to 'False'
[0.308s] Level 5:colcon.colcon_core.verb:set package 'dronut_w_cam' build argument 'cmake_clean_cache' from command line to 'False'
[0.308s] Level 5:colcon.colcon_core.verb:set package 'dronut_w_cam' build argument 'cmake_clean_first' from command line to 'False'
[0.308s] Level 5:colcon.colcon_core.verb:set package 'dronut_w_cam' build argument 'cmake_force_configure' from command line to 'False'
[0.309s] Level 5:colcon.colcon_core.verb:set package 'dronut_w_cam' build argument 'ament_cmake_args' from command line to 'None'
[0.309s] Level 5:colcon.colcon_core.verb:set package 'dronut_w_cam' build argument 'catkin_cmake_args' from command line to 'None'
[0.309s] Level 5:colcon.colcon_core.verb:set package 'dronut_w_cam' build argument 'catkin_skip_building_tests' from command line to 'False'
[0.309s] DEBUG:colcon.colcon_core.verb:Building package 'dronut_w_cam' with the following arguments: {'ament_cmake_args': None, 'build_base': '/home/nathan/dronut/build/dronut_w_cam', 'catkin_cmake_args': None, 'catkin_skip_building_tests': False, 'cmake_args': None, 'cmake_clean_cache': False, 'cmake_clean_first': False, 'cmake_force_configure': False, 'cmake_target': None, 'cmake_target_skip_unavailable': False, 'install_base': '/home/nathan/dronut/install/dronut_w_cam', 'merge_install': False, 'path': '/home/nathan/dronut/src/dronut_w_cam', 'symlink_install': False, 'test_result_base': None}
[0.309s] INFO:colcon.colcon_core.executor:Executing jobs using 'parallel' executor
[0.310s] DEBUG:colcon.colcon_parallel_executor.executor.parallel:run_until_complete
[0.311s] INFO:colcon.colcon_ros.task.ament_cmake.build:Building ROS package in '/home/nathan/dronut/src/dronut_controller' with build type 'ament_cmake'
[0.311s] INFO:colcon.colcon_cmake.task.cmake.build:Building CMake package in '/home/nathan/dronut/src/dronut_controller'
[0.313s] INFO:colcon.colcon_core.plugin_system:Skipping extension 'colcon_core.shell.bat': Not used on non-Windows systems
[0.314s] INFO:colcon.colcon_core.shell:Skip shell extension 'powershell' for command environment: Not usable outside of PowerShell
[0.314s] DEBUG:colcon.colcon_core.shell:Skip shell extension 'dsv' for command environment
[0.319s] INFO:colcon.colcon_ros.task.ament_python.build:Building ROS package in '/home/nathan/dronut/src/dronut_w_cam' with build type 'ament_python'
[0.319s] Level 1:colcon.colcon_core.shell:create_environment_hook('dronut_w_cam', 'ament_prefix_path')
[0.319s] INFO:colcon.colcon_core.shell:Creating environment hook '/home/nathan/dronut/install/dronut_w_cam/share/dronut_w_cam/hook/ament_prefix_path.ps1'
[0.320s] INFO:colcon.colcon_core.shell:Creating environment descriptor '/home/nathan/dronut/install/dronut_w_cam/share/dronut_w_cam/hook/ament_prefix_path.dsv'
[0.321s] INFO:colcon.colcon_core.shell:Creating environment hook '/home/nathan/dronut/install/dronut_w_cam/share/dronut_w_cam/hook/ament_prefix_path.sh'
[0.321s] INFO:colcon.colcon_core.shell:Skip shell extension 'powershell' for command environment: Not usable outside of PowerShell
[0.321s] DEBUG:colcon.colcon_core.shell:Skip shell extension 'dsv' for command environment
[0.332s] DEBUG:colcon.colcon_core.event_handler.log_command:Invoking command in '/home/nathan/dronut/build/dronut_controller': CMAKE_PREFIX_PATH=${CMAKE_PREFIX_PATH}:/home/nathan/dronut/install/realsense_cam:/home/nathan/dronut/install/dronut_w_cam:/home/nathan/dronut/install/dronut_description:/opt/ros/jazzy DEBUGINFOD_URLS=https://debuginfod.ubuntu.com /usr/bin/cmake --build /home/nathan/dronut/build/dronut_controller -- -j20 -l20
[0.669s] INFO:colcon.colcon_core.task.python.build:Building Python package in '/home/nathan/dronut/src/dronut_w_cam'
[0.669s] INFO:colcon.colcon_core.shell:Skip shell extension 'powershell' for command environment: Not usable outside of PowerShell
[0.669s] DEBUG:colcon.colcon_core.shell:Skip shell extension 'dsv' for command environment
[0.676s] DEBUG:colcon.colcon_core.event_handler.log_command:Invoked command in '/home/nathan/dronut/build/dronut_controller' returned '0': CMAKE_PREFIX_PATH=${CMAKE_PREFIX_PATH}:/home/nathan/dronut/install/realsense_cam:/home/nathan/dronut/install/dronut_w_cam:/home/nathan/dronut/install/dronut_description:/opt/ros/jazzy DEBUGINFOD_URLS=https://debuginfod.ubuntu.com /usr/bin/cmake --build /home/nathan/dronut/build/dronut_controller -- -j20 -l20
[0.690s] DEBUG:colcon.colcon_core.event_handler.log_command:Invoking command in '/home/nathan/dronut/build/dronut_controller': CMAKE_PREFIX_PATH=${CMAKE_PREFIX_PATH}:/home/nathan/dronut/install/realsense_cam:/home/nathan/dronut/install/dronut_w_cam:/home/nathan/dronut/install/dronut_description:/opt/ros/jazzy DEBUGINFOD_URLS=https://debuginfod.ubuntu.com /usr/bin/cmake --install /home/nathan/dronut/build/dronut_controller
[0.707s] Level 1:colcon.colcon_core.environment:create_environment_scripts_only(dronut_controller)
[0.707s] DEBUG:colcon.colcon_core.event_handler.log_command:Invoked command in '/home/nathan/dronut/build/dronut_controller' returned '0': CMAKE_PREFIX_PATH=${CMAKE_PREFIX_PATH}:/home/nathan/dronut/install/realsense_cam:/home/nathan/dronut/install/dronut_w_cam:/home/nathan/dronut/install/dronut_description:/opt/ros/jazzy DEBUGINFOD_URLS=https://debuginfod.ubuntu.com /usr/bin/cmake --install /home/nathan/dronut/build/dronut_controller
[0.710s] Level 1:colcon.colcon_core.environment:checking '/home/nathan/dronut/install/dronut_controller' for CMake module files
[0.711s] Level 1:colcon.colcon_core.environment:checking '/home/nathan/dronut/install/dronut_controller' for CMake config files
[0.711s] Level 1:colcon.colcon_core.shell:create_environment_hook('dronut_controller', 'cmake_prefix_path')
[0.712s] INFO:colcon.colcon_core.shell:Creating environment hook '/home/nathan/dronut/install/dronut_controller/share/dronut_controller/hook/cmake_prefix_path.ps1'
[0.712s] INFO:colcon.colcon_core.shell:Creating environment descriptor '/home/nathan/dronut/install/dronut_controller/share/dronut_controller/hook/cmake_prefix_path.dsv'
[0.713s] INFO:colcon.colcon_core.shell:Creating environment hook '/home/nathan/dronut/install/dronut_controller/share/dronut_controller/hook/cmake_prefix_path.sh'
[0.714s] Level 1:colcon.colcon_core.environment:checking '/home/nathan/dronut/install/dronut_controller/lib'
[0.714s] Level 1:colcon.colcon_core.environment:checking '/home/nathan/dronut/install/dronut_controller/bin'
[0.715s] Level 1:colcon.colcon_core.environment:checking '/home/nathan/dronut/install/dronut_controller/lib/pkgconfig/dronut_controller.pc'
[0.715s] Level 1:colcon.colcon_core.environment:checking '/home/nathan/dronut/install/dronut_controller/lib/python3.12/site-packages'
[0.715s] Level 1:colcon.colcon_core.environment:checking '/home/nathan/dronut/install/dronut_controller/bin'
[0.716s] INFO:colcon.colcon_core.shell:Creating package script '/home/nathan/dronut/install/dronut_controller/share/dronut_controller/package.ps1'
[0.717s] INFO:colcon.colcon_core.shell:Creating package descriptor '/home/nathan/dronut/install/dronut_controller/share/dronut_controller/package.dsv'
[0.718s] INFO:colcon.colcon_core.shell:Creating package script '/home/nathan/dronut/install/dronut_controller/share/dronut_controller/package.sh'
[0.719s] INFO:colcon.colcon_core.shell:Creating package script '/home/nathan/dronut/install/dronut_controller/share/dronut_controller/package.bash'
[0.720s] INFO:colcon.colcon_core.shell:Creating package script '/home/nathan/dronut/install/dronut_controller/share/dronut_controller/package.zsh'
[0.722s] Level 1:colcon.colcon_core.environment:create_file_with_runtime_dependencies(/home/nathan/dronut/install/dronut_controller/share/colcon-core/packages/dronut_controller)
[0.723s] Level 1:colcon.colcon_core.environment:create_environment_scripts_only(dronut_controller)
[0.723s] Level 1:colcon.colcon_core.environment:checking '/home/nathan/dronut/install/dronut_controller' for CMake module files
[0.724s] Level 1:colcon.colcon_core.environment:checking '/home/nathan/dronut/install/dronut_controller' for CMake config files
[0.724s] Level 1:colcon.colcon_core.shell:create_environment_hook('dronut_controller', 'cmake_prefix_path')
[0.724s] INFO:colcon.colcon_core.shell:Creating environment hook '/home/nathan/dronut/install/dronut_controller/share/dronut_controller/hook/cmake_prefix_path.ps1'
[0.725s] INFO:colcon.colcon_core.shell:Creating environment descriptor '/home/nathan/dronut/install/dronut_controller/share/dronut_controller/hook/cmake_prefix_path.dsv'
[0.726s] INFO:colcon.colcon_core.shell:Creating environment hook '/home/nathan/dronut/install/dronut_controller/share/dronut_controller/hook/cmake_prefix_path.sh'
[0.727s] Level 1:colcon.colcon_core.environment:checking '/home/nathan/dronut/install/dronut_controller/lib'
[0.727s] Level 1:colcon.colcon_core.environment:checking '/home/nathan/dronut/install/dronut_controller/bin'
[0.727s] Level 1:colcon.colcon_core.environment:checking '/home/nathan/dronut/install/dronut_controller/lib/pkgconfig/dronut_controller.pc'
[0.727s] Level 1:colcon.colcon_core.environment:checking '/home/nathan/dronut/install/dronut_controller/lib/python3.12/site-packages'
[0.728s] Level 1:colcon.colcon_core.environment:checking '/home/nathan/dronut/install/dronut_controller/bin'
[0.728s] INFO:colcon.colcon_core.shell:Creating package script '/home/nathan/dronut/install/dronut_controller/share/dronut_controller/package.ps1'
[0.729s] INFO:colcon.colcon_core.shell:Creating package descriptor '/home/nathan/dronut/install/dronut_controller/share/dronut_controller/package.dsv'
[0.729s] INFO:colcon.colcon_core.shell:Creating package script '/home/nathan/dronut/install/dronut_controller/share/dronut_controller/package.sh'
[0.730s] INFO:colcon.colcon_core.shell:Creating package script '/home/nathan/dronut/install/dronut_controller/share/dronut_controller/package.bash'
[0.731s] INFO:colcon.colcon_core.shell:Creating package script '/home/nathan/dronut/install/dronut_controller/share/dronut_controller/package.zsh'
[0.731s] Level 1:colcon.colcon_core.environment:create_file_with_runtime_dependencies(/home/nathan/dronut/install/dronut_controller/share/colcon-core/packages/dronut_controller)
[1.440s] DEBUG:colcon.colcon_core.event_handler.log_command:Invoking command in '/home/nathan/dronut/src/dronut_w_cam': DEBUGINFOD_URLS=https://debuginfod.ubuntu.com PYTHONPATH=/home/nathan/dronut/build/dronut_w_cam/prefix_override:/usr/lib/python3/dist-packages/colcon_core/task/python/colcon_distutils_commands:/home/nathan/dronut/install/dronut_w_cam/lib/python3.12/site-packages:${PYTHONPATH} /usr/bin/python3 -W ignore:setup.py install is deprecated -W ignore:easy_install command is deprecated setup.py egg_info --egg-base ../../build/dronut_w_cam build --build-base /home/nathan/dronut/build/dronut_w_cam/build install --record /home/nathan/dronut/build/dronut_w_cam/install.log --single-version-externally-managed install_data
[2.159s] Level 1:colcon.colcon_core.environment:checking '/home/nathan/dronut/install/dronut_w_cam' for CMake module files
[2.160s] DEBUG:colcon.colcon_core.event_handler.log_command:Invoked command in '/home/nathan/dronut/src/dronut_w_cam' returned '0': DEBUGINFOD_URLS=https://debuginfod.ubuntu.com PYTHONPATH=/home/nathan/dronut/build/dronut_w_cam/prefix_override:/usr/lib/python3/dist-packages/colcon_core/task/python/colcon_distutils_commands:/home/nathan/dronut/install/dronut_w_cam/lib/python3.12/site-packages:${PYTHONPATH} /usr/bin/python3 -W ignore:setup.py install is deprecated -W ignore:easy_install command is deprecated setup.py egg_info --egg-base ../../build/dronut_w_cam build --build-base /home/nathan/dronut/build/dronut_w_cam/build install --record /home/nathan/dronut/build/dronut_w_cam/install.log --single-version-externally-managed install_data
[2.160s] Level 1:colcon.colcon_core.environment:checking '/home/nathan/dronut/install/dronut_w_cam' for CMake config files
[2.161s] Level 1:colcon.colcon_core.environment:checking '/home/nathan/dronut/install/dronut_w_cam/lib'
[2.161s] Level 1:colcon.colcon_core.environment:checking '/home/nathan/dronut/install/dronut_w_cam/bin'
[2.161s] Level 1:colcon.colcon_core.environment:checking '/home/nathan/dronut/install/dronut_w_cam/lib/pkgconfig/dronut_w_cam.pc'
[2.162s] Level 1:colcon.colcon_core.environment:checking '/home/nathan/dronut/install/dronut_w_cam/lib/python3.12/site-packages'
[2.162s] Level 1:colcon.colcon_core.shell:create_environment_hook('dronut_w_cam', 'pythonpath')
[2.162s] INFO:colcon.colcon_core.shell:Creating environment hook '/home/nathan/dronut/install/dronut_w_cam/share/dronut_w_cam/hook/pythonpath.ps1'
[2.163s] INFO:colcon.colcon_core.shell:Creating environment descriptor '/home/nathan/dronut/install/dronut_w_cam/share/dronut_w_cam/hook/pythonpath.dsv'
[2.163s] INFO:colcon.colcon_core.shell:Creating environment hook '/home/nathan/dronut/install/dronut_w_cam/share/dronut_w_cam/hook/pythonpath.sh'
[2.164s] Level 1:colcon.colcon_core.environment:checking '/home/nathan/dronut/install/dronut_w_cam/bin'
[2.164s] Level 1:colcon.colcon_core.environment:create_environment_scripts_only(dronut_w_cam)
[2.165s] INFO:colcon.colcon_core.shell:Creating package script '/home/nathan/dronut/install/dronut_w_cam/share/dronut_w_cam/package.ps1'
[2.165s] INFO:colcon.colcon_core.shell:Creating package descriptor '/home/nathan/dronut/install/dronut_w_cam/share/dronut_w_cam/package.dsv'
[2.166s] INFO:colcon.colcon_core.shell:Creating package script '/home/nathan/dronut/install/dronut_w_cam/share/dronut_w_cam/package.sh'
[2.166s] INFO:colcon.colcon_core.shell:Creating package script '/home/nathan/dronut/install/dronut_w_cam/share/dronut_w_cam/package.bash'
[2.167s] INFO:colcon.colcon_core.shell:Creating package script '/home/nathan/dronut/install/dronut_w_cam/share/dronut_w_cam/package.zsh'
[2.167s] Level 1:colcon.colcon_core.environment:create_file_with_runtime_dependencies(/home/nathan/dronut/install/dronut_w_cam/share/colcon-core/packages/dronut_w_cam)
[2.168s] DEBUG:colcon.colcon_parallel_executor.executor.parallel:closing loop
[2.168s] DEBUG:colcon.colcon_parallel_executor.executor.parallel:loop closed
[2.169s] DEBUG:colcon.colcon_parallel_executor.executor.parallel:run_until_complete finished with '0'
[2.169s] DEBUG:colcon.colcon_core.event_reactor:joining thread
[2.193s] INFO:colcon.colcon_core.plugin_system:Skipping extension 'colcon_notification.desktop_notification.terminal_notifier': Not used on non-Darwin systems
[2.193s] INFO:colcon.colcon_core.plugin_system:Skipping extension 'colcon_notification.desktop_notification.win32': Not used on non-Windows systems
[2.193s] INFO:colcon.colcon_notification.desktop_notification:Sending desktop notification using 'notify2'
[2.219s] DEBUG:colcon.colcon_core.event_reactor:joined thread
[2.220s] INFO:colcon.colcon_core.shell:Creating prefix script '/home/nathan/dronut/install/local_setup.ps1'
[2.221s] INFO:colcon.colcon_core.shell:Creating prefix util module '/home/nathan/dronut/install/_local_setup_util_ps1.py'
[2.223s] INFO:colcon.colcon_core.shell:Creating prefix chain script '/home/nathan/dronut/install/setup.ps1'
[2.224s] INFO:colcon.colcon_core.shell:Creating prefix script '/home/nathan/dronut/install/local_setup.sh'
[2.225s] INFO:colcon.colcon_core.shell:Creating prefix util module '/home/nathan/dronut/install/_local_setup_util_sh.py'
[2.226s] INFO:colcon.colcon_core.shell:Creating prefix chain script '/home/nathan/dronut/install/setup.sh'
[2.227s] INFO:colcon.colcon_core.shell:Creating prefix script '/home/nathan/dronut/install/local_setup.bash'
[2.228s] INFO:colcon.colcon_core.shell:Creating prefix chain script '/home/nathan/dronut/install/setup.bash'
[2.230s] INFO:colcon.colcon_core.shell:Creating prefix script '/home/nathan/dronut/install/local_setup.zsh'
[2.231s] INFO:colcon.colcon_core.shell:Creating prefix chain script '/home/nathan/dronut/install/setup.zsh'
