/home/nathan/.local/lib/python3.12/site-packages/setuptools/_distutils/dist.py:261: UserWarning: Unknown distribution option: 'tests_require'
  warnings.warn(msg)
running egg_info
creating ../../build/realsense_cam/realsense_cam.egg-info
writing ../../build/realsense_cam/realsense_cam.egg-info/PKG-INFO
writing dependency_links to ../../build/realsense_cam/realsense_cam.egg-info/dependency_links.txt
writing requirements to ../../build/realsense_cam/realsense_cam.egg-info/requires.txt
writing top-level names to ../../build/realsense_cam/realsense_cam.egg-info/top_level.txt
writing manifest file '../../build/realsense_cam/realsense_cam.egg-info/SOURCES.txt'
reading manifest file '../../build/realsense_cam/realsense_cam.egg-info/SOURCES.txt'
writing manifest file '../../build/realsense_cam/realsense_cam.egg-info/SOURCES.txt'
running build
running build_py
creating /home/nathan/dronut/build/realsense_cam/build/lib/realsense_cam
copying realsense_cam/__init__.py -> /home/nathan/dronut/build/realsense_cam/build/lib/realsense_cam
running install
running install_lib
creating /home/nathan/dronut/install/realsense_cam/lib/python3.12/site-packages/realsense_cam
copying /home/nathan/dronut/build/realsense_cam/build/lib/realsense_cam/__init__.py -> /home/nathan/dronut/install/realsense_cam/lib/python3.12/site-packages/realsense_cam
byte-compiling /home/nathan/dronut/install/realsense_cam/lib/python3.12/site-packages/realsense_cam/__init__.py to __init__.cpython-312.pyc
running install_data
creating /home/nathan/dronut/install/realsense_cam/share/ament_index/resource_index/packages
copying resource/realsense_cam -> /home/nathan/dronut/install/realsense_cam/share/ament_index/resource_index/packages
copying package.xml -> /home/nathan/dronut/install/realsense_cam/share/realsense_cam
creating /home/nathan/dronut/install/realsense_cam/share/realsense_cam/launch
copying launch/depth.launch.py -> /home/nathan/dronut/install/realsense_cam/share/realsense_cam/launch
creating /home/nathan/dronut/install/realsense_cam/share/realsense_cam/meshes
copying meshes/plug_collision.stl -> /home/nathan/dronut/install/realsense_cam/share/realsense_cam/meshes
copying meshes/d455.stl -> /home/nathan/dronut/install/realsense_cam/share/realsense_cam/meshes
copying meshes/plug.stl -> /home/nathan/dronut/install/realsense_cam/share/realsense_cam/meshes
creating /home/nathan/dronut/install/realsense_cam/share/realsense_cam/urdf
copying urdf/materials.urdf.xacro -> /home/nathan/dronut/install/realsense_cam/share/realsense_cam/urdf
copying urdf/test_d455_camera.urdf.xacro -> /home/nathan/dronut/install/realsense_cam/share/realsense_cam/urdf
copying urdf/d455.urdf.xacro -> /home/nathan/dronut/install/realsense_cam/share/realsense_cam/urdf
copying urdf/usb_plug.urdf.xacro -> /home/nathan/dronut/install/realsense_cam/share/realsense_cam/urdf
creating /home/nathan/dronut/install/realsense_cam/share/realsense_cam/rviz
copying rviz/camera_view.rviz -> /home/nathan/dronut/install/realsense_cam/share/realsense_cam/rviz
creating /home/nathan/dronut/install/realsense_cam/share/realsense_cam/worlds
running install_egg_info
Copying ../../build/realsense_cam/realsense_cam.egg-info to /home/nathan/dronut/install/realsense_cam/lib/python3.12/site-packages/realsense_cam-0.0.0-py3.12.egg-info
running install_scripts
writing list of installed files to '/home/nathan/dronut/build/realsense_cam/install.log'
