[1.030s] Invoking command in '/home/nathan/dronut/src/realsense_cam': DEBUGINFOD_URLS=https://debuginfod.ubuntu.com PYTHONPATH=/home/nathan/dronut/build/realsense_cam/prefix_override:/usr/lib/python3/dist-packages/colcon_core/task/python/colcon_distutils_commands:/home/nathan/dronut/install/realsense_cam/lib/python3.12/site-packages:${PYTHONPATH} /usr/bin/python3 -W ignore:setup.py install is deprecated -W ignore:easy_install command is deprecated setup.py egg_info --egg-base ../../build/realsense_cam build --build-base /home/nathan/dronut/build/realsense_cam/build install --record /home/nathan/dronut/build/realsense_cam/install.log --single-version-externally-managed install_data
[1.164s] /home/nathan/.local/lib/python3.12/site-packages/setuptools/_distutils/dist.py:261: UserWarning: Unknown distribution option: 'tests_require'
[1.165s]   warnings.warn(msg)
[1.276s] running egg_info
[1.296s] creating ../../build/realsense_cam/realsense_cam.egg-info
[1.296s] writing ../../build/realsense_cam/realsense_cam.egg-info/PKG-INFO
[1.296s] writing dependency_links to ../../build/realsense_cam/realsense_cam.egg-info/dependency_links.txt
[1.296s] writing requirements to ../../build/realsense_cam/realsense_cam.egg-info/requires.txt
[1.297s] writing top-level names to ../../build/realsense_cam/realsense_cam.egg-info/top_level.txt
[1.297s] writing manifest file '../../build/realsense_cam/realsense_cam.egg-info/SOURCES.txt'
[1.336s] reading manifest file '../../build/realsense_cam/realsense_cam.egg-info/SOURCES.txt'
[1.337s] writing manifest file '../../build/realsense_cam/realsense_cam.egg-info/SOURCES.txt'
[1.337s] running build
[1.337s] running build_py
[1.337s] creating /home/nathan/dronut/build/realsense_cam/build/lib/realsense_cam
[1.337s] copying realsense_cam/__init__.py -> /home/nathan/dronut/build/realsense_cam/build/lib/realsense_cam
[1.337s] running install
[1.343s] running install_lib
[1.365s] creating /home/nathan/dronut/install/realsense_cam/lib/python3.12/site-packages/realsense_cam
[1.365s] copying /home/nathan/dronut/build/realsense_cam/build/lib/realsense_cam/__init__.py -> /home/nathan/dronut/install/realsense_cam/lib/python3.12/site-packages/realsense_cam
[1.365s] byte-compiling /home/nathan/dronut/install/realsense_cam/lib/python3.12/site-packages/realsense_cam/__init__.py to __init__.cpython-312.pyc
[1.366s] running install_data
[1.366s] creating /home/nathan/dronut/install/realsense_cam/share/ament_index/resource_index/packages
[1.366s] copying resource/realsense_cam -> /home/nathan/dronut/install/realsense_cam/share/ament_index/resource_index/packages
[1.366s] copying package.xml -> /home/nathan/dronut/install/realsense_cam/share/realsense_cam
[1.366s] creating /home/nathan/dronut/install/realsense_cam/share/realsense_cam/launch
[1.366s] copying launch/depth.launch.py -> /home/nathan/dronut/install/realsense_cam/share/realsense_cam/launch
[1.366s] creating /home/nathan/dronut/install/realsense_cam/share/realsense_cam/meshes
[1.366s] copying meshes/plug_collision.stl -> /home/nathan/dronut/install/realsense_cam/share/realsense_cam/meshes
[1.367s] copying meshes/d455.stl -> /home/nathan/dronut/install/realsense_cam/share/realsense_cam/meshes
[1.367s] copying meshes/plug.stl -> /home/nathan/dronut/install/realsense_cam/share/realsense_cam/meshes
[1.367s] creating /home/nathan/dronut/install/realsense_cam/share/realsense_cam/urdf
[1.367s] copying urdf/materials.urdf.xacro -> /home/nathan/dronut/install/realsense_cam/share/realsense_cam/urdf
[1.367s] copying urdf/test_d455_camera.urdf.xacro -> /home/nathan/dronut/install/realsense_cam/share/realsense_cam/urdf
[1.367s] copying urdf/d455.urdf.xacro -> /home/nathan/dronut/install/realsense_cam/share/realsense_cam/urdf
[1.367s] copying urdf/usb_plug.urdf.xacro -> /home/nathan/dronut/install/realsense_cam/share/realsense_cam/urdf
[1.367s] creating /home/nathan/dronut/install/realsense_cam/share/realsense_cam/rviz
[1.368s] copying rviz/camera_view.rviz -> /home/nathan/dronut/install/realsense_cam/share/realsense_cam/rviz
[1.368s] creating /home/nathan/dronut/install/realsense_cam/share/realsense_cam/worlds
[1.368s] running install_egg_info
[1.388s] Copying ../../build/realsense_cam/realsense_cam.egg-info to /home/nathan/dronut/install/realsense_cam/lib/python3.12/site-packages/realsense_cam-0.0.0-py3.12.egg-info
[1.388s] running install_scripts
[1.498s] writing list of installed files to '/home/nathan/dronut/build/realsense_cam/install.log'
[1.524s] Invoked command in '/home/nathan/dronut/src/realsense_cam' returned '0': DEBUGINFOD_URLS=https://debuginfod.ubuntu.com PYTHONPATH=/home/nathan/dronut/build/realsense_cam/prefix_override:/usr/lib/python3/dist-packages/colcon_core/task/python/colcon_distutils_commands:/home/nathan/dronut/install/realsense_cam/lib/python3.12/site-packages:${PYTHONPATH} /usr/bin/python3 -W ignore:setup.py install is deprecated -W ignore:easy_install command is deprecated setup.py egg_info --egg-base ../../build/realsense_cam build --build-base /home/nathan/dronut/build/realsense_cam/build install --record /home/nathan/dronut/build/realsense_cam/install.log --single-version-externally-managed install_data
