[0.019s] Invoking command in '/home/nathan/dronut/build/dronut_controller': CMAKE_PREFIX_PATH=${CMAKE_PREFIX_PATH}:/home/nathan/dronut/install/realsense_cam:/home/nathan/dronut/install/dronut_w_cam:/home/nathan/dronut/install/dronut_description:/opt/ros/jazzy DEBUGINFOD_URLS=https://debuginfod.ubuntu.com /usr/bin/cmake --build /home/nathan/dronut/build/dronut_controller -- -j20 -l20
[0.068s] [100%] Built target drone_control_node
[0.185s] Invoked command in '/home/nathan/dronut/build/dronut_controller' returned '0': CMAKE_PREFIX_PATH=${CMAKE_PREFIX_PATH}:/home/nathan/dronut/install/realsense_cam:/home/nathan/dronut/install/dronut_w_cam:/home/nathan/dronut/install/dronut_description:/opt/ros/jazzy DEBUGINFOD_URLS=https://debuginfod.ubuntu.com /usr/bin/cmake --build /home/nathan/dronut/build/dronut_controller -- -j20 -l20
[0.193s] Invoking command in '/home/nathan/dronut/build/dronut_controller': CMAKE_PREFIX_PATH=${CMAKE_PREFIX_PATH}:/home/nathan/dronut/install/realsense_cam:/home/nathan/dronut/install/dronut_w_cam:/home/nathan/dronut/install/dronut_description:/opt/ros/jazzy DEBUGINFOD_URLS=https://debuginfod.ubuntu.com /usr/bin/cmake --install /home/nathan/dronut/build/dronut_controller
[0.203s] -- Install configuration: ""
[0.203s] -- Up-to-date: /home/nathan/dronut/install/dronut_controller/lib/dronut_controller/drone_control_node
[0.203s] -- Up-to-date: /home/nathan/dronut/install/dronut_controller/share/dronut_controller//worlds
[0.203s] -- Up-to-date: /home/nathan/dronut/install/dronut_controller/share/dronut_controller//worlds/empty.sdf
[0.203s] -- Up-to-date: /home/nathan/dronut/install/dronut_controller/share/dronut_controller//worlds/sample.wbt
[0.203s] -- Up-to-date: /home/nathan/dronut/install/dronut_controller/share/dronut_controller//worlds/.sample.jpg
[0.203s] -- Installing: /home/nathan/dronut/install/dronut_controller/share/dronut_controller//worlds/trial.sdf
[0.203s] -- Up-to-date: /home/nathan/dronut/install/dronut_controller/share/dronut_controller//launch
[0.203s] -- Up-to-date: /home/nathan/dronut/install/dronut_controller/share/dronut_controller//launch/drone.launch.py
[0.204s] -- Up-to-date: /home/nathan/dronut/install/dronut_controller/share/dronut_controller//config
[0.204s] -- Up-to-date: /home/nathan/dronut/install/dronut_controller/share/dronut_controller//config/dronut_controllers.yaml
[0.204s] -- Up-to-date: /home/nathan/dronut/install/dronut_controller/share/ament_index/resource_index/package_run_dependencies/dronut_controller
[0.204s] -- Up-to-date: /home/nathan/dronut/install/dronut_controller/share/ament_index/resource_index/parent_prefix_path/dronut_controller
[0.204s] -- Up-to-date: /home/nathan/dronut/install/dronut_controller/share/dronut_controller/environment/ament_prefix_path.sh
[0.204s] -- Up-to-date: /home/nathan/dronut/install/dronut_controller/share/dronut_controller/environment/ament_prefix_path.dsv
[0.205s] -- Up-to-date: /home/nathan/dronut/install/dronut_controller/share/dronut_controller/environment/path.sh
[0.205s] -- Up-to-date: /home/nathan/dronut/install/dronut_controller/share/dronut_controller/environment/path.dsv
[0.205s] -- Up-to-date: /home/nathan/dronut/install/dronut_controller/share/dronut_controller/local_setup.bash
[0.206s] -- Up-to-date: /home/nathan/dronut/install/dronut_controller/share/dronut_controller/local_setup.sh
[0.206s] -- Up-to-date: /home/nathan/dronut/install/dronut_controller/share/dronut_controller/local_setup.zsh
[0.206s] -- Up-to-date: /home/nathan/dronut/install/dronut_controller/share/dronut_controller/local_setup.dsv
[0.206s] -- Installing: /home/nathan/dronut/install/dronut_controller/share/dronut_controller/package.dsv
[0.206s] -- Up-to-date: /home/nathan/dronut/install/dronut_controller/share/ament_index/resource_index/packages/dronut_controller
[0.207s] -- Up-to-date: /home/nathan/dronut/install/dronut_controller/share/dronut_controller/cmake/dronut_controllerConfig.cmake
[0.207s] -- Up-to-date: /home/nathan/dronut/install/dronut_controller/share/dronut_controller/cmake/dronut_controllerConfig-version.cmake
[0.207s] -- Up-to-date: /home/nathan/dronut/install/dronut_controller/share/dronut_controller/package.xml
[0.207s] Invoked command in '/home/nathan/dronut/build/dronut_controller' returned '0': CMAKE_PREFIX_PATH=${CMAKE_PREFIX_PATH}:/home/nathan/dronut/install/realsense_cam:/home/nathan/dronut/install/dronut_w_cam:/home/nathan/dronut/install/dronut_description:/opt/ros/jazzy DEBUGINFOD_URLS=https://debuginfod.ubuntu.com /usr/bin/cmake --install /home/nathan/dronut/build/dronut_controller
