[0.011s] Invoking command in '/home/nathan/dronut/build/dronut_controller': CMAKE_PREFIX_PATH=${CMAKE_PREFIX_PATH}:/home/nathan/leo-rover-autonomous-exploration/install/leo_v4:/home/nathan/leo-rover-autonomous-exploration/install/leo_v3:/home/nathan/leo-rover-autonomous-exploration/install/leo_v2:/home/nathan/leo-rover-autonomous-exploration/install/leo_v1:/home/nathan/leo-rover-autonomous-exploration/install/leo_description:/home/nathan/Week-5-6-Gazebo-sensors/install/bme_gazebo_sensors_py:/home/nathan/dronut/install/realsense_cam:/home/nathan/dronut/install/dronut_w_cam:/home/nathan/dronut/install/dronut_description:/opt/ros/jazzy DEBUGINFOD_URLS=https://debuginfod.ubuntu.com /usr/bin/cmake --build /home/nathan/dronut/build/dronut_controller -- -j20 -l20
[0.032s] -- Found ament_cmake: 2.5.3 (/opt/ros/jazzy/share/ament_cmake/cmake)
[0.216s] -- Found rclcpp: 28.1.6 (/opt/ros/jazzy/share/rclcpp/cmake)
[0.239s] -- Found rosidl_generator_c: 4.6.5 (/opt/ros/jazzy/share/rosidl_generator_c/cmake)
[0.246s] -- Found rosidl_generator_cpp: 4.6.5 (/opt/ros/jazzy/share/rosidl_generator_cpp/cmake)
[0.256s] -- Using all available rosidl_typesupport_c: rosidl_typesupport_fastrtps_c;rosidl_typesupport_introspection_c
[0.266s] -- Using all available rosidl_typesupport_cpp: rosidl_typesupport_fastrtps_cpp;rosidl_typesupport_introspection_cpp
[0.316s] -- Found rmw_implementation_cmake: 7.3.1 (/opt/ros/jazzy/share/rmw_implementation_cmake/cmake)
[0.318s] -- Found rmw_fastrtps_cpp: 8.4.1 (/opt/ros/jazzy/share/rmw_fastrtps_cpp/cmake)
[0.378s] -- Using RMW implementation 'rmw_fastrtps_cpp' as default
[0.431s] -- Found sensor_msgs: 5.3.5 (/opt/ros/jazzy/share/sensor_msgs/cmake)
[0.477s] -- Found tf2: 0.36.7 (/opt/ros/jazzy/share/tf2/cmake)
[0.479s] -- Found tf2_ros: 0.36.7 (/opt/ros/jazzy/share/tf2_ros/cmake)
[0.568s] -- Found control_msgs: 5.3.0 (/opt/ros/jazzy/share/control_msgs/cmake)
[0.615s] -- Found ros_gz_interfaces: 1.0.7 (/opt/ros/jazzy/share/ros_gz_interfaces/cmake)
[0.643s] -- Found gz_cmake_vendor: 0.0.8 (/opt/ros/jazzy/share/gz_cmake_vendor/cmake)
[0.649s] [31mCMake Error at /opt/ros/jazzy/opt/gz_cmake_vendor/extra_cmake/lib/cmake/gz-cmake/gz-cmake-config.cmake:6 (add_library):
[0.649s]   add_library cannot create ALIAS target "gz-cmake::gz-cmake" because target
[0.649s]   "gz-cmake3::gz-cmake3" does not already exist.
[0.649s] Call Stack (most recent call first):
[0.649s]   CMakeLists.txt:18 (find_package)
[0.649s] 
[0.649s] [0m
[0.649s] [31mCMake Error at /opt/ros/jazzy/opt/gz_cmake_vendor/extra_cmake/lib/cmake/gz-cmake/gz-cmake-config.cmake:7 (add_library):
[0.649s]   add_library cannot create ALIAS target "gz-cmake::core" because target
[0.649s]   "gz-cmake3::gz-cmake3" does not already exist.
[0.649s] Call Stack (most recent call first):
[0.649s]   CMakeLists.txt:18 (find_package)
[0.649s] 
[0.649s] [0m
[0.650s] [31mCMake Error at /opt/ros/jazzy/opt/gz_cmake_vendor/extra_cmake/lib/cmake/gz-cmake/gz-cmake-config.cmake:10 (get_target_property):
[0.650s]   get_target_property() called with non-existent target
[0.650s]   "gz-cmake3::requested".
[0.650s] Call Stack (most recent call first):
[0.650s]   CMakeLists.txt:18 (find_package)
[0.650s] 
[0.650s] [0m
[0.650s] [31mCMake Error at /opt/ros/jazzy/opt/gz_cmake_vendor/extra_cmake/lib/cmake/gz-cmake/gz-cmake-config.cmake:24 (add_library):
[0.650s]   add_library cannot create ALIAS target "gz-cmake" because target
[0.650s]   "gz-cmake3::gz-cmake3" does not already exist.
[0.650s] Call Stack (most recent call first):
[0.650s]   CMakeLists.txt:18 (find_package)
[0.650s] 
[0.650s] [0m
[0.652s] -- Found gz_utils_vendor: 0.0.4 (/opt/ros/jazzy/share/gz_utils_vendor/cmake)
[0.654s] -- Looking for gz-utils2 -- found version 2.2.0
[0.655s] -- Searching for dependencies of gz-utils2
[0.658s] -- Found gz_math_vendor: 0.0.7 (/opt/ros/jazzy/share/gz_math_vendor/cmake)
[0.661s] -- Looking for gz-math7 -- found version 7.5.1
[0.661s] -- Searching for dependencies of gz-math7
[0.661s] -- Looking for gz-utils2 -- found version 2.2.0
[0.665s] -- Found ament_lint_auto: 0.17.1 (/opt/ros/jazzy/share/ament_lint_auto/cmake)
[0.741s] -- Added test 'cppcheck' to perform static code analysis on C / C++ code
[0.741s] -- Configured cppcheck include dirs: /home/nathan/dronut/src/dronut_controller/include
[0.741s] -- Configured cppcheck exclude dirs and/or files: 
[0.742s] -- Added test 'flake8' to check Python code syntax and style conventions
[0.742s] -- Configured 'flake8' exclude dirs and/or files: 
[0.742s] -- Added test 'lint_cmake' to check CMake code style
[0.743s] -- Added test 'pep257' to check Python code against some of the docstring style conventions in PEP 257
[0.744s] -- Added test 'uncrustify' to check C / C++ code style
[0.744s] -- Configured uncrustify additional arguments: 
[0.744s] -- Added test 'xmllint' to check XML markup files
[0.744s] -- Configuring incomplete, errors occurred!
[0.752s] gmake: *** [Makefile:321: cmake_check_build_system] Error 1
[0.754s] Invoked command in '/home/nathan/dronut/build/dronut_controller' returned '2': CMAKE_PREFIX_PATH=${CMAKE_PREFIX_PATH}:/home/nathan/leo-rover-autonomous-exploration/install/leo_v4:/home/nathan/leo-rover-autonomous-exploration/install/leo_v3:/home/nathan/leo-rover-autonomous-exploration/install/leo_v2:/home/nathan/leo-rover-autonomous-exploration/install/leo_v1:/home/nathan/leo-rover-autonomous-exploration/install/leo_description:/home/nathan/Week-5-6-Gazebo-sensors/install/bme_gazebo_sensors_py:/home/nathan/dronut/install/realsense_cam:/home/nathan/dronut/install/dronut_w_cam:/home/nathan/dronut/install/dronut_description:/opt/ros/jazzy DEBUGINFOD_URLS=https://debuginfod.ubuntu.com /usr/bin/cmake --build /home/nathan/dronut/build/dronut_controller -- -j20 -l20
