running egg_info
writing ../../build/realsense_cam/realsense_cam.egg-info/PKG-INFO
writing dependency_links to ../../build/realsense_cam/realsense_cam.egg-info/dependency_links.txt
writing requirements to ../../build/realsense_cam/realsense_cam.egg-info/requires.txt
writing top-level names to ../../build/realsense_cam/realsense_cam.egg-info/top_level.txt
reading manifest file '../../build/realsense_cam/realsense_cam.egg-info/SOURCES.txt'
writing manifest file '../../build/realsense_cam/realsense_cam.egg-info/SOURCES.txt'
running build
running build_py
copying realsense_cam/__init__.py -> /home/nathan/dronut/build/realsense_cam/build/lib/realsense_cam
running install
running install_lib
running install_data
copying resource/realsense_cam -> /home/nathan/dronut/install/realsense_cam/share/ament_index/resource_index/packages
copying package.xml -> /home/nathan/dronut/install/realsense_cam/share/realsense_cam
copying launch/depth.launch.py -> /home/nathan/dronut/install/realsense_cam/share/realsense_cam/launch
copying meshes/plug_collision.stl -> /home/nathan/dronut/install/realsense_cam/share/realsense_cam/meshes
copying meshes/d455.stl -> /home/nathan/dronut/install/realsense_cam/share/realsense_cam/meshes
copying meshes/plug.stl -> /home/nathan/dronut/install/realsense_cam/share/realsense_cam/meshes
copying urdf/materials.urdf.xacro -> /home/nathan/dronut/install/realsense_cam/share/realsense_cam/urdf
copying urdf/test_d455_camera.urdf.xacro -> /home/nathan/dronut/install/realsense_cam/share/realsense_cam/urdf
copying urdf/d455.urdf.xacro -> /home/nathan/dronut/install/realsense_cam/share/realsense_cam/urdf
copying urdf/usb_plug.urdf.xacro -> /home/nathan/dronut/install/realsense_cam/share/realsense_cam/urdf
copying rviz/camera_view.rviz -> /home/nathan/dronut/install/realsense_cam/share/realsense_cam/rviz
running install_egg_info
removing '/home/nathan/dronut/install/realsense_cam/lib/python3.12/site-packages/realsense_cam-0.0.0-py3.12.egg-info' (and everything under it)
Copying ../../build/realsense_cam/realsense_cam.egg-info to /home/nathan/dronut/install/realsense_cam/lib/python3.12/site-packages/realsense_cam-0.0.0-py3.12.egg-info
running install_scripts
writing list of installed files to '/home/nathan/dronut/build/realsense_cam/install.log'
