/home/nathan/dronut/install/dronut_w_cam/lib/python3.12/site-packages/dronut_w_cam/move.py
/home/nathan/dronut/install/dronut_w_cam/lib/python3.12/site-packages/dronut_w_cam/__init__.py
/home/nathan/dronut/install/dronut_w_cam/lib/python3.12/site-packages/dronut_w_cam/__pycache__/move.cpython-312.pyc
/home/nathan/dronut/install/dronut_w_cam/lib/python3.12/site-packages/dronut_w_cam/__pycache__/__init__.cpython-312.pyc
/home/nathan/dronut/install/dronut_w_cam/share/ament_index/resource_index/packages/dronut_w_cam
/home/nathan/dronut/install/dronut_w_cam/share/dronut_w_cam/package.xml
/home/nathan/dronut/install/dronut_w_cam/share/dronut_w_cam/launch/drone.launch.py
/home/nathan/dronut/install/dronut_w_cam/share/dronut_w_cam/launch/drone_sim.launch.py
/home/nathan/dronut/install/dronut_w_cam/share/dronut_w_cam/meshes/part_19.stl
/home/nathan/dronut/install/dronut_w_cam/share/dronut_w_cam/meshes/part_12.stl
/home/nathan/dronut/install/dronut_w_cam/share/dronut_w_cam/meshes/part_13.stl
/home/nathan/dronut/install/dronut_w_cam/share/dronut_w_cam/meshes/part_18.stl
/home/nathan/dronut/install/dronut_w_cam/share/dronut_w_cam/meshes/part_10.stl
/home/nathan/dronut/install/dronut_w_cam/share/dronut_w_cam/meshes/part_11.stl
/home/nathan/dronut/install/dronut_w_cam/share/dronut_w_cam/meshes/part_7.stl
/home/nathan/dronut/install/dronut_w_cam/share/dronut_w_cam/meshes/part_5.stl
/home/nathan/dronut/install/dronut_w_cam/share/dronut_w_cam/meshes/part_14.stl
/home/nathan/dronut/install/dronut_w_cam/share/dronut_w_cam/meshes/part_8.stl
/home/nathan/dronut/install/dronut_w_cam/share/dronut_w_cam/meshes/part_16.stl
/home/nathan/dronut/install/dronut_w_cam/share/dronut_w_cam/meshes/part_1.stl
/home/nathan/dronut/install/dronut_w_cam/share/dronut_w_cam/meshes/part_17.stl
/home/nathan/dronut/install/dronut_w_cam/share/dronut_w_cam/meshes/part_15.stl
/home/nathan/dronut/install/dronut_w_cam/share/dronut_w_cam/meshes/part_3.stl
/home/nathan/dronut/install/dronut_w_cam/share/dronut_w_cam/meshes/part_9.stl
/home/nathan/dronut/install/dronut_w_cam/share/dronut_w_cam/meshes/part_6.stl
/home/nathan/dronut/install/dronut_w_cam/share/dronut_w_cam/meshes/part_4.stl
/home/nathan/dronut/install/dronut_w_cam/share/dronut_w_cam/meshes/part_2.stl
/home/nathan/dronut/install/dronut_w_cam/share/dronut_w_cam/urdf/x1.urdf.xacro
/home/nathan/dronut/install/dronut_w_cam/share/dronut_w_cam/urdf
/home/nathan/dronut/install/dronut_w_cam/share/dronut_w_cam/rviz/x1_view.rviz
/home/nathan/dronut/install/dronut_w_cam/lib/python3.12/site-packages/dronut_w_cam-0.0.0-py3.12.egg-info/dependency_links.txt
/home/nathan/dronut/install/dronut_w_cam/lib/python3.12/site-packages/dronut_w_cam-0.0.0-py3.12.egg-info/SOURCES.txt
/home/nathan/dronut/install/dronut_w_cam/lib/python3.12/site-packages/dronut_w_cam-0.0.0-py3.12.egg-info/entry_points.txt
/home/nathan/dronut/install/dronut_w_cam/lib/python3.12/site-packages/dronut_w_cam-0.0.0-py3.12.egg-info/requires.txt
/home/nathan/dronut/install/dronut_w_cam/lib/python3.12/site-packages/dronut_w_cam-0.0.0-py3.12.egg-info/top_level.txt
/home/nathan/dronut/install/dronut_w_cam/lib/python3.12/site-packages/dronut_w_cam-0.0.0-py3.12.egg-info/zip-safe
/home/nathan/dronut/install/dronut_w_cam/lib/python3.12/site-packages/dronut_w_cam-0.0.0-py3.12.egg-info/PKG-INFO
/home/nathan/dronut/install/dronut_w_cam/lib/dronut_w_cam/move
