[1.013s] Invoking command in '/home/nathan/dronut/src/dronut_description': DEBUGINFOD_URLS=https://debuginfod.ubuntu.com PYTHONPATH=/home/nathan/dronut/build/dronut_description/prefix_override:/usr/lib/python3/dist-packages/colcon_core/task/python/colcon_distutils_commands:/home/nathan/dronut/install/dronut_description/lib/python3.12/site-packages:${PYTHONPATH} /usr/bin/python3 -W ignore:setup.py install is deprecated -W ignore:easy_install command is deprecated setup.py egg_info --egg-base ../../build/dronut_description build --build-base /home/nathan/dronut/build/dronut_description/build install --record /home/nathan/dronut/build/dronut_description/install.log --single-version-externally-managed install_data
[1.137s] /home/nathan/.local/lib/python3.12/site-packages/setuptools/_distutils/dist.py:261: UserWarning: Unknown distribution option: 'tests_require'
[1.138s]   warnings.warn(msg)
[1.233s] running egg_info
[1.249s] writing ../../build/dronut_description/dronut_description.egg-info/PKG-INFO
[1.249s] writing dependency_links to ../../build/dronut_description/dronut_description.egg-info/dependency_links.txt
[1.249s] writing entry points to ../../build/dronut_description/dronut_description.egg-info/entry_points.txt
[1.249s] writing requirements to ../../build/dronut_description/dronut_description.egg-info/requires.txt
[1.249s] writing top-level names to ../../build/dronut_description/dronut_description.egg-info/top_level.txt
[1.283s] reading manifest file '../../build/dronut_description/dronut_description.egg-info/SOURCES.txt'
[1.284s] writing manifest file '../../build/dronut_description/dronut_description.egg-info/SOURCES.txt'
[1.284s] running build
[1.285s] running build_py
[1.285s] copying dronut_description/move.py -> /home/nathan/dronut/build/dronut_description/build/lib/dronut_description
[1.285s] copying dronut_description/__init__.py -> /home/nathan/dronut/build/dronut_description/build/lib/dronut_description
[1.285s] running install
[1.289s] running install_lib
[1.305s] running install_data
[1.306s] copying resource/dronut_description -> /home/nathan/dronut/install/dronut_description/share/ament_index/resource_index/packages
[1.306s] copying package.xml -> /home/nathan/dronut/install/dronut_description/share/dronut_description
[1.306s] copying launch/drone.launch.py -> /home/nathan/dronut/install/dronut_description/share/dronut_description/launch
[1.306s] copying launch/drone_sim.launch.py -> /home/nathan/dronut/install/dronut_description/share/dronut_description/launch
[1.306s] copying meshes/part_19.stl -> /home/nathan/dronut/install/dronut_description/share/dronut_description/meshes
[1.307s] copying meshes/part_12.stl -> /home/nathan/dronut/install/dronut_description/share/dronut_description/meshes
[1.307s] copying meshes/part_13.stl -> /home/nathan/dronut/install/dronut_description/share/dronut_description/meshes
[1.307s] copying meshes/part_18.stl -> /home/nathan/dronut/install/dronut_description/share/dronut_description/meshes
[1.307s] copying meshes/part_10.stl -> /home/nathan/dronut/install/dronut_description/share/dronut_description/meshes
[1.307s] copying meshes/part_11.stl -> /home/nathan/dronut/install/dronut_description/share/dronut_description/meshes
[1.308s] copying meshes/part_7.stl -> /home/nathan/dronut/install/dronut_description/share/dronut_description/meshes
[1.308s] copying meshes/part_5.stl -> /home/nathan/dronut/install/dronut_description/share/dronut_description/meshes
[1.308s] copying meshes/part_14.stl -> /home/nathan/dronut/install/dronut_description/share/dronut_description/meshes
[1.308s] copying meshes/part_8.stl -> /home/nathan/dronut/install/dronut_description/share/dronut_description/meshes
[1.308s] copying meshes/part_16.stl -> /home/nathan/dronut/install/dronut_description/share/dronut_description/meshes
[1.308s] copying meshes/part_1.stl -> /home/nathan/dronut/install/dronut_description/share/dronut_description/meshes
[1.308s] copying meshes/part_17.stl -> /home/nathan/dronut/install/dronut_description/share/dronut_description/meshes
[1.308s] copying meshes/part_15.stl -> /home/nathan/dronut/install/dronut_description/share/dronut_description/meshes
[1.308s] copying meshes/part_3.stl -> /home/nathan/dronut/install/dronut_description/share/dronut_description/meshes
[1.308s] copying meshes/part_9.stl -> /home/nathan/dronut/install/dronut_description/share/dronut_description/meshes
[1.309s] copying meshes/part_6.stl -> /home/nathan/dronut/install/dronut_description/share/dronut_description/meshes
[1.309s] copying meshes/part_4.stl -> /home/nathan/dronut/install/dronut_description/share/dronut_description/meshes
[1.309s] copying meshes/part_2.stl -> /home/nathan/dronut/install/dronut_description/share/dronut_description/meshes
[1.309s] copying urdf/x1.urdf.xacro -> /home/nathan/dronut/install/dronut_description/share/dronut_description/urdf
[1.309s] copying urdf/x1.gazebo.xacro -> /home/nathan/dronut/install/dronut_description/share/dronut_description/urdf
[1.309s] copying rviz/x1_view.rviz -> /home/nathan/dronut/install/dronut_description/share/dronut_description/rviz
[1.309s] running install_egg_info
[1.325s] removing '/home/nathan/dronut/install/dronut_description/lib/python3.12/site-packages/dronut_description-0.0.0-py3.12.egg-info' (and everything under it)
[1.325s] Copying ../../build/dronut_description/dronut_description.egg-info to /home/nathan/dronut/install/dronut_description/lib/python3.12/site-packages/dronut_description-0.0.0-py3.12.egg-info
[1.325s] running install_scripts
[1.415s] Installing move script to /home/nathan/dronut/install/dronut_description/lib/dronut_description
[1.415s] writing list of installed files to '/home/nathan/dronut/build/dronut_description/install.log'
[1.435s] Invoked command in '/home/nathan/dronut/src/dronut_description' returned '0': DEBUGINFOD_URLS=https://debuginfod.ubuntu.com PYTHONPATH=/home/nathan/dronut/build/dronut_description/prefix_override:/usr/lib/python3/dist-packages/colcon_core/task/python/colcon_distutils_commands:/home/nathan/dronut/install/dronut_description/lib/python3.12/site-packages:${PYTHONPATH} /usr/bin/python3 -W ignore:setup.py install is deprecated -W ignore:easy_install command is deprecated setup.py egg_info --egg-base ../../build/dronut_description build --build-base /home/nathan/dronut/build/dronut_description/build install --record /home/nathan/dronut/build/dronut_description/install.log --single-version-externally-managed install_data
