[0.075s] DEBUG:colcon:Command line arguments: ['/usr/bin/colcon', 'build', '--packages-select', 'dronut_description']
[0.075s] DEBUG:colcon:Parsed command line arguments: Namespace(log_base=None, log_level=None, verb_name='build', build_base='build', install_base='install', merge_install=False, symlink_install=False, test_result_base=None, continue_on_error=False, executor='parallel', parallel_workers=20, event_handlers=None, ignore_user_meta=False, metas=['./colcon.meta'], base_paths=['.'], packages_ignore=None, packages_ignore_regex=None, paths=None, packages_up_to=None, packages_up_to_regex=None, packages_above=None, packages_above_and_dependencies=None, packages_above_depth=None, packages_select_by_dep=None, packages_skip_by_dep=None, packages_skip_up_to=None, packages_select_build_failed=False, packages_skip_build_finished=False, packages_select_test_failures=False, packages_skip_test_passed=False, packages_select=['dronut_description'], packages_skip=None, packages_select_regex=None, packages_skip_regex=None, packages_start=None, packages_end=None, allow_overriding=[], cmake_args=None, cmake_target=None, cmake_target_skip_unavailable=False, cmake_clean_cache=False, cmake_clean_first=False, cmake_force_configure=False, ament_cmake_args=None, catkin_cmake_args=None, catkin_skip_building_tests=False, mixin_files=None, mixin=None, verb_parser=<colcon_mixin.mixin.mixin_argument.MixinArgumentDecorator object at 0x7289106abb60>, verb_extension=<colcon_core.verb.build.BuildVerb object at 0x7289106ab710>, main=<bound method BuildVerb.main of <colcon_core.verb.build.BuildVerb object at 0x7289106ab710>>, mixin_verb=('build',))
[0.101s] Level 1:colcon.colcon_core.package_discovery:discover_packages(colcon_meta) check parameters
[0.101s] Level 1:colcon.colcon_core.package_discovery:discover_packages(recursive) check parameters
[0.102s] Level 1:colcon.colcon_core.package_discovery:discover_packages(ignore) check parameters
[0.102s] Level 1:colcon.colcon_core.package_discovery:discover_packages(path) check parameters
[0.102s] Level 1:colcon.colcon_core.package_discovery:discover_packages(colcon_meta) discover
[0.102s] Level 1:colcon.colcon_core.package_discovery:discover_packages(recursive) discover
[0.102s] INFO:colcon.colcon_core.package_discovery:Crawling recursively for packages in '/home/nathan/dronut'
[0.102s] Level 1:colcon.colcon_core.package_identification:_identify(.) by extensions ['ignore', 'ignore_ament_install']
[0.102s] Level 1:colcon.colcon_core.package_identification:_identify(.) by extension 'ignore'
[0.102s] Level 1:colcon.colcon_core.package_identification:_identify(.) by extension 'ignore_ament_install'
[0.102s] Level 1:colcon.colcon_core.package_identification:_identify(.) by extensions ['colcon_pkg']
[0.102s] Level 1:colcon.colcon_core.package_identification:_identify(.) by extension 'colcon_pkg'
[0.102s] Level 1:colcon.colcon_core.package_identification:_identify(.) by extensions ['colcon_meta']
[0.102s] Level 1:colcon.colcon_core.package_identification:_identify(.) by extension 'colcon_meta'
[0.102s] Level 1:colcon.colcon_core.package_identification:_identify(.) by extensions ['ros']
[0.102s] Level 1:colcon.colcon_core.package_identification:_identify(.) by extension 'ros'
[0.119s] Level 1:colcon.colcon_core.package_identification:_identify(.) by extensions ['cmake', 'python']
[0.120s] Level 1:colcon.colcon_core.package_identification:_identify(.) by extension 'cmake'
[0.120s] Level 1:colcon.colcon_core.package_identification:_identify(.) by extension 'python'
[0.120s] Level 1:colcon.colcon_core.package_identification:_identify(.) by extensions ['python_setup_py']
[0.120s] Level 1:colcon.colcon_core.package_identification:_identify(.) by extension 'python_setup_py'
[0.120s] Level 1:colcon.colcon_core.package_identification:_identify(build) by extensions ['ignore', 'ignore_ament_install']
[0.120s] Level 1:colcon.colcon_core.package_identification:_identify(build) by extension 'ignore'
[0.120s] Level 1:colcon.colcon_core.package_identification:_identify(build) ignored
[0.120s] Level 1:colcon.colcon_core.package_identification:_identify(install) by extensions ['ignore', 'ignore_ament_install']
[0.120s] Level 1:colcon.colcon_core.package_identification:_identify(install) by extension 'ignore'
[0.120s] Level 1:colcon.colcon_core.package_identification:_identify(install) ignored
[0.120s] Level 1:colcon.colcon_core.package_identification:_identify(log) by extensions ['ignore', 'ignore_ament_install']
[0.120s] Level 1:colcon.colcon_core.package_identification:_identify(log) by extension 'ignore'
[0.120s] Level 1:colcon.colcon_core.package_identification:_identify(log) ignored
[0.120s] Level 1:colcon.colcon_core.package_identification:_identify(src) by extensions ['ignore', 'ignore_ament_install']
[0.120s] Level 1:colcon.colcon_core.package_identification:_identify(src) by extension 'ignore'
[0.120s] Level 1:colcon.colcon_core.package_identification:_identify(src) by extension 'ignore_ament_install'
[0.120s] Level 1:colcon.colcon_core.package_identification:_identify(src) by extensions ['colcon_pkg']
[0.120s] Level 1:colcon.colcon_core.package_identification:_identify(src) by extension 'colcon_pkg'
[0.120s] Level 1:colcon.colcon_core.package_identification:_identify(src) by extensions ['colcon_meta']
[0.120s] Level 1:colcon.colcon_core.package_identification:_identify(src) by extension 'colcon_meta'
[0.120s] Level 1:colcon.colcon_core.package_identification:_identify(src) by extensions ['ros']
[0.120s] Level 1:colcon.colcon_core.package_identification:_identify(src) by extension 'ros'
[0.120s] Level 1:colcon.colcon_core.package_identification:_identify(src) by extensions ['cmake', 'python']
[0.120s] Level 1:colcon.colcon_core.package_identification:_identify(src) by extension 'cmake'
[0.120s] Level 1:colcon.colcon_core.package_identification:_identify(src) by extension 'python'
[0.120s] Level 1:colcon.colcon_core.package_identification:_identify(src) by extensions ['python_setup_py']
[0.120s] Level 1:colcon.colcon_core.package_identification:_identify(src) by extension 'python_setup_py'
[0.121s] Level 1:colcon.colcon_core.package_identification:_identify(src/dronut_controller) by extensions ['ignore', 'ignore_ament_install']
[0.121s] Level 1:colcon.colcon_core.package_identification:_identify(src/dronut_controller) by extension 'ignore'
[0.121s] Level 1:colcon.colcon_core.package_identification:_identify(src/dronut_controller) by extension 'ignore_ament_install'
[0.121s] Level 1:colcon.colcon_core.package_identification:_identify(src/dronut_controller) by extensions ['colcon_pkg']
[0.121s] Level 1:colcon.colcon_core.package_identification:_identify(src/dronut_controller) by extension 'colcon_pkg'
[0.121s] Level 1:colcon.colcon_core.package_identification:_identify(src/dronut_controller) by extensions ['colcon_meta']
[0.121s] Level 1:colcon.colcon_core.package_identification:_identify(src/dronut_controller) by extension 'colcon_meta'
[0.121s] Level 1:colcon.colcon_core.package_identification:_identify(src/dronut_controller) by extensions ['ros']
[0.121s] Level 1:colcon.colcon_core.package_identification:_identify(src/dronut_controller) by extension 'ros'
[0.122s] DEBUG:colcon.colcon_core.package_identification:Package 'src/dronut_controller' with type 'ros.ament_cmake' and name 'dronut_controller'
[0.122s] Level 1:colcon.colcon_core.package_identification:_identify(src/dronut_description) by extensions ['ignore', 'ignore_ament_install']
[0.123s] Level 1:colcon.colcon_core.package_identification:_identify(src/dronut_description) by extension 'ignore'
[0.123s] Level 1:colcon.colcon_core.package_identification:_identify(src/dronut_description) by extension 'ignore_ament_install'
[0.123s] Level 1:colcon.colcon_core.package_identification:_identify(src/dronut_description) by extensions ['colcon_pkg']
[0.123s] Level 1:colcon.colcon_core.package_identification:_identify(src/dronut_description) by extension 'colcon_pkg'
[0.123s] Level 1:colcon.colcon_core.package_identification:_identify(src/dronut_description) by extensions ['colcon_meta']
[0.123s] Level 1:colcon.colcon_core.package_identification:_identify(src/dronut_description) by extension 'colcon_meta'
[0.123s] Level 1:colcon.colcon_core.package_identification:_identify(src/dronut_description) by extensions ['ros']
[0.123s] Level 1:colcon.colcon_core.package_identification:_identify(src/dronut_description) by extension 'ros'
[0.123s] DEBUG:colcon.colcon_core.package_identification:Package 'src/dronut_description' with type 'ros.ament_python' and name 'dronut_description'
[0.123s] Level 1:colcon.colcon_core.package_identification:_identify(src/dronut_w_cam) by extensions ['ignore', 'ignore_ament_install']
[0.123s] Level 1:colcon.colcon_core.package_identification:_identify(src/dronut_w_cam) by extension 'ignore'
[0.123s] Level 1:colcon.colcon_core.package_identification:_identify(src/dronut_w_cam) by extension 'ignore_ament_install'
[0.123s] Level 1:colcon.colcon_core.package_identification:_identify(src/dronut_w_cam) by extensions ['colcon_pkg']
[0.123s] Level 1:colcon.colcon_core.package_identification:_identify(src/dronut_w_cam) by extension 'colcon_pkg'
[0.123s] Level 1:colcon.colcon_core.package_identification:_identify(src/dronut_w_cam) by extensions ['colcon_meta']
[0.123s] Level 1:colcon.colcon_core.package_identification:_identify(src/dronut_w_cam) by extension 'colcon_meta'
[0.123s] Level 1:colcon.colcon_core.package_identification:_identify(src/dronut_w_cam) by extensions ['ros']
[0.123s] Level 1:colcon.colcon_core.package_identification:_identify(src/dronut_w_cam) by extension 'ros'
[0.124s] DEBUG:colcon.colcon_core.package_identification:Package 'src/dronut_w_cam' with type 'ros.ament_python' and name 'dronut_w_cam'
[0.124s] Level 1:colcon.colcon_core.package_identification:_identify(src/joy_test) by extensions ['ignore', 'ignore_ament_install']
[0.124s] Level 1:colcon.colcon_core.package_identification:_identify(src/joy_test) by extension 'ignore'
[0.124s] Level 1:colcon.colcon_core.package_identification:_identify(src/joy_test) by extension 'ignore_ament_install'
[0.124s] Level 1:colcon.colcon_core.package_identification:_identify(src/joy_test) by extensions ['colcon_pkg']
[0.124s] Level 1:colcon.colcon_core.package_identification:_identify(src/joy_test) by extension 'colcon_pkg'
[0.124s] Level 1:colcon.colcon_core.package_identification:_identify(src/joy_test) by extensions ['colcon_meta']
[0.124s] Level 1:colcon.colcon_core.package_identification:_identify(src/joy_test) by extension 'colcon_meta'
[0.124s] Level 1:colcon.colcon_core.package_identification:_identify(src/joy_test) by extensions ['ros']
[0.124s] Level 1:colcon.colcon_core.package_identification:_identify(src/joy_test) by extension 'ros'
[0.124s] DEBUG:colcon.colcon_core.package_identification:Package 'src/joy_test' with type 'ros.ament_cmake' and name 'joy_test'
[0.124s] Level 1:colcon.colcon_core.package_identification:_identify(src/realsense_cam) by extensions ['ignore', 'ignore_ament_install']
[0.124s] Level 1:colcon.colcon_core.package_identification:_identify(src/realsense_cam) by extension 'ignore'
[0.125s] Level 1:colcon.colcon_core.package_identification:_identify(src/realsense_cam) by extension 'ignore_ament_install'
[0.125s] Level 1:colcon.colcon_core.package_identification:_identify(src/realsense_cam) by extensions ['colcon_pkg']
[0.125s] Level 1:colcon.colcon_core.package_identification:_identify(src/realsense_cam) by extension 'colcon_pkg'
[0.125s] Level 1:colcon.colcon_core.package_identification:_identify(src/realsense_cam) by extensions ['colcon_meta']
[0.125s] Level 1:colcon.colcon_core.package_identification:_identify(src/realsense_cam) by extension 'colcon_meta'
[0.125s] Level 1:colcon.colcon_core.package_identification:_identify(src/realsense_cam) by extensions ['ros']
[0.125s] Level 1:colcon.colcon_core.package_identification:_identify(src/realsense_cam) by extension 'ros'
[0.125s] DEBUG:colcon.colcon_core.package_identification:Package 'src/realsense_cam' with type 'ros.ament_python' and name 'realsense_cam'
[0.125s] Level 1:colcon.colcon_core.package_discovery:discover_packages(recursive) using defaults
[0.125s] Level 1:colcon.colcon_core.package_discovery:discover_packages(ignore) discover
[0.125s] Level 1:colcon.colcon_core.package_discovery:discover_packages(ignore) using defaults
[0.125s] Level 1:colcon.colcon_core.package_discovery:discover_packages(path) discover
[0.125s] Level 1:colcon.colcon_core.package_discovery:discover_packages(path) using defaults
[0.137s] INFO:colcon.colcon_core.package_selection:Skipping not selected package 'dronut_controller' in 'src/dronut_controller'
[0.137s] INFO:colcon.colcon_core.package_selection:Skipping not selected package 'dronut_w_cam' in 'src/dronut_w_cam'
[0.137s] INFO:colcon.colcon_core.package_selection:Skipping not selected package 'joy_test' in 'src/joy_test'
[0.137s] INFO:colcon.colcon_core.package_selection:Skipping not selected package 'realsense_cam' in 'src/realsense_cam'
[0.138s] Level 1:colcon.colcon_core.package_discovery:discover_packages(prefix_path) check parameters
[0.138s] Level 1:colcon.colcon_core.package_discovery:discover_packages(prefix_path) discover
[0.139s] DEBUG:colcon.colcon_installed_package_information.package_discovery:Found 5 installed packages in /home/nathan/dronut/install
[0.140s] DEBUG:colcon.colcon_installed_package_information.package_discovery:Found 456 installed packages in /opt/ros/jazzy
[0.141s] Level 1:colcon.colcon_core.package_discovery:discover_packages(prefix_path) using defaults
[0.175s] Level 5:colcon.colcon_core.verb:set package 'dronut_description' build argument 'cmake_args' from command line to 'None'
[0.175s] Level 5:colcon.colcon_core.verb:set package 'dronut_description' build argument 'cmake_target' from command line to 'None'
[0.175s] Level 5:colcon.colcon_core.verb:set package 'dronut_description' build argument 'cmake_target_skip_unavailable' from command line to 'False'
[0.175s] Level 5:colcon.colcon_core.verb:set package 'dronut_description' build argument 'cmake_clean_cache' from command line to 'False'
[0.175s] Level 5:colcon.colcon_core.verb:set package 'dronut_description' build argument 'cmake_clean_first' from command line to 'False'
[0.175s] Level 5:colcon.colcon_core.verb:set package 'dronut_description' build argument 'cmake_force_configure' from command line to 'False'
[0.175s] Level 5:colcon.colcon_core.verb:set package 'dronut_description' build argument 'ament_cmake_args' from command line to 'None'
[0.175s] Level 5:colcon.colcon_core.verb:set package 'dronut_description' build argument 'catkin_cmake_args' from command line to 'None'
[0.175s] Level 5:colcon.colcon_core.verb:set package 'dronut_description' build argument 'catkin_skip_building_tests' from command line to 'False'
[0.175s] DEBUG:colcon.colcon_core.verb:Building package 'dronut_description' with the following arguments: {'ament_cmake_args': None, 'build_base': '/home/nathan/dronut/build/dronut_description', 'catkin_cmake_args': None, 'catkin_skip_building_tests': False, 'cmake_args': None, 'cmake_clean_cache': False, 'cmake_clean_first': False, 'cmake_force_configure': False, 'cmake_target': None, 'cmake_target_skip_unavailable': False, 'install_base': '/home/nathan/dronut/install/dronut_description', 'merge_install': False, 'path': '/home/nathan/dronut/src/dronut_description', 'symlink_install': False, 'test_result_base': None}
[0.175s] INFO:colcon.colcon_core.executor:Executing jobs using 'parallel' executor
[0.176s] DEBUG:colcon.colcon_parallel_executor.executor.parallel:run_until_complete
[0.176s] INFO:colcon.colcon_ros.task.ament_python.build:Building ROS package in '/home/nathan/dronut/src/dronut_description' with build type 'ament_python'
[0.176s] Level 1:colcon.colcon_core.shell:create_environment_hook('dronut_description', 'ament_prefix_path')
[0.178s] INFO:colcon.colcon_core.plugin_system:Skipping extension 'colcon_core.shell.bat': Not used on non-Windows systems
[0.178s] INFO:colcon.colcon_core.shell:Creating environment hook '/home/nathan/dronut/install/dronut_description/share/dronut_description/hook/ament_prefix_path.ps1'
[0.178s] INFO:colcon.colcon_core.shell:Creating environment descriptor '/home/nathan/dronut/install/dronut_description/share/dronut_description/hook/ament_prefix_path.dsv'
[0.178s] INFO:colcon.colcon_core.shell:Creating environment hook '/home/nathan/dronut/install/dronut_description/share/dronut_description/hook/ament_prefix_path.sh'
[0.179s] INFO:colcon.colcon_core.shell:Skip shell extension 'powershell' for command environment: Not usable outside of PowerShell
[0.179s] DEBUG:colcon.colcon_core.shell:Skip shell extension 'dsv' for command environment
[0.352s] INFO:colcon.colcon_core.task.python.build:Building Python package in '/home/nathan/dronut/src/dronut_description'
[0.352s] INFO:colcon.colcon_core.shell:Skip shell extension 'powershell' for command environment: Not usable outside of PowerShell
[0.352s] DEBUG:colcon.colcon_core.shell:Skip shell extension 'dsv' for command environment
[0.768s] DEBUG:colcon.colcon_core.event_handler.log_command:Invoking command in '/home/nathan/dronut/src/dronut_description': DEBUGINFOD_URLS=https://debuginfod.ubuntu.com PYTHONPATH=/home/nathan/dronut/build/dronut_description/prefix_override:/usr/lib/python3/dist-packages/colcon_core/task/python/colcon_distutils_commands:/home/nathan/dronut/install/dronut_description/lib/python3.12/site-packages:${PYTHONPATH} /usr/bin/python3 -W ignore:setup.py install is deprecated -W ignore:easy_install command is deprecated setup.py egg_info --egg-base ../../build/dronut_description build --build-base /home/nathan/dronut/build/dronut_description/build install --record /home/nathan/dronut/build/dronut_description/install.log --single-version-externally-managed install_data
[1.179s] DEBUG:colcon.colcon_core.event_handler.log_command:Invoked command in '/home/nathan/dronut/src/dronut_description' returned '0': DEBUGINFOD_URLS=https://debuginfod.ubuntu.com PYTHONPATH=/home/nathan/dronut/build/dronut_description/prefix_override:/usr/lib/python3/dist-packages/colcon_core/task/python/colcon_distutils_commands:/home/nathan/dronut/install/dronut_description/lib/python3.12/site-packages:${PYTHONPATH} /usr/bin/python3 -W ignore:setup.py install is deprecated -W ignore:easy_install command is deprecated setup.py egg_info --egg-base ../../build/dronut_description build --build-base /home/nathan/dronut/build/dronut_description/build install --record /home/nathan/dronut/build/dronut_description/install.log --single-version-externally-managed install_data
[1.181s] Level 1:colcon.colcon_core.environment:checking '/home/nathan/dronut/install/dronut_description' for CMake module files
[1.181s] Level 1:colcon.colcon_core.environment:checking '/home/nathan/dronut/install/dronut_description' for CMake config files
[1.181s] Level 1:colcon.colcon_core.environment:checking '/home/nathan/dronut/install/dronut_description/lib'
[1.182s] Level 1:colcon.colcon_core.environment:checking '/home/nathan/dronut/install/dronut_description/bin'
[1.182s] Level 1:colcon.colcon_core.environment:checking '/home/nathan/dronut/install/dronut_description/lib/pkgconfig/dronut_description.pc'
[1.182s] Level 1:colcon.colcon_core.environment:checking '/home/nathan/dronut/install/dronut_description/lib/python3.12/site-packages'
[1.182s] Level 1:colcon.colcon_core.shell:create_environment_hook('dronut_description', 'pythonpath')
[1.182s] INFO:colcon.colcon_core.shell:Creating environment hook '/home/nathan/dronut/install/dronut_description/share/dronut_description/hook/pythonpath.ps1'
[1.182s] INFO:colcon.colcon_core.shell:Creating environment descriptor '/home/nathan/dronut/install/dronut_description/share/dronut_description/hook/pythonpath.dsv'
[1.183s] INFO:colcon.colcon_core.shell:Creating environment hook '/home/nathan/dronut/install/dronut_description/share/dronut_description/hook/pythonpath.sh'
[1.183s] Level 1:colcon.colcon_core.environment:checking '/home/nathan/dronut/install/dronut_description/bin'
[1.183s] Level 1:colcon.colcon_core.environment:create_environment_scripts_only(dronut_description)
[1.183s] INFO:colcon.colcon_core.shell:Creating package script '/home/nathan/dronut/install/dronut_description/share/dronut_description/package.ps1'
[1.184s] INFO:colcon.colcon_core.shell:Creating package descriptor '/home/nathan/dronut/install/dronut_description/share/dronut_description/package.dsv'
[1.184s] INFO:colcon.colcon_core.shell:Creating package script '/home/nathan/dronut/install/dronut_description/share/dronut_description/package.sh'
[1.184s] INFO:colcon.colcon_core.shell:Creating package script '/home/nathan/dronut/install/dronut_description/share/dronut_description/package.bash'
[1.192s] INFO:colcon.colcon_core.shell:Creating package script '/home/nathan/dronut/install/dronut_description/share/dronut_description/package.zsh'
[1.193s] Level 1:colcon.colcon_core.environment:create_file_with_runtime_dependencies(/home/nathan/dronut/install/dronut_description/share/colcon-core/packages/dronut_description)
[1.193s] DEBUG:colcon.colcon_parallel_executor.executor.parallel:closing loop
[1.193s] DEBUG:colcon.colcon_parallel_executor.executor.parallel:loop closed
[1.193s] DEBUG:colcon.colcon_parallel_executor.executor.parallel:run_until_complete finished with '0'
[1.193s] DEBUG:colcon.colcon_core.event_reactor:joining thread
[1.198s] INFO:colcon.colcon_core.plugin_system:Skipping extension 'colcon_notification.desktop_notification.terminal_notifier': Not used on non-Darwin systems
[1.198s] INFO:colcon.colcon_core.plugin_system:Skipping extension 'colcon_notification.desktop_notification.win32': Not used on non-Windows systems
[1.198s] INFO:colcon.colcon_notification.desktop_notification:Sending desktop notification using 'notify2'
[1.209s] DEBUG:colcon.colcon_core.event_reactor:joined thread
[1.210s] INFO:colcon.colcon_core.shell:Creating prefix script '/home/nathan/dronut/install/local_setup.ps1'
[1.211s] INFO:colcon.colcon_core.shell:Creating prefix util module '/home/nathan/dronut/install/_local_setup_util_ps1.py'
[1.212s] INFO:colcon.colcon_core.shell:Creating prefix chain script '/home/nathan/dronut/install/setup.ps1'
[1.213s] INFO:colcon.colcon_core.shell:Creating prefix script '/home/nathan/dronut/install/local_setup.sh'
[1.213s] INFO:colcon.colcon_core.shell:Creating prefix util module '/home/nathan/dronut/install/_local_setup_util_sh.py'
[1.214s] INFO:colcon.colcon_core.shell:Creating prefix chain script '/home/nathan/dronut/install/setup.sh'
[1.215s] INFO:colcon.colcon_core.shell:Creating prefix script '/home/nathan/dronut/install/local_setup.bash'
[1.216s] INFO:colcon.colcon_core.shell:Creating prefix chain script '/home/nathan/dronut/install/setup.bash'
[1.216s] INFO:colcon.colcon_core.shell:Creating prefix script '/home/nathan/dronut/install/local_setup.zsh'
[1.217s] INFO:colcon.colcon_core.shell:Creating prefix chain script '/home/nathan/dronut/install/setup.zsh'
