[ 25%] [32mBuilding CXX object CMakeFiles/drone_control_node.dir/src/main.cpp.o[0m
[ 50%] [32mBuilding CXX object CMakeFiles/drone_control_node.dir/src/birotor_drone_controller.cpp.o[0m
[01m[K/home/nathan/dronut/src/dronut_controller/src/birotor_drone_controller.cpp:[m[K In member function ‘[01m[Kvoid BirotorDroneController::[01;32m[Kpublish_joint_trajectory[m[K()[m[K’:
[01m[K/home/nathan/dronut/src/dronut_controller/src/birotor_drone_controller.cpp:104:74:[m[K [01;35m[Kwarning: [m[Kunsigned conversion from ‘[01m[Klong int[m[K’ to ‘[01m[Kuint32_t[m[K’ {aka ‘[01m[Kunsigned int[m[K’} changes value from ‘[01m[K5000000000[m[K’ to ‘[01m[K705032704[m[K’ [[01;35m[K]8;;https://gcc.gnu.org/onlinedocs/gcc/Warning-Options.html#index-Woverflow-Woverflow]8;;[m[K]
  104 |     joint_trajectory_msg.points[0].time_from_start = rclcpp::Duration(0, [01;35m[K5000000000[m[K);  // 5 milliseconds
      |                                                                          [01;35m[K^~~~~~~~~~[m[K
[ 75%] [32m[1mLinking CXX executable drone_control_node[0m
[100%] Built target drone_control_node
-- Install configuration: ""
-- Installing: /home/nathan/dronut/install/dronut_controller/lib/dronut_controller/drone_control_node
-- Set non-toolchain portion of runtime path of "/home/nathan/dronut/install/dronut_controller/lib/dronut_controller/drone_control_node" to ""
-- Up-to-date: /home/nathan/dronut/install/dronut_controller/share/dronut_controller//worlds
-- Up-to-date: /home/nathan/dronut/install/dronut_controller/share/dronut_controller//worlds/maze1.sdf
-- Up-to-date: /home/nathan/dronut/install/dronut_controller/share/dronut_controller//worlds/sample.wbt
-- Up-to-date: /home/nathan/dronut/install/dronut_controller/share/dronut_controller//worlds/.sample.jpg
-- Up-to-date: /home/nathan/dronut/install/dronut_controller/share/dronut_controller//worlds/trial.sdf
-- Up-to-date: /home/nathan/dronut/install/dronut_controller/share/dronut_controller//launch
-- Up-to-date: /home/nathan/dronut/install/dronut_controller/share/dronut_controller//launch/drone.launch.py
-- Up-to-date: /home/nathan/dronut/install/dronut_controller/share/dronut_controller//config
-- Up-to-date: /home/nathan/dronut/install/dronut_controller/share/dronut_controller//config/dronut_controllers.yaml
-- Up-to-date: /home/nathan/dronut/install/dronut_controller/share/ament_index/resource_index/package_run_dependencies/dronut_controller
-- Up-to-date: /home/nathan/dronut/install/dronut_controller/share/ament_index/resource_index/parent_prefix_path/dronut_controller
-- Up-to-date: /home/nathan/dronut/install/dronut_controller/share/dronut_controller/environment/ament_prefix_path.sh
-- Up-to-date: /home/nathan/dronut/install/dronut_controller/share/dronut_controller/environment/ament_prefix_path.dsv
-- Up-to-date: /home/nathan/dronut/install/dronut_controller/share/dronut_controller/environment/path.sh
-- Up-to-date: /home/nathan/dronut/install/dronut_controller/share/dronut_controller/environment/path.dsv
-- Up-to-date: /home/nathan/dronut/install/dronut_controller/share/dronut_controller/local_setup.bash
-- Up-to-date: /home/nathan/dronut/install/dronut_controller/share/dronut_controller/local_setup.sh
-- Up-to-date: /home/nathan/dronut/install/dronut_controller/share/dronut_controller/local_setup.zsh
-- Up-to-date: /home/nathan/dronut/install/dronut_controller/share/dronut_controller/local_setup.dsv
-- Installing: /home/nathan/dronut/install/dronut_controller/share/dronut_controller/package.dsv
-- Up-to-date: /home/nathan/dronut/install/dronut_controller/share/ament_index/resource_index/packages/dronut_controller
-- Up-to-date: /home/nathan/dronut/install/dronut_controller/share/dronut_controller/cmake/dronut_controllerConfig.cmake
-- Up-to-date: /home/nathan/dronut/install/dronut_controller/share/dronut_controller/cmake/dronut_controllerConfig-version.cmake
-- Up-to-date: /home/nathan/dronut/install/dronut_controller/share/dronut_controller/package.xml
