[0.019s] Invoking command in '/home/nathan/dronut/build/dronut_controller': CMAKE_PREFIX_PATH=${CMAKE_PREFIX_PATH}:/home/nathan/dronut/install/realsense_cam:/home/nathan/dronut/install/dronut_w_cam:/home/nathan/dronut/install/dronut_description:/opt/ros/jazzy DEBUGINFOD_URLS=https://debuginfod.ubuntu.com /usr/bin/cmake --build /home/nathan/dronut/build/dronut_controller -- -j20 -l20
[0.074s] [ 25%] [32mBuilding CXX object CMakeFiles/drone_control_node.dir/src/main.cpp.o[0m
[0.074s] [ 50%] [32mBuilding CXX object CMakeFiles/drone_control_node.dir/src/birotor_drone_controller.cpp.o[0m
[1.465s] [01m[K/home/nathan/dronut/src/dronut_controller/src/birotor_drone_controller.cpp:[m[K In member function ‘[01m[Kvoid BirotorDroneController::[01;32m[Kpublish_joint_trajectory[m[K()[m[K’:
[1.465s] [01m[K/home/nathan/dronut/src/dronut_controller/src/birotor_drone_controller.cpp:104:74:[m[K [01;35m[Kwarning: [m[Kunsigned conversion from ‘[01m[Klong int[m[K’ to ‘[01m[Kuint32_t[m[K’ {aka ‘[01m[Kunsigned int[m[K’} changes value from ‘[01m[K5000000000[m[K’ to ‘[01m[K705032704[m[K’ [[01;35m[K]8;;https://gcc.gnu.org/onlinedocs/gcc/Warning-Options.html#index-Woverflow-Woverflow]8;;[m[K]
[1.465s]   104 |     joint_trajectory_msg.points[0].time_from_start = rclcpp::Duration(0, [01;35m[K5000000000[m[K);  // 5 milliseconds
[1.465s]       |                                                                          [01;35m[K^~~~~~~~~~[m[K
[5.774s] [ 75%] [32m[1mLinking CXX executable drone_control_node[0m
[6.143s] [100%] Built target drone_control_node
[6.153s] Invoked command in '/home/nathan/dronut/build/dronut_controller' returned '0': CMAKE_PREFIX_PATH=${CMAKE_PREFIX_PATH}:/home/nathan/dronut/install/realsense_cam:/home/nathan/dronut/install/dronut_w_cam:/home/nathan/dronut/install/dronut_description:/opt/ros/jazzy DEBUGINFOD_URLS=https://debuginfod.ubuntu.com /usr/bin/cmake --build /home/nathan/dronut/build/dronut_controller -- -j20 -l20
[6.161s] Invoking command in '/home/nathan/dronut/build/dronut_controller': CMAKE_PREFIX_PATH=${CMAKE_PREFIX_PATH}:/home/nathan/dronut/install/realsense_cam:/home/nathan/dronut/install/dronut_w_cam:/home/nathan/dronut/install/dronut_description:/opt/ros/jazzy DEBUGINFOD_URLS=https://debuginfod.ubuntu.com /usr/bin/cmake --install /home/nathan/dronut/build/dronut_controller
[6.170s] -- Install configuration: ""
[6.170s] -- Installing: /home/nathan/dronut/install/dronut_controller/lib/dronut_controller/drone_control_node
[6.178s] -- Set non-toolchain portion of runtime path of "/home/nathan/dronut/install/dronut_controller/lib/dronut_controller/drone_control_node" to ""
[6.178s] -- Up-to-date: /home/nathan/dronut/install/dronut_controller/share/dronut_controller//worlds
[6.178s] -- Up-to-date: /home/nathan/dronut/install/dronut_controller/share/dronut_controller//worlds/maze1.sdf
[6.178s] -- Up-to-date: /home/nathan/dronut/install/dronut_controller/share/dronut_controller//worlds/sample.wbt
[6.178s] -- Up-to-date: /home/nathan/dronut/install/dronut_controller/share/dronut_controller//worlds/.sample.jpg
[6.178s] -- Up-to-date: /home/nathan/dronut/install/dronut_controller/share/dronut_controller//worlds/trial.sdf
[6.178s] -- Up-to-date: /home/nathan/dronut/install/dronut_controller/share/dronut_controller//launch
[6.178s] -- Up-to-date: /home/nathan/dronut/install/dronut_controller/share/dronut_controller//launch/drone.launch.py
[6.178s] -- Up-to-date: /home/nathan/dronut/install/dronut_controller/share/dronut_controller//config
[6.178s] -- Up-to-date: /home/nathan/dronut/install/dronut_controller/share/dronut_controller//config/dronut_controllers.yaml
[6.179s] -- Up-to-date: /home/nathan/dronut/install/dronut_controller/share/ament_index/resource_index/package_run_dependencies/dronut_controller
[6.179s] -- Up-to-date: /home/nathan/dronut/install/dronut_controller/share/ament_index/resource_index/parent_prefix_path/dronut_controller
[6.179s] -- Up-to-date: /home/nathan/dronut/install/dronut_controller/share/dronut_controller/environment/ament_prefix_path.sh
[6.179s] -- Up-to-date: /home/nathan/dronut/install/dronut_controller/share/dronut_controller/environment/ament_prefix_path.dsv
[6.179s] -- Up-to-date: /home/nathan/dronut/install/dronut_controller/share/dronut_controller/environment/path.sh
[6.179s] -- Up-to-date: /home/nathan/dronut/install/dronut_controller/share/dronut_controller/environment/path.dsv
[6.179s] -- Up-to-date: /home/nathan/dronut/install/dronut_controller/share/dronut_controller/local_setup.bash
[6.179s] -- Up-to-date: /home/nathan/dronut/install/dronut_controller/share/dronut_controller/local_setup.sh
[6.179s] -- Up-to-date: /home/nathan/dronut/install/dronut_controller/share/dronut_controller/local_setup.zsh
[6.179s] -- Up-to-date: /home/nathan/dronut/install/dronut_controller/share/dronut_controller/local_setup.dsv
[6.179s] -- Installing: /home/nathan/dronut/install/dronut_controller/share/dronut_controller/package.dsv
[6.179s] -- Up-to-date: /home/nathan/dronut/install/dronut_controller/share/ament_index/resource_index/packages/dronut_controller
[6.179s] -- Up-to-date: /home/nathan/dronut/install/dronut_controller/share/dronut_controller/cmake/dronut_controllerConfig.cmake
[6.179s] -- Up-to-date: /home/nathan/dronut/install/dronut_controller/share/dronut_controller/cmake/dronut_controllerConfig-version.cmake
[6.179s] -- Up-to-date: /home/nathan/dronut/install/dronut_controller/share/dronut_controller/package.xml
[6.180s] Invoked command in '/home/nathan/dronut/build/dronut_controller' returned '0': CMAKE_PREFIX_PATH=${CMAKE_PREFIX_PATH}:/home/nathan/dronut/install/realsense_cam:/home/nathan/dronut/install/dronut_w_cam:/home/nathan/dronut/install/dronut_description:/opt/ros/jazzy DEBUGINFOD_URLS=https://debuginfod.ubuntu.com /usr/bin/cmake --install /home/nathan/dronut/build/dronut_controller
