/home/nathan/dronut/install/dronut_description/lib/python3.10/site-packages/dronut_description/move.py
/home/nathan/dronut/install/dronut_description/lib/python3.10/site-packages/dronut_description/__init__.py
/home/nathan/dronut/install/dronut_description/lib/python3.10/site-packages/dronut_description/__pycache__/move.cpython-310.pyc
/home/nathan/dronut/install/dronut_description/lib/python3.10/site-packages/dronut_description/__pycache__/__init__.cpython-310.pyc
/home/nathan/dronut/install/dronut_description/share/ament_index/resource_index/packages/dronut_description
/home/nathan/dronut/install/dronut_description/share/dronut_description/package.xml
/home/nathan/dronut/install/dronut_description/share/dronut_description/launch/drone_sim.launch.py
/home/nathan/dronut/install/dronut_description/share/dronut_description/launch/drone.launch.py
/home/nathan/dronut/install/dronut_description/share/dronut_description/meshes/part_12.stl
/home/nathan/dronut/install/dronut_description/share/dronut_description/meshes/part_4.stl
/home/nathan/dronut/install/dronut_description/share/dronut_description/meshes/part_13.stl
/home/nathan/dronut/install/dronut_description/share/dronut_description/meshes/part_5.stl
/home/nathan/dronut/install/dronut_description/share/dronut_description/meshes/part_15.stl
/home/nathan/dronut/install/dronut_description/share/dronut_description/meshes/part_1.stl
/home/nathan/dronut/install/dronut_description/share/dronut_description/meshes/part_18.stl
/home/nathan/dronut/install/dronut_description/share/dronut_description/meshes/part_8.stl
/home/nathan/dronut/install/dronut_description/share/dronut_description/meshes/part_19.stl
/home/nathan/dronut/install/dronut_description/share/dronut_description/meshes/part_3.stl
/home/nathan/dronut/install/dronut_description/share/dronut_description/meshes/part_2.stl
/home/nathan/dronut/install/dronut_description/share/dronut_description/meshes/part_6.stl
/home/nathan/dronut/install/dronut_description/share/dronut_description/meshes/part_10.stl
/home/nathan/dronut/install/dronut_description/share/dronut_description/meshes/part_11.stl
/home/nathan/dronut/install/dronut_description/share/dronut_description/meshes/part_14.stl
/home/nathan/dronut/install/dronut_description/share/dronut_description/meshes/part_7.stl
/home/nathan/dronut/install/dronut_description/share/dronut_description/meshes/part_17.stl
/home/nathan/dronut/install/dronut_description/share/dronut_description/meshes/part_9.stl
/home/nathan/dronut/install/dronut_description/share/dronut_description/meshes/part_16.stl
/home/nathan/dronut/install/dronut_description/share/dronut_description/urdf/x1.urdf.xacro
/home/nathan/dronut/install/dronut_description/share/dronut_description/urdf/x1.gazebo.xacro
/home/nathan/dronut/install/dronut_description/share/dronut_description/rviz/x1_view.rviz
/home/nathan/dronut/install/dronut_description/lib/python3.10/site-packages/dronut_description-0.0.0-py3.10.egg-info/entry_points.txt
/home/nathan/dronut/install/dronut_description/lib/python3.10/site-packages/dronut_description-0.0.0-py3.10.egg-info/requires.txt
/home/nathan/dronut/install/dronut_description/lib/python3.10/site-packages/dronut_description-0.0.0-py3.10.egg-info/dependency_links.txt
/home/nathan/dronut/install/dronut_description/lib/python3.10/site-packages/dronut_description-0.0.0-py3.10.egg-info/top_level.txt
/home/nathan/dronut/install/dronut_description/lib/python3.10/site-packages/dronut_description-0.0.0-py3.10.egg-info/zip-safe
/home/nathan/dronut/install/dronut_description/lib/python3.10/site-packages/dronut_description-0.0.0-py3.10.egg-info/SOURCES.txt
/home/nathan/dronut/install/dronut_description/lib/python3.10/site-packages/dronut_description-0.0.0-py3.10.egg-info/PKG-INFO
/home/nathan/dronut/install/dronut_description/lib/dronut_description/move
