[ 25%] [32mBuilding CXX object CMakeFiles/drone_control_node.dir/src/joy_to_cmd_vel_node.cpp.o[0m
[01m[K/home/nathan/dronut/src/dronut_controller/src/joy_to_cmd_vel_node.cpp:3:7:[m[K [01;31m[Kerror: [m[Kredefinition of ‘[01m[Kclass JoyToCmdVelNode[m[K’
    3 | class [01;31m[KJoyToCmdVelNode[m[K : public rclcpp::Node
      |       [01;31m[K^~~~~~~~~~~~~~~[m[K
In file included from [01m[K/home/nathan/dronut/src/dronut_controller/src/joy_to_cmd_vel_node.cpp:1[m[K:
[01m[K/home/nathan/dronut/src/dronut_controller/include/joy_to_cmd_vel_node.hpp:12:7:[m[K [01;36m[Knote: [m[Kprevious definition of ‘[01m[Kclass JoyToCmdVelNode[m[K’
   12 | class [01;36m[KJoyToCmdVelNode[m[K : public rclcpp::Node
      |       [01;36m[K^~~~~~~~~~~~~~~[m[K
[01m[K/home/nathan/dronut/src/dronut_controller/src/joy_to_cmd_vel_node.cpp:[m[K In member function ‘[01m[Kvoid JoyToCmdVelNode::[01;32m[Kbroadcast_transform[m[K()[m[K’:
[01m[K/home/nathan/dronut/src/dronut_controller/src/joy_to_cmd_vel_node.cpp:52:24:[m[K [01;31m[Kerror: [m[K‘[01m[Klast_x_position_[m[K’ was not declared in this scope; did you mean ‘[01m[Kx_position_[m[K’?
   52 |     if (x_position_ == [01;31m[Klast_x_position_[m[K && y_position_ == last_y_position_ &&
      |                        [01;31m[K^~~~~~~~~~~~~~~~[m[K
      |                        [32m[Kx_position_[m[K
[01m[K/home/nathan/dronut/src/dronut_controller/src/joy_to_cmd_vel_node.cpp:52:59:[m[K [01;31m[Kerror: [m[K‘[01m[Klast_y_position_[m[K’ was not declared in this scope; did you mean ‘[01m[Ky_position_[m[K’?
   52 |     if (x_position_ == last_x_position_ && y_position_ == [01;31m[Klast_y_position_[m[K &&
      |                                                           [01;31m[K^~~~~~~~~~~~~~~~[m[K
      |                                                           [32m[Ky_position_[m[K
[01m[K/home/nathan/dronut/src/dronut_controller/src/joy_to_cmd_vel_node.cpp:53:24:[m[K [01;31m[Kerror: [m[K‘[01m[Klast_z_position_[m[K’ was not declared in this scope; did you mean ‘[01m[Kz_position_[m[K’?
   53 |         z_position_ == [01;31m[Klast_z_position_[m[K && theta_ == last_theta_) {
      |                        [01;31m[K^~~~~~~~~~~~~~~~[m[K
      |                        [32m[Kz_position_[m[K
[01m[K/home/nathan/dronut/src/dronut_controller/src/joy_to_cmd_vel_node.cpp:53:54:[m[K [01;31m[Kerror: [m[K‘[01m[Klast_theta_[m[K’ was not declared in this scope
   53 |         z_position_ == last_z_position_ && theta_ == [01;31m[Klast_theta_[m[K) {
      |                                                      [01;31m[K^~~~~~~~~~~[m[K
[01m[K/home/nathan/dronut/src/dronut_controller/src/joy_to_cmd_vel_node.cpp:59:5:[m[K [01;31m[Kerror: [m[K‘[01m[Klast_x_position_[m[K’ was not declared in this scope; did you mean ‘[01m[Kx_position_[m[K’?
   59 |     [01;31m[Klast_x_position_[m[K = x_position_;
      |     [01;31m[K^~~~~~~~~~~~~~~~[m[K
      |     [32m[Kx_position_[m[K
[01m[K/home/nathan/dronut/src/dronut_controller/src/joy_to_cmd_vel_node.cpp:60:5:[m[K [01;31m[Kerror: [m[K‘[01m[Klast_y_position_[m[K’ was not declared in this scope; did you mean ‘[01m[Ky_position_[m[K’?
   60 |     [01;31m[Klast_y_position_[m[K = y_position_;
      |     [01;31m[K^~~~~~~~~~~~~~~~[m[K
      |     [32m[Ky_position_[m[K
[01m[K/home/nathan/dronut/src/dronut_controller/src/joy_to_cmd_vel_node.cpp:61:5:[m[K [01;31m[Kerror: [m[K‘[01m[Klast_z_position_[m[K’ was not declared in this scope; did you mean ‘[01m[Kz_position_[m[K’?
   61 |     [01;31m[Klast_z_position_[m[K = z_position_;
      |     [01;31m[K^~~~~~~~~~~~~~~~[m[K
      |     [32m[Kz_position_[m[K
[01m[K/home/nathan/dronut/src/dronut_controller/src/joy_to_cmd_vel_node.cpp:62:5:[m[K [01;31m[Kerror: [m[K‘[01m[Klast_theta_[m[K’ was not declared in this scope
   62 |     [01;31m[Klast_theta_[m[K = theta_;
      |     [01;31m[K^~~~~~~~~~~[m[K
gmake[2]: *** [CMakeFiles/drone_control_node.dir/build.make:104: CMakeFiles/drone_control_node.dir/src/joy_to_cmd_vel_node.cpp.o] Error 1
gmake[1]: *** [CMakeFiles/Makefile2:137: CMakeFiles/drone_control_node.dir/all] Error 2
gmake: *** [Makefile:146: all] Error 2
