[1.120s] Invoking command in '/home/nathan/dronut/src/dronut_w_cam': DEBUGINFOD_URLS=https://debuginfod.ubuntu.com PYTHONPATH=/home/nathan/dronut/build/dronut_w_cam/prefix_override:/usr/lib/python3/dist-packages/colcon_core/task/python/colcon_distutils_commands:/home/nathan/dronut/install/dronut_w_cam/lib/python3.12/site-packages:${PYTHONPATH} /usr/bin/python3 -W ignore:setup.py install is deprecated -W ignore:easy_install command is deprecated setup.py egg_info --egg-base ../../build/dronut_w_cam build --build-base /home/nathan/dronut/build/dronut_w_cam/build install --record /home/nathan/dronut/build/dronut_w_cam/install.log --single-version-externally-managed install_data
[1.340s] /home/nathan/.local/lib/python3.12/site-packages/setuptools/_distutils/dist.py:261: UserWarning: Unknown distribution option: 'tests_require'
[1.340s]   warnings.warn(msg)
[1.505s] running egg_info
[1.530s] writing ../../build/dronut_w_cam/dronut_w_cam.egg-info/PKG-INFO
[1.531s] writing dependency_links to ../../build/dronut_w_cam/dronut_w_cam.egg-info/dependency_links.txt
[1.531s] writing entry points to ../../build/dronut_w_cam/dronut_w_cam.egg-info/entry_points.txt
[1.531s] writing requirements to ../../build/dronut_w_cam/dronut_w_cam.egg-info/requires.txt
[1.531s] writing top-level names to ../../build/dronut_w_cam/dronut_w_cam.egg-info/top_level.txt
[1.584s] reading manifest file '../../build/dronut_w_cam/dronut_w_cam.egg-info/SOURCES.txt'
[1.586s] writing manifest file '../../build/dronut_w_cam/dronut_w_cam.egg-info/SOURCES.txt'
[1.586s] running build
[1.586s] running build_py
[1.587s] copying dronut_w_cam/move.py -> /home/nathan/dronut/build/dronut_w_cam/build/lib/dronut_w_cam
[1.587s] copying dronut_w_cam/__init__.py -> /home/nathan/dronut/build/dronut_w_cam/build/lib/dronut_w_cam
[1.587s] running install
[1.594s] running install_lib
[1.622s] running install_data
[1.623s] copying resource/dronut_w_cam -> /home/nathan/dronut/install/dronut_w_cam/share/ament_index/resource_index/packages
[1.623s] copying package.xml -> /home/nathan/dronut/install/dronut_w_cam/share/dronut_w_cam
[1.623s] copying launch/drone.launch.py -> /home/nathan/dronut/install/dronut_w_cam/share/dronut_w_cam/launch
[1.623s] copying launch/drone_sim.launch.py -> /home/nathan/dronut/install/dronut_w_cam/share/dronut_w_cam/launch
[1.624s] copying meshes/part_19.stl -> /home/nathan/dronut/install/dronut_w_cam/share/dronut_w_cam/meshes
[1.624s] copying meshes/part_12.stl -> /home/nathan/dronut/install/dronut_w_cam/share/dronut_w_cam/meshes
[1.624s] copying meshes/part_13.stl -> /home/nathan/dronut/install/dronut_w_cam/share/dronut_w_cam/meshes
[1.625s] copying meshes/part_18.stl -> /home/nathan/dronut/install/dronut_w_cam/share/dronut_w_cam/meshes
[1.625s] copying meshes/part_10.stl -> /home/nathan/dronut/install/dronut_w_cam/share/dronut_w_cam/meshes
[1.625s] copying meshes/part_11.stl -> /home/nathan/dronut/install/dronut_w_cam/share/dronut_w_cam/meshes
[1.626s] copying meshes/part_7.stl -> /home/nathan/dronut/install/dronut_w_cam/share/dronut_w_cam/meshes
[1.626s] copying meshes/part_5.stl -> /home/nathan/dronut/install/dronut_w_cam/share/dronut_w_cam/meshes
[1.626s] copying meshes/part_14.stl -> /home/nathan/dronut/install/dronut_w_cam/share/dronut_w_cam/meshes
[1.626s] copying meshes/part_8.stl -> /home/nathan/dronut/install/dronut_w_cam/share/dronut_w_cam/meshes
[1.627s] copying meshes/part_16.stl -> /home/nathan/dronut/install/dronut_w_cam/share/dronut_w_cam/meshes
[1.627s] copying meshes/part_1.stl -> /home/nathan/dronut/install/dronut_w_cam/share/dronut_w_cam/meshes
[1.627s] copying meshes/part_17.stl -> /home/nathan/dronut/install/dronut_w_cam/share/dronut_w_cam/meshes
[1.627s] copying meshes/part_15.stl -> /home/nathan/dronut/install/dronut_w_cam/share/dronut_w_cam/meshes
[1.627s] copying meshes/part_3.stl -> /home/nathan/dronut/install/dronut_w_cam/share/dronut_w_cam/meshes
[1.627s] copying meshes/part_9.stl -> /home/nathan/dronut/install/dronut_w_cam/share/dronut_w_cam/meshes
[1.628s] copying meshes/part_6.stl -> /home/nathan/dronut/install/dronut_w_cam/share/dronut_w_cam/meshes
[1.628s] copying meshes/part_4.stl -> /home/nathan/dronut/install/dronut_w_cam/share/dronut_w_cam/meshes
[1.628s] copying meshes/part_2.stl -> /home/nathan/dronut/install/dronut_w_cam/share/dronut_w_cam/meshes
[1.628s] copying urdf/x1.urdf.xacro -> /home/nathan/dronut/install/dronut_w_cam/share/dronut_w_cam/urdf
[1.628s] running install_egg_info
[1.655s] removing '/home/nathan/dronut/install/dronut_w_cam/lib/python3.12/site-packages/dronut_w_cam-0.0.0-py3.12.egg-info' (and everything under it)
[1.656s] Copying ../../build/dronut_w_cam/dronut_w_cam.egg-info to /home/nathan/dronut/install/dronut_w_cam/lib/python3.12/site-packages/dronut_w_cam-0.0.0-py3.12.egg-info
[1.657s] running install_scripts
[1.804s] Installing move script to /home/nathan/dronut/install/dronut_w_cam/lib/dronut_w_cam
[1.804s] writing list of installed files to '/home/nathan/dronut/build/dronut_w_cam/install.log'
[1.839s] Invoked command in '/home/nathan/dronut/src/dronut_w_cam' returned '0': DEBUGINFOD_URLS=https://debuginfod.ubuntu.com PYTHONPATH=/home/nathan/dronut/build/dronut_w_cam/prefix_override:/usr/lib/python3/dist-packages/colcon_core/task/python/colcon_distutils_commands:/home/nathan/dronut/install/dronut_w_cam/lib/python3.12/site-packages:${PYTHONPATH} /usr/bin/python3 -W ignore:setup.py install is deprecated -W ignore:easy_install command is deprecated setup.py egg_info --egg-base ../../build/dronut_w_cam build --build-base /home/nathan/dronut/build/dronut_w_cam/build install --record /home/nathan/dronut/build/dronut_w_cam/install.log --single-version-externally-managed install_data
