[0.024s] Invoking command in '/home/nathan/dronut/build/dronut_controller': CMAKE_PREFIX_PATH=${CMAKE_PREFIX_PATH}:/home/nathan/dronut/install/realsense_cam:/home/nathan/dronut/install/dronut_w_cam:/home/nathan/dronut/install/dronut_description:/home/nathan/leo-rover-autonomous-exploration/install/leo_v4:/home/nathan/leo-rover-autonomous-exploration/install/leo_v3:/home/nathan/leo-rover-autonomous-exploration/install/leo_v2:/home/nathan/leo-rover-autonomous-exploration/install/leo_v1:/home/nathan/leo-rover-autonomous-exploration/install/leo_description:/opt/ros/jazzy DEBUGINFOD_URLS=https://debuginfod.ubuntu.com /usr/bin/cmake --build /home/nathan/dronut/build/dronut_controller -- -j20 -l20
[0.368s] -- Found ament_cmake: 2.5.3 (/opt/ros/jazzy/share/ament_cmake/cmake)
[0.368s] -- Found rclcpp: 28.1.6 (/opt/ros/jazzy/share/rclcpp/cmake)
[0.368s] -- Found rosidl_generator_c: 4.6.5 (/opt/ros/jazzy/share/rosidl_generator_c/cmake)
[0.369s] -- Found rosidl_generator_cpp: 4.6.5 (/opt/ros/jazzy/share/rosidl_generator_cpp/cmake)
[0.369s] -- Using all available rosidl_typesupport_c: rosidl_typesupport_fastrtps_c;rosidl_typesupport_introspection_c
[0.369s] -- Using all available rosidl_typesupport_cpp: rosidl_typesupport_fastrtps_cpp;rosidl_typesupport_introspection_cpp
[0.369s] -- Found rmw_implementation_cmake: 7.3.1 (/opt/ros/jazzy/share/rmw_implementation_cmake/cmake)
[0.370s] -- Found rmw_fastrtps_cpp: 8.4.1 (/opt/ros/jazzy/share/rmw_fastrtps_cpp/cmake)
[0.370s] -- Using RMW implementation 'rmw_fastrtps_cpp' as default
[0.408s] -- Found sensor_msgs: 5.3.5 (/opt/ros/jazzy/share/sensor_msgs/cmake)
[0.449s] -- Found tf2: 0.36.7 (/opt/ros/jazzy/share/tf2/cmake)
[0.452s] -- Found tf2_ros: 0.36.7 (/opt/ros/jazzy/share/tf2_ros/cmake)
[0.530s] -- Found control_msgs: 5.3.0 (/opt/ros/jazzy/share/control_msgs/cmake)
[0.573s] -- Found ros_gz_interfaces: 1.0.7 (/opt/ros/jazzy/share/ros_gz_interfaces/cmake)
[0.595s] -- Found tf2_sensor_msgs: 0.36.7 (/opt/ros/jazzy/share/tf2_sensor_msgs/cmake)
[0.602s] -- Found ament_lint_auto: 0.17.1 (/opt/ros/jazzy/share/ament_lint_auto/cmake)
[0.670s] -- Added test 'cppcheck' to perform static code analysis on C / C++ code
[0.670s] -- Configured cppcheck include dirs: /home/nathan/dronut/src/dronut_controller/include
[0.670s] -- Configured cppcheck exclude dirs and/or files: 
[0.671s] -- Added test 'flake8' to check Python code syntax and style conventions
[0.671s] -- Configured 'flake8' exclude dirs and/or files: 
[0.671s] -- Added test 'lint_cmake' to check CMake code style
[0.671s] -- Added test 'pep257' to check Python code against some of the docstring style conventions in PEP 257
[0.672s] -- Added test 'uncrustify' to check C / C++ code style
[0.672s] -- Configured uncrustify additional arguments: 
[0.672s] -- Added test 'xmllint' to check XML markup files
[0.672s] -- Configuring done (0.6s)
[0.683s] -- Generating done (0.0s)
[0.686s] -- Build files have been written to: /home/nathan/dronut/build/dronut_controller
[0.733s] [ 20%] [32mBuilding CXX object CMakeFiles/drone_control_node.dir/src/main.cpp.o[0m
[0.733s] [ 40%] [32mBuilding CXX object CMakeFiles/drone_control_node.dir/src/frame_remapper.cpp.o[0m
[0.894s] In file included from [01m[K/home/nathan/dronut/src/dronut_controller/src/frame_remapper.cpp:1[m[K:
[0.894s] [01m[K/home/nathan/dronut/src/dronut_controller/include/frame_remapper.hpp:8:10:[m[K [01;31m[Kfatal error: [m[Ktf2_sensor_msgs/tf2_sensor_msgs.h: No such file or directory
[0.894s]     8 | #include [01;31m[K<tf2_sensor_msgs/tf2_sensor_msgs.h>[m[K // For transforming PointCloud2
[0.894s]       |          [01;31m[K^~~~~~~~~~~~~~~~~~~~~~~~~~~~~~~~~~~[m[K
[0.894s] compilation terminated.
[0.896s] In file included from [01m[K/home/nathan/dronut/src/dronut_controller/src/main.cpp:4[m[K:
[0.896s] [01m[K/home/nathan/dronut/src/dronut_controller/include/frame_remapper.hpp:8:10:[m[K [01;31m[Kfatal error: [m[Ktf2_sensor_msgs/tf2_sensor_msgs.h: No such file or directory
[0.896s]     8 | #include [01;31m[K<tf2_sensor_msgs/tf2_sensor_msgs.h>[m[K // For transforming PointCloud2
[0.896s]       |          [01;31m[K^~~~~~~~~~~~~~~~~~~~~~~~~~~~~~~~~~~[m[K
[0.896s] compilation terminated.
[0.903s] gmake[2]: *** [CMakeFiles/drone_control_node.dir/build.make:76: CMakeFiles/drone_control_node.dir/src/main.cpp.o] Error 1
[0.903s] gmake[2]: *** Waiting for unfinished jobs....
[0.903s] gmake[2]: *** [CMakeFiles/drone_control_node.dir/build.make:118: CMakeFiles/drone_control_node.dir/src/frame_remapper.cpp.o] Error 1
[0.904s] gmake[1]: *** [CMakeFiles/Makefile2:137: CMakeFiles/drone_control_node.dir/all] Error 2
[0.904s] gmake: *** [Makefile:146: all] Error 2
[0.906s] Invoked command in '/home/nathan/dronut/build/dronut_controller' returned '2': CMAKE_PREFIX_PATH=${CMAKE_PREFIX_PATH}:/home/nathan/dronut/install/realsense_cam:/home/nathan/dronut/install/dronut_w_cam:/home/nathan/dronut/install/dronut_description:/home/nathan/leo-rover-autonomous-exploration/install/leo_v4:/home/nathan/leo-rover-autonomous-exploration/install/leo_v3:/home/nathan/leo-rover-autonomous-exploration/install/leo_v2:/home/nathan/leo-rover-autonomous-exploration/install/leo_v1:/home/nathan/leo-rover-autonomous-exploration/install/leo_description:/opt/ros/jazzy DEBUGINFOD_URLS=https://debuginfod.ubuntu.com /usr/bin/cmake --build /home/nathan/dronut/build/dronut_controller -- -j20 -l20
