[0.402s] Invoking command in '/home/nathan/dronut/src/dronut_description': PYTHONPATH=/home/nathan/dronut/build/dronut_description/prefix_override:/usr/lib/python3/dist-packages/colcon_core/task/python/colcon_distutils_commands:/home/nathan/dronut/install/dronut_description/lib/python3.10/site-packages:${PYTHONPATH} /usr/bin/python3 -W ignore:setup.py install is deprecated -W ignore:easy_install command is deprecated setup.py egg_info --egg-base ../../build/dronut_description build --build-base /home/nathan/dronut/build/dronut_description/build install --record /home/nathan/dronut/build/dronut_description/install.log --single-version-externally-managed install_data
[0.554s] running egg_info
[0.555s] writing ../../build/dronut_description/dronut_description.egg-info/PKG-INFO
[0.555s] writing dependency_links to ../../build/dronut_description/dronut_description.egg-info/dependency_links.txt
[0.555s] writing entry points to ../../build/dronut_description/dronut_description.egg-info/entry_points.txt
[0.555s] writing requirements to ../../build/dronut_description/dronut_description.egg-info/requires.txt
[0.556s] writing top-level names to ../../build/dronut_description/dronut_description.egg-info/top_level.txt
[0.557s] reading manifest file '../../build/dronut_description/dronut_description.egg-info/SOURCES.txt'
[0.558s] writing manifest file '../../build/dronut_description/dronut_description.egg-info/SOURCES.txt'
[0.558s] running build
[0.558s] running build_py
[0.558s] running install
[0.558s] running install_lib
[0.559s] running install_data
[0.559s] copying urdf/x1.gazebo.xacro -> /home/nathan/dronut/install/dronut_description/share/dronut_description/urdf
[0.559s] running install_egg_info
[0.560s] removing '/home/nathan/dronut/install/dronut_description/lib/python3.10/site-packages/dronut_description-0.0.0-py3.10.egg-info' (and everything under it)
[0.560s] Copying ../../build/dronut_description/dronut_description.egg-info to /home/nathan/dronut/install/dronut_description/lib/python3.10/site-packages/dronut_description-0.0.0-py3.10.egg-info
[0.561s] running install_scripts
[0.574s] writing list of installed files to '/home/nathan/dronut/build/dronut_description/install.log'
[0.589s] Invoked command in '/home/nathan/dronut/src/dronut_description' returned '0': PYTHONPATH=/home/nathan/dronut/build/dronut_description/prefix_override:/usr/lib/python3/dist-packages/colcon_core/task/python/colcon_distutils_commands:/home/nathan/dronut/install/dronut_description/lib/python3.10/site-packages:${PYTHONPATH} /usr/bin/python3 -W ignore:setup.py install is deprecated -W ignore:easy_install command is deprecated setup.py egg_info --egg-base ../../build/dronut_description build --build-base /home/nathan/dronut/build/dronut_description/build install --record /home/nathan/dronut/build/dronut_description/install.log --single-version-externally-managed install_data
