[0.618s] Invoking command in '/home/nathan/dronut/src/dronut_w_cam': DEBUGINFOD_URLS=https://debuginfod.ubuntu.com PYTHONPATH=/home/nathan/dronut/build/dronut_w_cam/prefix_override:/usr/lib/python3/dist-packages/colcon_core/task/python/colcon_distutils_commands:/home/nathan/dronut/install/dronut_w_cam/lib/python3.12/site-packages:${PYTHONPATH} /usr/bin/python3 -W ignore:setup.py install is deprecated -W ignore:easy_install command is deprecated setup.py egg_info --egg-base ../../build/dronut_w_cam build --build-base /home/nathan/dronut/build/dronut_w_cam/build install --record /home/nathan/dronut/build/dronut_w_cam/install.log --single-version-externally-managed install_data
[0.737s] /home/nathan/.local/lib/python3.12/site-packages/setuptools/_distutils/dist.py:261: UserWarning: Unknown distribution option: 'tests_require'
[0.737s]   warnings.warn(msg)
[0.830s] running egg_info
[0.845s] writing ../../build/dronut_w_cam/dronut_w_cam.egg-info/PKG-INFO
[0.846s] writing dependency_links to ../../build/dronut_w_cam/dronut_w_cam.egg-info/dependency_links.txt
[0.846s] writing entry points to ../../build/dronut_w_cam/dronut_w_cam.egg-info/entry_points.txt
[0.846s] writing requirements to ../../build/dronut_w_cam/dronut_w_cam.egg-info/requires.txt
[0.846s] writing top-level names to ../../build/dronut_w_cam/dronut_w_cam.egg-info/top_level.txt
[0.878s] reading manifest file '../../build/dronut_w_cam/dronut_w_cam.egg-info/SOURCES.txt'
[0.879s] writing manifest file '../../build/dronut_w_cam/dronut_w_cam.egg-info/SOURCES.txt'
[0.879s] running build
[0.879s] running build_py
[0.879s] copying dronut_w_cam/move.py -> /home/nathan/dronut/build/dronut_w_cam/build/lib/dronut_w_cam
[0.879s] copying dronut_w_cam/__init__.py -> /home/nathan/dronut/build/dronut_w_cam/build/lib/dronut_w_cam
[0.879s] running install
[0.883s] running install_lib
[0.899s] running install_data
[0.899s] copying resource/dronut_w_cam -> /home/nathan/dronut/install/dronut_w_cam/share/ament_index/resource_index/packages
[0.899s] copying package.xml -> /home/nathan/dronut/install/dronut_w_cam/share/dronut_w_cam
[0.899s] copying launch/drone.launch.py -> /home/nathan/dronut/install/dronut_w_cam/share/dronut_w_cam/launch
[0.900s] copying launch/drone_sim.launch.py -> /home/nathan/dronut/install/dronut_w_cam/share/dronut_w_cam/launch
[0.900s] copying meshes/part_19.stl -> /home/nathan/dronut/install/dronut_w_cam/share/dronut_w_cam/meshes
[0.900s] copying meshes/part_12.stl -> /home/nathan/dronut/install/dronut_w_cam/share/dronut_w_cam/meshes
[0.900s] copying meshes/part_13.stl -> /home/nathan/dronut/install/dronut_w_cam/share/dronut_w_cam/meshes
[0.900s] copying meshes/part_18.stl -> /home/nathan/dronut/install/dronut_w_cam/share/dronut_w_cam/meshes
[0.900s] copying meshes/part_10.stl -> /home/nathan/dronut/install/dronut_w_cam/share/dronut_w_cam/meshes
[0.901s] copying meshes/part_11.stl -> /home/nathan/dronut/install/dronut_w_cam/share/dronut_w_cam/meshes
[0.901s] copying meshes/part_7.stl -> /home/nathan/dronut/install/dronut_w_cam/share/dronut_w_cam/meshes
[0.901s] copying meshes/part_5.stl -> /home/nathan/dronut/install/dronut_w_cam/share/dronut_w_cam/meshes
[0.901s] copying meshes/part_14.stl -> /home/nathan/dronut/install/dronut_w_cam/share/dronut_w_cam/meshes
[0.901s] copying meshes/part_8.stl -> /home/nathan/dronut/install/dronut_w_cam/share/dronut_w_cam/meshes
[0.901s] copying meshes/part_16.stl -> /home/nathan/dronut/install/dronut_w_cam/share/dronut_w_cam/meshes
[0.901s] copying meshes/part_1.stl -> /home/nathan/dronut/install/dronut_w_cam/share/dronut_w_cam/meshes
[0.901s] copying meshes/part_17.stl -> /home/nathan/dronut/install/dronut_w_cam/share/dronut_w_cam/meshes
[0.901s] copying meshes/part_15.stl -> /home/nathan/dronut/install/dronut_w_cam/share/dronut_w_cam/meshes
[0.901s] copying meshes/part_3.stl -> /home/nathan/dronut/install/dronut_w_cam/share/dronut_w_cam/meshes
[0.901s] copying meshes/part_9.stl -> /home/nathan/dronut/install/dronut_w_cam/share/dronut_w_cam/meshes
[0.901s] copying meshes/part_6.stl -> /home/nathan/dronut/install/dronut_w_cam/share/dronut_w_cam/meshes
[0.901s] copying meshes/part_4.stl -> /home/nathan/dronut/install/dronut_w_cam/share/dronut_w_cam/meshes
[0.902s] copying meshes/part_2.stl -> /home/nathan/dronut/install/dronut_w_cam/share/dronut_w_cam/meshes
[0.902s] copying urdf/x1.urdf.xacro -> /home/nathan/dronut/install/dronut_w_cam/share/dronut_w_cam/urdf
[0.902s] running install_egg_info
[0.917s] removing '/home/nathan/dronut/install/dronut_w_cam/lib/python3.12/site-packages/dronut_w_cam-0.0.0-py3.12.egg-info' (and everything under it)
[0.917s] Copying ../../build/dronut_w_cam/dronut_w_cam.egg-info to /home/nathan/dronut/install/dronut_w_cam/lib/python3.12/site-packages/dronut_w_cam-0.0.0-py3.12.egg-info
[0.918s] running install_scripts
[1.005s] Installing move script to /home/nathan/dronut/install/dronut_w_cam/lib/dronut_w_cam
[1.005s] writing list of installed files to '/home/nathan/dronut/build/dronut_w_cam/install.log'
[1.023s] Invoked command in '/home/nathan/dronut/src/dronut_w_cam' returned '0': DEBUGINFOD_URLS=https://debuginfod.ubuntu.com PYTHONPATH=/home/nathan/dronut/build/dronut_w_cam/prefix_override:/usr/lib/python3/dist-packages/colcon_core/task/python/colcon_distutils_commands:/home/nathan/dronut/install/dronut_w_cam/lib/python3.12/site-packages:${PYTHONPATH} /usr/bin/python3 -W ignore:setup.py install is deprecated -W ignore:easy_install command is deprecated setup.py egg_info --egg-base ../../build/dronut_w_cam build --build-base /home/nathan/dronut/build/dronut_w_cam/build install --record /home/nathan/dronut/build/dronut_w_cam/install.log --single-version-externally-managed install_data
