[0.019s] Invoking command in '/home/nathan/dronut/build/dronut_controller': CMAKE_PREFIX_PATH=${CMAKE_PREFIX_PATH}:/home/nathan/dronut/install/realsense_cam:/home/nathan/dronut/install/dronut_w_cam:/home/nathan/dronut/install/dronut_description:/opt/ros/jazzy DEBUGINFOD_URLS=https://debuginfod.ubuntu.com /usr/bin/cmake --build /home/nathan/dronut/build/dronut_controller -- -j20 -l20
[0.035s] -- Found ament_cmake: 2.5.3 (/opt/ros/jazzy/share/ament_cmake/cmake)
[0.205s] -- Found rclcpp: 28.1.6 (/opt/ros/jazzy/share/rclcpp/cmake)
[0.225s] -- Found rosidl_generator_c: 4.6.5 (/opt/ros/jazzy/share/rosidl_generator_c/cmake)
[0.231s] -- Found rosidl_generator_cpp: 4.6.5 (/opt/ros/jazzy/share/rosidl_generator_cpp/cmake)
[0.239s] -- Using all available rosidl_typesupport_c: rosidl_typesupport_fastrtps_c;rosidl_typesupport_introspection_c
[0.248s] -- Using all available rosidl_typesupport_cpp: rosidl_typesupport_fastrtps_cpp;rosidl_typesupport_introspection_cpp
[0.292s] -- Found rmw_implementation_cmake: 7.3.1 (/opt/ros/jazzy/share/rmw_implementation_cmake/cmake)
[0.293s] -- Found rmw_fastrtps_cpp: 8.4.1 (/opt/ros/jazzy/share/rmw_fastrtps_cpp/cmake)
[0.343s] -- Using RMW implementation 'rmw_fastrtps_cpp' as default
[0.389s] -- Found sensor_msgs: 5.3.5 (/opt/ros/jazzy/share/sensor_msgs/cmake)
[0.430s] -- Found tf2: 0.36.7 (/opt/ros/jazzy/share/tf2/cmake)
[0.433s] -- Found tf2_ros: 0.36.7 (/opt/ros/jazzy/share/tf2_ros/cmake)
[0.512s] -- Found control_msgs: 5.3.0 (/opt/ros/jazzy/share/control_msgs/cmake)
[0.556s] -- Found ros_gz_interfaces: 1.0.7 (/opt/ros/jazzy/share/ros_gz_interfaces/cmake)
[0.581s] -- Found ament_lint_auto: 0.17.1 (/opt/ros/jazzy/share/ament_lint_auto/cmake)
[0.647s] -- Added test 'cppcheck' to perform static code analysis on C / C++ code
[0.647s] -- Configured cppcheck include dirs: /home/nathan/dronut/src/dronut_controller/include
[0.647s] -- Configured cppcheck exclude dirs and/or files: 
[0.647s] -- Added test 'flake8' to check Python code syntax and style conventions
[0.648s] -- Configured 'flake8' exclude dirs and/or files: 
[0.648s] -- Added test 'lint_cmake' to check CMake code style
[0.648s] -- Added test 'pep257' to check Python code against some of the docstring style conventions in PEP 257
[0.648s] -- Added test 'uncrustify' to check C / C++ code style
[0.648s] -- Configured uncrustify additional arguments: 
[0.648s] -- Added test 'xmllint' to check XML markup files
[0.649s] -- Configuring done (0.6s)
[0.659s] -- Generating done (0.0s)
[0.662s] -- Build files have been written to: /home/nathan/dronut/build/dronut_controller
[0.705s] [ 25%] [32mBuilding CXX object CMakeFiles/drone_control_node.dir/src/joy_to_cmd_vel_node.cpp.o[0m
[0.706s] [ 50%] [32mBuilding CXX object CMakeFiles/drone_control_node.dir/src/main.cpp.o[0m
[0.706s] [ 75%] [32mBuilding CXX object CMakeFiles/drone_control_node.dir/src/birotor_drone_controller.cpp.o[0m
[5.958s] [100%] [32m[1mLinking CXX executable drone_control_node[0m
[6.183s] /usr/bin/ld: CMakeFiles/drone_control_node.dir/src/main.cpp.o: in function `void std::_Construct<JoyToCmdVelNode>(JoyToCmdVelNode*)':
[6.183s] main.cpp:(.text._ZSt10_ConstructI15JoyToCmdVelNodeJEEvPT_DpOT0_[_ZSt10_ConstructI15JoyToCmdVelNodeJEEvPT_DpOT0_]+0x35): undefined reference to `JoyToCmdVelNode::JoyToCmdVelNode()'
[6.207s] collect2: error: ld returned 1 exit status
[6.208s] gmake[2]: *** [CMakeFiles/drone_control_node.dir/build.make:271: drone_control_node] Error 1
[6.208s] gmake[1]: *** [CMakeFiles/Makefile2:137: CMakeFiles/drone_control_node.dir/all] Error 2
[6.208s] gmake: *** [Makefile:146: all] Error 2
[6.210s] Invoked command in '/home/nathan/dronut/build/dronut_controller' returned '2': CMAKE_PREFIX_PATH=${CMAKE_PREFIX_PATH}:/home/nathan/dronut/install/realsense_cam:/home/nathan/dronut/install/dronut_w_cam:/home/nathan/dronut/install/dronut_description:/opt/ros/jazzy DEBUGINFOD_URLS=https://debuginfod.ubuntu.com /usr/bin/cmake --build /home/nathan/dronut/build/dronut_controller -- -j20 -l20
