[0.605s] Invoking command in '/home/nathan/dronut/src/dronut_description': DEBUGINFOD_URLS=https://debuginfod.ubuntu.com PYTHONPATH=/home/nathan/dronut/build/dronut_description/prefix_override:/usr/lib/python3/dist-packages/colcon_core/task/python/colcon_distutils_commands:/home/nathan/dronut/install/dronut_description/lib/python3.12/site-packages:${PYTHONPATH} /usr/bin/python3 -W ignore:setup.py install is deprecated -W ignore:easy_install command is deprecated setup.py egg_info --egg-base ../../build/dronut_description build --build-base /home/nathan/dronut/build/dronut_description/build install --record /home/nathan/dronut/build/dronut_description/install.log --single-version-externally-managed install_data
[0.795s] running egg_info
[0.796s] creating ../../build/dronut_description/dronut_description.egg-info
[0.809s] writing ../../build/dronut_description/dronut_description.egg-info/PKG-INFO
[0.809s] writing dependency_links to ../../build/dronut_description/dronut_description.egg-info/dependency_links.txt
[0.809s] writing requirements to ../../build/dronut_description/dronut_description.egg-info/requires.txt
[0.809s] writing top-level names to ../../build/dronut_description/dronut_description.egg-info/top_level.txt
[0.809s] writing manifest file '../../build/dronut_description/dronut_description.egg-info/SOURCES.txt'
[0.837s] reading manifest file '../../build/dronut_description/dronut_description.egg-info/SOURCES.txt'
[0.837s] writing manifest file '../../build/dronut_description/dronut_description.egg-info/SOURCES.txt'
[0.838s] running build
[0.838s] running build_py
[0.838s] creating /home/nathan/dronut/build/dronut_description/build
[0.838s] creating /home/nathan/dronut/build/dronut_description/build/lib
[0.838s] creating /home/nathan/dronut/build/dronut_description/build/lib/dronut_description
[0.838s] copying dronut_description/__init__.py -> /home/nathan/dronut/build/dronut_description/build/lib/dronut_description
[0.838s] running install
[0.842s] running install_lib
[0.856s] creating /home/nathan/dronut/install/dronut_description/lib/python3.12/site-packages/dronut_description
[0.856s] copying /home/nathan/dronut/build/dronut_description/build/lib/dronut_description/__init__.py -> /home/nathan/dronut/install/dronut_description/lib/python3.12/site-packages/dronut_description
[0.856s] byte-compiling /home/nathan/dronut/install/dronut_description/lib/python3.12/site-packages/dronut_description/__init__.py to __init__.cpython-312.pyc
[0.857s] running install_data
[0.857s] creating /home/nathan/dronut/install/dronut_description/share/ament_index
[0.857s] creating /home/nathan/dronut/install/dronut_description/share/ament_index/resource_index
[0.857s] creating /home/nathan/dronut/install/dronut_description/share/ament_index/resource_index/packages
[0.857s] copying resource/dronut_description -> /home/nathan/dronut/install/dronut_description/share/ament_index/resource_index/packages
[0.857s] copying package.xml -> /home/nathan/dronut/install/dronut_description/share/dronut_description
[0.857s] creating /home/nathan/dronut/install/dronut_description/share/dronut_description/launch
[0.857s] copying launch/drone.launch.py -> /home/nathan/dronut/install/dronut_description/share/dronut_description/launch
[0.857s] creating /home/nathan/dronut/install/dronut_description/share/dronut_description/meshes
[0.858s] copying meshes/part_19.stl -> /home/nathan/dronut/install/dronut_description/share/dronut_description/meshes
[0.858s] copying meshes/part_12.stl -> /home/nathan/dronut/install/dronut_description/share/dronut_description/meshes
[0.858s] copying meshes/part_13.stl -> /home/nathan/dronut/install/dronut_description/share/dronut_description/meshes
[0.858s] copying meshes/part_18.stl -> /home/nathan/dronut/install/dronut_description/share/dronut_description/meshes
[0.858s] copying meshes/part_10.stl -> /home/nathan/dronut/install/dronut_description/share/dronut_description/meshes
[0.858s] copying meshes/part_11.stl -> /home/nathan/dronut/install/dronut_description/share/dronut_description/meshes
[0.858s] copying meshes/part_7.stl -> /home/nathan/dronut/install/dronut_description/share/dronut_description/meshes
[0.858s] copying meshes/part_5.stl -> /home/nathan/dronut/install/dronut_description/share/dronut_description/meshes
[0.858s] copying meshes/part_14.stl -> /home/nathan/dronut/install/dronut_description/share/dronut_description/meshes
[0.858s] copying meshes/part_8.stl -> /home/nathan/dronut/install/dronut_description/share/dronut_description/meshes
[0.859s] copying meshes/part_16.stl -> /home/nathan/dronut/install/dronut_description/share/dronut_description/meshes
[0.859s] copying meshes/part_1.stl -> /home/nathan/dronut/install/dronut_description/share/dronut_description/meshes
[0.859s] copying meshes/part_17.stl -> /home/nathan/dronut/install/dronut_description/share/dronut_description/meshes
[0.859s] copying meshes/part_15.stl -> /home/nathan/dronut/install/dronut_description/share/dronut_description/meshes
[0.859s] copying meshes/part_3.stl -> /home/nathan/dronut/install/dronut_description/share/dronut_description/meshes
[0.859s] copying meshes/part_9.stl -> /home/nathan/dronut/install/dronut_description/share/dronut_description/meshes
[0.859s] copying meshes/part_6.stl -> /home/nathan/dronut/install/dronut_description/share/dronut_description/meshes
[0.859s] copying meshes/part_4.stl -> /home/nathan/dronut/install/dronut_description/share/dronut_description/meshes
[0.859s] copying meshes/part_2.stl -> /home/nathan/dronut/install/dronut_description/share/dronut_description/meshes
[0.859s] creating /home/nathan/dronut/install/dronut_description/share/dronut_description/urdf
[0.859s] copying urdf/x1.urdf.xacro -> /home/nathan/dronut/install/dronut_description/share/dronut_description/urdf
[0.859s] creating /home/nathan/dronut/install/dronut_description/share/dronut_description/rviz
[0.859s] running install_egg_info
[0.873s] Copying ../../build/dronut_description/dronut_description.egg-info to /home/nathan/dronut/install/dronut_description/lib/python3.12/site-packages/dronut_description-0.0.0-py3.12.egg-info
[0.873s] running install_scripts
[0.963s] writing list of installed files to '/home/nathan/dronut/build/dronut_description/install.log'
[0.980s] Invoked command in '/home/nathan/dronut/src/dronut_description' returned '0': DEBUGINFOD_URLS=https://debuginfod.ubuntu.com PYTHONPATH=/home/nathan/dronut/build/dronut_description/prefix_override:/usr/lib/python3/dist-packages/colcon_core/task/python/colcon_distutils_commands:/home/nathan/dronut/install/dronut_description/lib/python3.12/site-packages:${PYTHONPATH} /usr/bin/python3 -W ignore:setup.py install is deprecated -W ignore:easy_install command is deprecated setup.py egg_info --egg-base ../../build/dronut_description build --build-base /home/nathan/dronut/build/dronut_description/build install --record /home/nathan/dronut/build/dronut_description/install.log --single-version-externally-managed install_data
