[0.014s] Invoking command in '/home/nathan/dronut/build/dronut_controller': CMAKE_PREFIX_PATH=${CMAKE_PREFIX_PATH}:/home/nathan/dronut/install/realsense_cam:/home/nathan/dronut/install/dronut_w_cam:/home/nathan/dronut/install/dronut_description:/opt/ros/jazzy DEBUGINFOD_URLS=https://debuginfod.ubuntu.com /usr/bin/cmake --build /home/nathan/dronut/build/dronut_controller -- -j20 -l20
[0.059s] -- Found ament_cmake: 2.5.2 (/opt/ros/jazzy/share/ament_cmake/cmake)
[0.405s] -- Found rclcpp: 28.1.5 (/opt/ros/jazzy/share/rclcpp/cmake)
[0.450s] -- Found rosidl_generator_c: 4.6.4 (/opt/ros/jazzy/share/rosidl_generator_c/cmake)
[0.462s] -- Found rosidl_generator_cpp: 4.6.4 (/opt/ros/jazzy/share/rosidl_generator_cpp/cmake)
[0.477s] -- Using all available rosidl_typesupport_c: rosidl_typesupport_fastrtps_c;rosidl_typesupport_introspection_c
[0.495s] -- Using all available rosidl_typesupport_cpp: rosidl_typesupport_fastrtps_cpp;rosidl_typesupport_introspection_cpp
[0.576s] -- Found rmw_implementation_cmake: 7.3.1 (/opt/ros/jazzy/share/rmw_implementation_cmake/cmake)
[0.578s] -- Found rmw_fastrtps_cpp: 8.4.1 (/opt/ros/jazzy/share/rmw_fastrtps_cpp/cmake)
[0.674s] -- Using RMW implementation 'rmw_fastrtps_cpp' as default
[0.759s] -- Found sensor_msgs: 5.3.5 (/opt/ros/jazzy/share/sensor_msgs/cmake)
[0.833s] -- Found tf2: 0.36.4 (/opt/ros/jazzy/share/tf2/cmake)
[0.838s] -- Found tf2_ros: 0.36.4 (/opt/ros/jazzy/share/tf2_ros/cmake)
[0.983s] -- Found ament_lint_auto: 0.17.1 (/opt/ros/jazzy/share/ament_lint_auto/cmake)
[1.114s] -- Added test 'cppcheck' to perform static code analysis on C / C++ code
[1.114s] -- Configured cppcheck include dirs: /home/nathan/dronut/src/dronut_controller/include
[1.114s] -- Configured cppcheck exclude dirs and/or files: 
[1.115s] -- Added test 'flake8' to check Python code syntax and style conventions
[1.115s] -- Configured 'flake8' exclude dirs and/or files: 
[1.115s] -- Added test 'lint_cmake' to check CMake code style
[1.115s] -- Added test 'pep257' to check Python code against some of the docstring style conventions in PEP 257
[1.116s] -- Added test 'uncrustify' to check C / C++ code style
[1.116s] -- Configured uncrustify additional arguments: 
[1.117s] -- Added test 'xmllint' to check XML markup files
[1.118s] -- Configuring done (1.1s)
[1.135s] -- Generating done (0.0s)
[1.140s] -- Build files have been written to: /home/nathan/dronut/build/dronut_controller
[1.227s] [100%] Built target drone_control_node
[1.246s] Invoked command in '/home/nathan/dronut/build/dronut_controller' returned '0': CMAKE_PREFIX_PATH=${CMAKE_PREFIX_PATH}:/home/nathan/dronut/install/realsense_cam:/home/nathan/dronut/install/dronut_w_cam:/home/nathan/dronut/install/dronut_description:/opt/ros/jazzy DEBUGINFOD_URLS=https://debuginfod.ubuntu.com /usr/bin/cmake --build /home/nathan/dronut/build/dronut_controller -- -j20 -l20
[1.264s] Invoking command in '/home/nathan/dronut/build/dronut_controller': CMAKE_PREFIX_PATH=${CMAKE_PREFIX_PATH}:/home/nathan/dronut/install/realsense_cam:/home/nathan/dronut/install/dronut_w_cam:/home/nathan/dronut/install/dronut_description:/opt/ros/jazzy DEBUGINFOD_URLS=https://debuginfod.ubuntu.com /usr/bin/cmake --install /home/nathan/dronut/build/dronut_controller
[1.276s] -- Install configuration: ""
[1.276s] -- Up-to-date: /home/nathan/dronut/install/dronut_controller/lib/dronut_controller/drone_control_node
[1.276s] -- Up-to-date: /home/nathan/dronut/install/dronut_controller/share/dronut_controller//launch
[1.276s] -- Installing: /home/nathan/dronut/install/dronut_controller/share/dronut_controller//launch/drone.launch.py
[1.276s] -- Up-to-date: /home/nathan/dronut/install/dronut_controller/share/ament_index/resource_index/package_run_dependencies/dronut_controller
[1.277s] -- Up-to-date: /home/nathan/dronut/install/dronut_controller/share/ament_index/resource_index/parent_prefix_path/dronut_controller
[1.277s] -- Up-to-date: /home/nathan/dronut/install/dronut_controller/share/dronut_controller/environment/ament_prefix_path.sh
[1.277s] -- Up-to-date: /home/nathan/dronut/install/dronut_controller/share/dronut_controller/environment/ament_prefix_path.dsv
[1.277s] -- Up-to-date: /home/nathan/dronut/install/dronut_controller/share/dronut_controller/environment/path.sh
[1.277s] -- Up-to-date: /home/nathan/dronut/install/dronut_controller/share/dronut_controller/environment/path.dsv
[1.277s] -- Up-to-date: /home/nathan/dronut/install/dronut_controller/share/dronut_controller/local_setup.bash
[1.277s] -- Up-to-date: /home/nathan/dronut/install/dronut_controller/share/dronut_controller/local_setup.sh
[1.278s] -- Up-to-date: /home/nathan/dronut/install/dronut_controller/share/dronut_controller/local_setup.zsh
[1.278s] -- Up-to-date: /home/nathan/dronut/install/dronut_controller/share/dronut_controller/local_setup.dsv
[1.278s] -- Installing: /home/nathan/dronut/install/dronut_controller/share/dronut_controller/package.dsv
[1.278s] -- Up-to-date: /home/nathan/dronut/install/dronut_controller/share/ament_index/resource_index/packages/dronut_controller
[1.278s] -- Up-to-date: /home/nathan/dronut/install/dronut_controller/share/dronut_controller/cmake/dronut_controllerConfig.cmake
[1.278s] -- Up-to-date: /home/nathan/dronut/install/dronut_controller/share/dronut_controller/cmake/dronut_controllerConfig-version.cmake
[1.278s] -- Up-to-date: /home/nathan/dronut/install/dronut_controller/share/dronut_controller/package.xml
[1.279s] Invoked command in '/home/nathan/dronut/build/dronut_controller' returned '0': CMAKE_PREFIX_PATH=${CMAKE_PREFIX_PATH}:/home/nathan/dronut/install/realsense_cam:/home/nathan/dronut/install/dronut_w_cam:/home/nathan/dronut/install/dronut_description:/opt/ros/jazzy DEBUGINFOD_URLS=https://debuginfod.ubuntu.com /usr/bin/cmake --install /home/nathan/dronut/build/dronut_controller
