[0.497s] Invoking command in '/home/nathan/dronut/src/dronut_description': PYTHONPATH=/home/nathan/dronut/build/dronut_description/prefix_override:/usr/lib/python3/dist-packages/colcon_core/task/python/colcon_distutils_commands:/home/nathan/dronut/install/dronut_description/lib/python3.10/site-packages:${PYTHONPATH} /usr/bin/python3 -W ignore:setup.py install is deprecated -W ignore:easy_install command is deprecated setup.py egg_info --egg-base ../../build/dronut_description build --build-base /home/nathan/dronut/build/dronut_description/build install --record /home/nathan/dronut/build/dronut_description/install.log --single-version-externally-managed install_data
[0.646s] running egg_info
[0.647s] writing ../../build/dronut_description/dronut_description.egg-info/PKG-INFO
[0.647s] writing dependency_links to ../../build/dronut_description/dronut_description.egg-info/dependency_links.txt
[0.647s] writing entry points to ../../build/dronut_description/dronut_description.egg-info/entry_points.txt
[0.647s] writing requirements to ../../build/dronut_description/dronut_description.egg-info/requires.txt
[0.647s] writing top-level names to ../../build/dronut_description/dronut_description.egg-info/top_level.txt
[0.648s] reading manifest file '../../build/dronut_description/dronut_description.egg-info/SOURCES.txt'
[0.649s] writing manifest file '../../build/dronut_description/dronut_description.egg-info/SOURCES.txt'
[0.649s] running build
[0.649s] running build_py
[0.649s] copying dronut_description/move.py -> /home/nathan/dronut/build/dronut_description/build/lib/dronut_description
[0.649s] running install
[0.649s] running install_lib
[0.650s] copying /home/nathan/dronut/build/dronut_description/build/lib/dronut_description/move.py -> /home/nathan/dronut/install/dronut_description/lib/python3.10/site-packages/dronut_description
[0.650s] byte-compiling /home/nathan/dronut/install/dronut_description/lib/python3.10/site-packages/dronut_description/move.py to move.cpython-310.pyc
[0.651s] running install_data
[0.651s] copying launch/drone.launch.py -> /home/nathan/dronut/install/dronut_description/share/dronut_description/launch
[0.652s] copying urdf/x1.urdf.xacro -> /home/nathan/dronut/install/dronut_description/share/dronut_description/urdf
[0.652s] running install_egg_info
[0.653s] removing '/home/nathan/dronut/install/dronut_description/lib/python3.10/site-packages/dronut_description-0.0.0-py3.10.egg-info' (and everything under it)
[0.653s] Copying ../../build/dronut_description/dronut_description.egg-info to /home/nathan/dronut/install/dronut_description/lib/python3.10/site-packages/dronut_description-0.0.0-py3.10.egg-info
[0.654s] running install_scripts
[0.668s] Installing move script to /home/nathan/dronut/install/dronut_description/lib/dronut_description
[0.668s] writing list of installed files to '/home/nathan/dronut/build/dronut_description/install.log'
[0.682s] Invoked command in '/home/nathan/dronut/src/dronut_description' returned '0': PYTHONPATH=/home/nathan/dronut/build/dronut_description/prefix_override:/usr/lib/python3/dist-packages/colcon_core/task/python/colcon_distutils_commands:/home/nathan/dronut/install/dronut_description/lib/python3.10/site-packages:${PYTHONPATH} /usr/bin/python3 -W ignore:setup.py install is deprecated -W ignore:easy_install command is deprecated setup.py egg_info --egg-base ../../build/dronut_description build --build-base /home/nathan/dronut/build/dronut_description/build install --record /home/nathan/dronut/build/dronut_description/install.log --single-version-externally-managed install_data
