[1.048s] Invoking command in '/home/nathan/dronut/src/dronut_description': DEBUGINFOD_URLS=https://debuginfod.ubuntu.com PYTHONPATH=/home/nathan/dronut/build/dronut_description/prefix_override:/usr/lib/python3/dist-packages/colcon_core/task/python/colcon_distutils_commands:/home/nathan/dronut/install/dronut_description/lib/python3.12/site-packages:${PYTHONPATH} /usr/bin/python3 -W ignore:setup.py install is deprecated -W ignore:easy_install command is deprecated setup.py egg_info --egg-base ../../build/dronut_description build --build-base /home/nathan/dronut/build/dronut_description/build install --record /home/nathan/dronut/build/dronut_description/install.log --single-version-externally-managed install_data
[1.180s] /home/nathan/.local/lib/python3.12/site-packages/setuptools/_distutils/dist.py:261: UserWarning: Unknown distribution option: 'tests_require'
[1.180s]   warnings.warn(msg)
[1.293s] running egg_info
[1.313s] creating ../../build/dronut_description/dronut_description.egg-info
[1.313s] writing ../../build/dronut_description/dronut_description.egg-info/PKG-INFO
[1.313s] writing dependency_links to ../../build/dronut_description/dronut_description.egg-info/dependency_links.txt
[1.314s] writing entry points to ../../build/dronut_description/dronut_description.egg-info/entry_points.txt
[1.314s] writing requirements to ../../build/dronut_description/dronut_description.egg-info/requires.txt
[1.314s] writing top-level names to ../../build/dronut_description/dronut_description.egg-info/top_level.txt
[1.314s] writing manifest file '../../build/dronut_description/dronut_description.egg-info/SOURCES.txt'
[1.354s] reading manifest file '../../build/dronut_description/dronut_description.egg-info/SOURCES.txt'
[1.355s] writing manifest file '../../build/dronut_description/dronut_description.egg-info/SOURCES.txt'
[1.355s] running build
[1.356s] running build_py
[1.356s] creating /home/nathan/dronut/build/dronut_description/build/lib/dronut_description
[1.356s] copying dronut_description/move.py -> /home/nathan/dronut/build/dronut_description/build/lib/dronut_description
[1.356s] copying dronut_description/__init__.py -> /home/nathan/dronut/build/dronut_description/build/lib/dronut_description
[1.356s] running install
[1.361s] running install_lib
[1.382s] creating /home/nathan/dronut/install/dronut_description/lib/python3.12/site-packages/dronut_description
[1.382s] copying /home/nathan/dronut/build/dronut_description/build/lib/dronut_description/move.py -> /home/nathan/dronut/install/dronut_description/lib/python3.12/site-packages/dronut_description
[1.382s] copying /home/nathan/dronut/build/dronut_description/build/lib/dronut_description/__init__.py -> /home/nathan/dronut/install/dronut_description/lib/python3.12/site-packages/dronut_description
[1.382s] byte-compiling /home/nathan/dronut/install/dronut_description/lib/python3.12/site-packages/dronut_description/move.py to move.cpython-312.pyc
[1.384s] byte-compiling /home/nathan/dronut/install/dronut_description/lib/python3.12/site-packages/dronut_description/__init__.py to __init__.cpython-312.pyc
[1.384s] running install_data
[1.384s] creating /home/nathan/dronut/install/dronut_description/share/ament_index/resource_index/packages
[1.384s] copying resource/dronut_description -> /home/nathan/dronut/install/dronut_description/share/ament_index/resource_index/packages
[1.384s] copying package.xml -> /home/nathan/dronut/install/dronut_description/share/dronut_description
[1.385s] creating /home/nathan/dronut/install/dronut_description/share/dronut_description/launch
[1.385s] copying launch/drone.launch.py -> /home/nathan/dronut/install/dronut_description/share/dronut_description/launch
[1.385s] copying launch/drone_sim.launch.py -> /home/nathan/dronut/install/dronut_description/share/dronut_description/launch
[1.385s] creating /home/nathan/dronut/install/dronut_description/share/dronut_description/meshes
[1.385s] copying meshes/part_19.stl -> /home/nathan/dronut/install/dronut_description/share/dronut_description/meshes
[1.385s] copying meshes/part_12.stl -> /home/nathan/dronut/install/dronut_description/share/dronut_description/meshes
[1.385s] copying meshes/part_13.stl -> /home/nathan/dronut/install/dronut_description/share/dronut_description/meshes
[1.386s] copying meshes/part_18.stl -> /home/nathan/dronut/install/dronut_description/share/dronut_description/meshes
[1.386s] copying meshes/part_10.stl -> /home/nathan/dronut/install/dronut_description/share/dronut_description/meshes
[1.386s] copying meshes/part_11.stl -> /home/nathan/dronut/install/dronut_description/share/dronut_description/meshes
[1.386s] copying meshes/part_7.stl -> /home/nathan/dronut/install/dronut_description/share/dronut_description/meshes
[1.386s] copying meshes/part_5.stl -> /home/nathan/dronut/install/dronut_description/share/dronut_description/meshes
[1.386s] copying meshes/part_14.stl -> /home/nathan/dronut/install/dronut_description/share/dronut_description/meshes
[1.387s] copying meshes/part_8.stl -> /home/nathan/dronut/install/dronut_description/share/dronut_description/meshes
[1.387s] copying meshes/part_16.stl -> /home/nathan/dronut/install/dronut_description/share/dronut_description/meshes
[1.387s] copying meshes/part_1.stl -> /home/nathan/dronut/install/dronut_description/share/dronut_description/meshes
[1.387s] copying meshes/part_17.stl -> /home/nathan/dronut/install/dronut_description/share/dronut_description/meshes
[1.387s] copying meshes/part_15.stl -> /home/nathan/dronut/install/dronut_description/share/dronut_description/meshes
[1.387s] copying meshes/part_3.stl -> /home/nathan/dronut/install/dronut_description/share/dronut_description/meshes
[1.387s] copying meshes/part_9.stl -> /home/nathan/dronut/install/dronut_description/share/dronut_description/meshes
[1.388s] copying meshes/part_6.stl -> /home/nathan/dronut/install/dronut_description/share/dronut_description/meshes
[1.388s] copying meshes/part_4.stl -> /home/nathan/dronut/install/dronut_description/share/dronut_description/meshes
[1.388s] copying meshes/part_2.stl -> /home/nathan/dronut/install/dronut_description/share/dronut_description/meshes
[1.388s] creating /home/nathan/dronut/install/dronut_description/share/dronut_description/urdf
[1.388s] copying urdf/x1.urdf.xacro -> /home/nathan/dronut/install/dronut_description/share/dronut_description/urdf
[1.388s] copying urdf/x1.gazebo.xacro -> /home/nathan/dronut/install/dronut_description/share/dronut_description/urdf
[1.388s] creating /home/nathan/dronut/install/dronut_description/share/dronut_description/rviz
[1.388s] copying rviz/x1_view.rviz -> /home/nathan/dronut/install/dronut_description/share/dronut_description/rviz
[1.388s] running install_egg_info
[1.408s] Copying ../../build/dronut_description/dronut_description.egg-info to /home/nathan/dronut/install/dronut_description/lib/python3.12/site-packages/dronut_description-0.0.0-py3.12.egg-info
[1.409s] running install_scripts
[1.519s] Installing move script to /home/nathan/dronut/install/dronut_description/lib/dronut_description
[1.519s] writing list of installed files to '/home/nathan/dronut/build/dronut_description/install.log'
[1.546s] Invoked command in '/home/nathan/dronut/src/dronut_description' returned '0': DEBUGINFOD_URLS=https://debuginfod.ubuntu.com PYTHONPATH=/home/nathan/dronut/build/dronut_description/prefix_override:/usr/lib/python3/dist-packages/colcon_core/task/python/colcon_distutils_commands:/home/nathan/dronut/install/dronut_description/lib/python3.12/site-packages:${PYTHONPATH} /usr/bin/python3 -W ignore:setup.py install is deprecated -W ignore:easy_install command is deprecated setup.py egg_info --egg-base ../../build/dronut_description build --build-base /home/nathan/dronut/build/dronut_description/build install --record /home/nathan/dronut/build/dronut_description/install.log --single-version-externally-managed install_data
