-- The C compiler identification is GNU 13.3.0
-- The CXX compiler identification is GNU 13.3.0
-- Detecting C compiler ABI info
-- Detecting C compiler ABI info - done
-- Check for working C compiler: /usr/bin/cc - skipped
-- Detecting C compile features
-- Detecting C compile features - done
-- Detecting CXX compiler ABI info
-- Detecting CXX compiler ABI info - done
-- Check for working CXX compiler: /usr/bin/c++ - skipped
-- Detecting CXX compile features
-- Detecting CXX compile features - done
-- Found ament_cmake: 2.5.3 (/opt/ros/jazzy/share/ament_cmake/cmake)
-- Found Python3: /usr/bin/python3 (found version "3.12.3") found components: Interpreter 
-- Found rclcpp: 28.1.6 (/opt/ros/jazzy/share/rclcpp/cmake)
-- Found rosidl_generator_c: 4.6.5 (/opt/ros/jazzy/share/rosidl_generator_c/cmake)
-- Found rosidl_generator_cpp: 4.6.5 (/opt/ros/jazzy/share/rosidl_generator_cpp/cmake)
-- Using all available rosidl_typesupport_c: rosidl_typesupport_fastrtps_c;rosidl_typesupport_introspection_c
-- Using all available rosidl_typesupport_cpp: rosidl_typesupport_fastrtps_cpp;rosidl_typesupport_introspection_cpp
-- Found rmw_implementation_cmake: 7.3.1 (/opt/ros/jazzy/share/rmw_implementation_cmake/cmake)
-- Found rmw_fastrtps_cpp: 8.4.1 (/opt/ros/jazzy/share/rmw_fastrtps_cpp/cmake)
-- Found OpenSSL: /usr/lib/x86_64-linux-gnu/libcrypto.so (found version "3.0.13")  
-- Found FastRTPS: /opt/ros/jazzy/include (Required is at least version "2.13") 
-- Using RMW implementation 'rmw_fastrtps_cpp' as default
-- Found sensor_msgs: 5.3.5 (/opt/ros/jazzy/share/sensor_msgs/cmake)
-- Found tf2: 0.36.7 (/opt/ros/jazzy/share/tf2/cmake)
-- Found tf2_ros: 0.36.7 (/opt/ros/jazzy/share/tf2_ros/cmake)
-- Found control_msgs: 5.3.0 (/opt/ros/jazzy/share/control_msgs/cmake)
-- Found ros_gz_interfaces: 1.0.7 (/opt/ros/jazzy/share/ros_gz_interfaces/cmake)
-- Found tf2_sensor_msgs: 0.36.7 (/opt/ros/jazzy/share/tf2_sensor_msgs/cmake)
-- Found ament_lint_auto: 0.17.1 (/opt/ros/jazzy/share/ament_lint_auto/cmake)
-- Added test 'cppcheck' to perform static code analysis on C / C++ code
-- Configured cppcheck include dirs: /home/nathan/dronut/src/dronut_controller/include
-- Configured cppcheck exclude dirs and/or files: 
-- Added test 'flake8' to check Python code syntax and style conventions
-- Configured 'flake8' exclude dirs and/or files: 
-- Added test 'lint_cmake' to check CMake code style
-- Added test 'pep257' to check Python code against some of the docstring style conventions in PEP 257
-- Added test 'uncrustify' to check C / C++ code style
-- Configured uncrustify additional arguments: 
-- Added test 'xmllint' to check XML markup files
-- Configuring done (1.6s)
-- Generating done (0.0s)
-- Build files have been written to: /home/nathan/dronut/build/dronut_controller
[ 20%] [32mBuilding CXX object CMakeFiles/drone_control_node.dir/src/main.cpp.o[0m
[ 40%] [32mBuilding CXX object CMakeFiles/drone_control_node.dir/src/joy_to_cmd_vel_node.cpp.o[0m
[ 60%] [32mBuilding CXX object CMakeFiles/drone_control_node.dir/src/birotor_drone_controller.cpp.o[0m
[ 80%] [32mBuilding CXX object CMakeFiles/drone_control_node.dir/src/frame_remapper.cpp.o[0m
[100%] [32m[1mLinking CXX executable drone_control_node[0m
[100%] Built target drone_control_node
-- Install configuration: ""
-- Installing: /home/nathan/dronut/install/dronut_controller/lib/dronut_controller/drone_control_node
-- Set non-toolchain portion of runtime path of "/home/nathan/dronut/install/dronut_controller/lib/dronut_controller/drone_control_node" to ""
-- Installing: /home/nathan/dronut/install/dronut_controller/share/dronut_controller//worlds
-- Installing: /home/nathan/dronut/install/dronut_controller/share/dronut_controller//worlds/maze1.sdf
-- Installing: /home/nathan/dronut/install/dronut_controller/share/dronut_controller//worlds/sample.wbt
-- Installing: /home/nathan/dronut/install/dronut_controller/share/dronut_controller//worlds/.sample.jpg
-- Installing: /home/nathan/dronut/install/dronut_controller/share/dronut_controller//worlds/trial.sdf
-- Installing: /home/nathan/dronut/install/dronut_controller/share/dronut_controller//launch
-- Installing: /home/nathan/dronut/install/dronut_controller/share/dronut_controller//launch/drone.launch.py
-- Installing: /home/nathan/dronut/install/dronut_controller/share/dronut_controller//config
-- Installing: /home/nathan/dronut/install/dronut_controller/share/dronut_controller//config/dronut_controllers.yaml
-- Installing: /home/nathan/dronut/install/dronut_controller/share/ament_index/resource_index/package_run_dependencies/dronut_controller
-- Installing: /home/nathan/dronut/install/dronut_controller/share/ament_index/resource_index/parent_prefix_path/dronut_controller
-- Installing: /home/nathan/dronut/install/dronut_controller/share/dronut_controller/environment/ament_prefix_path.sh
-- Installing: /home/nathan/dronut/install/dronut_controller/share/dronut_controller/environment/ament_prefix_path.dsv
-- Installing: /home/nathan/dronut/install/dronut_controller/share/dronut_controller/environment/path.sh
-- Installing: /home/nathan/dronut/install/dronut_controller/share/dronut_controller/environment/path.dsv
-- Installing: /home/nathan/dronut/install/dronut_controller/share/dronut_controller/local_setup.bash
-- Installing: /home/nathan/dronut/install/dronut_controller/share/dronut_controller/local_setup.sh
-- Installing: /home/nathan/dronut/install/dronut_controller/share/dronut_controller/local_setup.zsh
-- Installing: /home/nathan/dronut/install/dronut_controller/share/dronut_controller/local_setup.dsv
-- Installing: /home/nathan/dronut/install/dronut_controller/share/dronut_controller/package.dsv
-- Installing: /home/nathan/dronut/install/dronut_controller/share/ament_index/resource_index/packages/dronut_controller
-- Installing: /home/nathan/dronut/install/dronut_controller/share/dronut_controller/cmake/dronut_controllerConfig.cmake
-- Installing: /home/nathan/dronut/install/dronut_controller/share/dronut_controller/cmake/dronut_controllerConfig-version.cmake
-- Installing: /home/nathan/dronut/install/dronut_controller/share/dronut_controller/package.xml
