[0.132s] DEBUG:colcon:Command line arguments: ['/usr/bin/colcon', 'build', '--packages-select', 'dronut_controller', 'dronut_w_cam']
[0.132s] DEBUG:colcon:Parsed command line arguments: Namespace(log_base=None, log_level=None, verb_name='build', build_base='build', install_base='install', merge_install=False, symlink_install=False, test_result_base=None, continue_on_error=False, executor='parallel', parallel_workers=20, event_handlers=None, ignore_user_meta=False, metas=['./colcon.meta'], base_paths=['.'], packages_ignore=None, packages_ignore_regex=None, paths=None, packages_up_to=None, packages_up_to_regex=None, packages_above=None, packages_above_and_dependencies=None, packages_above_depth=None, packages_select_by_dep=None, packages_skip_by_dep=None, packages_skip_up_to=None, packages_select_build_failed=False, packages_skip_build_finished=False, packages_select_test_failures=False, packages_skip_test_passed=False, packages_select=['dronut_controller', 'dronut_w_cam'], packages_skip=None, packages_select_regex=None, packages_skip_regex=None, packages_start=None, packages_end=None, allow_overriding=[], cmake_args=None, cmake_target=None, cmake_target_skip_unavailable=False, cmake_clean_cache=False, cmake_clean_first=False, cmake_force_configure=False, ament_cmake_args=None, catkin_cmake_args=None, catkin_skip_building_tests=False, mixin_files=None, mixin=None, verb_parser=<colcon_mixin.mixin.mixin_argument.MixinArgumentDecorator object at 0x71ad443b3c50>, verb_extension=<colcon_core.verb.build.BuildVerb object at 0x71ad443b3350>, main=<bound method BuildVerb.main of <colcon_core.verb.build.BuildVerb object at 0x71ad443b3350>>, mixin_verb=('build',))
[0.178s] Level 1:colcon.colcon_core.package_discovery:discover_packages(colcon_meta) check parameters
[0.178s] Level 1:colcon.colcon_core.package_discovery:discover_packages(recursive) check parameters
[0.178s] Level 1:colcon.colcon_core.package_discovery:discover_packages(ignore) check parameters
[0.178s] Level 1:colcon.colcon_core.package_discovery:discover_packages(path) check parameters
[0.179s] Level 1:colcon.colcon_core.package_discovery:discover_packages(colcon_meta) discover
[0.179s] Level 1:colcon.colcon_core.package_discovery:discover_packages(recursive) discover
[0.179s] INFO:colcon.colcon_core.package_discovery:Crawling recursively for packages in '/home/nathan/dronut'
[0.179s] Level 1:colcon.colcon_core.package_identification:_identify(.) by extensions ['ignore', 'ignore_ament_install']
[0.179s] Level 1:colcon.colcon_core.package_identification:_identify(.) by extension 'ignore'
[0.179s] Level 1:colcon.colcon_core.package_identification:_identify(.) by extension 'ignore_ament_install'
[0.179s] Level 1:colcon.colcon_core.package_identification:_identify(.) by extensions ['colcon_pkg']
[0.179s] Level 1:colcon.colcon_core.package_identification:_identify(.) by extension 'colcon_pkg'
[0.179s] Level 1:colcon.colcon_core.package_identification:_identify(.) by extensions ['colcon_meta']
[0.179s] Level 1:colcon.colcon_core.package_identification:_identify(.) by extension 'colcon_meta'
[0.179s] Level 1:colcon.colcon_core.package_identification:_identify(.) by extensions ['ros']
[0.179s] Level 1:colcon.colcon_core.package_identification:_identify(.) by extension 'ros'
[0.212s] Level 1:colcon.colcon_core.package_identification:_identify(.) by extensions ['cmake', 'python']
[0.212s] Level 1:colcon.colcon_core.package_identification:_identify(.) by extension 'cmake'
[0.212s] Level 1:colcon.colcon_core.package_identification:_identify(.) by extension 'python'
[0.212s] Level 1:colcon.colcon_core.package_identification:_identify(.) by extensions ['python_setup_py']
[0.212s] Level 1:colcon.colcon_core.package_identification:_identify(.) by extension 'python_setup_py'
[0.213s] Level 1:colcon.colcon_core.package_identification:_identify(build) by extensions ['ignore', 'ignore_ament_install']
[0.213s] Level 1:colcon.colcon_core.package_identification:_identify(build) by extension 'ignore'
[0.213s] Level 1:colcon.colcon_core.package_identification:_identify(build) ignored
[0.221s] Level 1:colcon.colcon_core.package_identification:_identify(install) by extensions ['ignore', 'ignore_ament_install']
[0.221s] Level 1:colcon.colcon_core.package_identification:_identify(install) by extension 'ignore'
[0.221s] Level 1:colcon.colcon_core.package_identification:_identify(install) ignored
[0.221s] Level 1:colcon.colcon_core.package_identification:_identify(log) by extensions ['ignore', 'ignore_ament_install']
[0.221s] Level 1:colcon.colcon_core.package_identification:_identify(log) by extension 'ignore'
[0.222s] Level 1:colcon.colcon_core.package_identification:_identify(log) ignored
[0.222s] Level 1:colcon.colcon_core.package_identification:_identify(src) by extensions ['ignore', 'ignore_ament_install']
[0.222s] Level 1:colcon.colcon_core.package_identification:_identify(src) by extension 'ignore'
[0.222s] Level 1:colcon.colcon_core.package_identification:_identify(src) by extension 'ignore_ament_install'
[0.222s] Level 1:colcon.colcon_core.package_identification:_identify(src) by extensions ['colcon_pkg']
[0.222s] Level 1:colcon.colcon_core.package_identification:_identify(src) by extension 'colcon_pkg'
[0.222s] Level 1:colcon.colcon_core.package_identification:_identify(src) by extensions ['colcon_meta']
[0.222s] Level 1:colcon.colcon_core.package_identification:_identify(src) by extension 'colcon_meta'
[0.222s] Level 1:colcon.colcon_core.package_identification:_identify(src) by extensions ['ros']
[0.222s] Level 1:colcon.colcon_core.package_identification:_identify(src) by extension 'ros'
[0.222s] Level 1:colcon.colcon_core.package_identification:_identify(src) by extensions ['cmake', 'python']
[0.222s] Level 1:colcon.colcon_core.package_identification:_identify(src) by extension 'cmake'
[0.222s] Level 1:colcon.colcon_core.package_identification:_identify(src) by extension 'python'
[0.222s] Level 1:colcon.colcon_core.package_identification:_identify(src) by extensions ['python_setup_py']
[0.222s] Level 1:colcon.colcon_core.package_identification:_identify(src) by extension 'python_setup_py'
[0.222s] Level 1:colcon.colcon_core.package_identification:_identify(src/dronut_controller) by extensions ['ignore', 'ignore_ament_install']
[0.223s] Level 1:colcon.colcon_core.package_identification:_identify(src/dronut_controller) by extension 'ignore'
[0.223s] Level 1:colcon.colcon_core.package_identification:_identify(src/dronut_controller) by extension 'ignore_ament_install'
[0.223s] Level 1:colcon.colcon_core.package_identification:_identify(src/dronut_controller) by extensions ['colcon_pkg']
[0.223s] Level 1:colcon.colcon_core.package_identification:_identify(src/dronut_controller) by extension 'colcon_pkg'
[0.223s] Level 1:colcon.colcon_core.package_identification:_identify(src/dronut_controller) by extensions ['colcon_meta']
[0.223s] Level 1:colcon.colcon_core.package_identification:_identify(src/dronut_controller) by extension 'colcon_meta'
[0.223s] Level 1:colcon.colcon_core.package_identification:_identify(src/dronut_controller) by extensions ['ros']
[0.223s] Level 1:colcon.colcon_core.package_identification:_identify(src/dronut_controller) by extension 'ros'
[0.226s] DEBUG:colcon.colcon_core.package_identification:Package 'src/dronut_controller' with type 'ros.ament_cmake' and name 'dronut_controller'
[0.226s] Level 1:colcon.colcon_core.package_identification:_identify(src/dronut_description) by extensions ['ignore', 'ignore_ament_install']
[0.226s] Level 1:colcon.colcon_core.package_identification:_identify(src/dronut_description) by extension 'ignore'
[0.226s] Level 1:colcon.colcon_core.package_identification:_identify(src/dronut_description) by extension 'ignore_ament_install'
[0.226s] Level 1:colcon.colcon_core.package_identification:_identify(src/dronut_description) by extensions ['colcon_pkg']
[0.226s] Level 1:colcon.colcon_core.package_identification:_identify(src/dronut_description) by extension 'colcon_pkg'
[0.226s] Level 1:colcon.colcon_core.package_identification:_identify(src/dronut_description) by extensions ['colcon_meta']
[0.226s] Level 1:colcon.colcon_core.package_identification:_identify(src/dronut_description) by extension 'colcon_meta'
[0.227s] Level 1:colcon.colcon_core.package_identification:_identify(src/dronut_description) by extensions ['ros']
[0.227s] Level 1:colcon.colcon_core.package_identification:_identify(src/dronut_description) by extension 'ros'
[0.227s] DEBUG:colcon.colcon_core.package_identification:Package 'src/dronut_description' with type 'ros.ament_python' and name 'dronut_description'
[0.227s] Level 1:colcon.colcon_core.package_identification:_identify(src/dronut_w_cam) by extensions ['ignore', 'ignore_ament_install']
[0.227s] Level 1:colcon.colcon_core.package_identification:_identify(src/dronut_w_cam) by extension 'ignore'
[0.227s] Level 1:colcon.colcon_core.package_identification:_identify(src/dronut_w_cam) by extension 'ignore_ament_install'
[0.227s] Level 1:colcon.colcon_core.package_identification:_identify(src/dronut_w_cam) by extensions ['colcon_pkg']
[0.227s] Level 1:colcon.colcon_core.package_identification:_identify(src/dronut_w_cam) by extension 'colcon_pkg'
[0.227s] Level 1:colcon.colcon_core.package_identification:_identify(src/dronut_w_cam) by extensions ['colcon_meta']
[0.227s] Level 1:colcon.colcon_core.package_identification:_identify(src/dronut_w_cam) by extension 'colcon_meta'
[0.228s] Level 1:colcon.colcon_core.package_identification:_identify(src/dronut_w_cam) by extensions ['ros']
[0.228s] Level 1:colcon.colcon_core.package_identification:_identify(src/dronut_w_cam) by extension 'ros'
[0.228s] DEBUG:colcon.colcon_core.package_identification:Package 'src/dronut_w_cam' with type 'ros.ament_python' and name 'dronut_w_cam'
[0.228s] Level 1:colcon.colcon_core.package_identification:_identify(src/joy_test) by extensions ['ignore', 'ignore_ament_install']
[0.228s] Level 1:colcon.colcon_core.package_identification:_identify(src/joy_test) by extension 'ignore'
[0.228s] Level 1:colcon.colcon_core.package_identification:_identify(src/joy_test) by extension 'ignore_ament_install'
[0.228s] Level 1:colcon.colcon_core.package_identification:_identify(src/joy_test) by extensions ['colcon_pkg']
[0.228s] Level 1:colcon.colcon_core.package_identification:_identify(src/joy_test) by extension 'colcon_pkg'
[0.228s] Level 1:colcon.colcon_core.package_identification:_identify(src/joy_test) by extensions ['colcon_meta']
[0.228s] Level 1:colcon.colcon_core.package_identification:_identify(src/joy_test) by extension 'colcon_meta'
[0.229s] Level 1:colcon.colcon_core.package_identification:_identify(src/joy_test) by extensions ['ros']
[0.229s] Level 1:colcon.colcon_core.package_identification:_identify(src/joy_test) by extension 'ros'
[0.230s] DEBUG:colcon.colcon_core.package_identification:Package 'src/joy_test' with type 'ros.ament_cmake' and name 'joy_test'
[0.230s] Level 1:colcon.colcon_core.package_identification:_identify(src/realsense_cam) by extensions ['ignore', 'ignore_ament_install']
[0.230s] Level 1:colcon.colcon_core.package_identification:_identify(src/realsense_cam) by extension 'ignore'
[0.230s] Level 1:colcon.colcon_core.package_identification:_identify(src/realsense_cam) by extension 'ignore_ament_install'
[0.230s] Level 1:colcon.colcon_core.package_identification:_identify(src/realsense_cam) by extensions ['colcon_pkg']
[0.230s] Level 1:colcon.colcon_core.package_identification:_identify(src/realsense_cam) by extension 'colcon_pkg'
[0.230s] Level 1:colcon.colcon_core.package_identification:_identify(src/realsense_cam) by extensions ['colcon_meta']
[0.230s] Level 1:colcon.colcon_core.package_identification:_identify(src/realsense_cam) by extension 'colcon_meta'
[0.231s] Level 1:colcon.colcon_core.package_identification:_identify(src/realsense_cam) by extensions ['ros']
[0.231s] Level 1:colcon.colcon_core.package_identification:_identify(src/realsense_cam) by extension 'ros'
[0.231s] DEBUG:colcon.colcon_core.package_identification:Package 'src/realsense_cam' with type 'ros.ament_python' and name 'realsense_cam'
[0.231s] Level 1:colcon.colcon_core.package_discovery:discover_packages(recursive) using defaults
[0.231s] Level 1:colcon.colcon_core.package_discovery:discover_packages(ignore) discover
[0.231s] Level 1:colcon.colcon_core.package_discovery:discover_packages(ignore) using defaults
[0.231s] Level 1:colcon.colcon_core.package_discovery:discover_packages(path) discover
[0.231s] Level 1:colcon.colcon_core.package_discovery:discover_packages(path) using defaults
[0.253s] INFO:colcon.colcon_core.package_selection:Skipping not selected package 'dronut_description' in 'src/dronut_description'
[0.253s] INFO:colcon.colcon_core.package_selection:Skipping not selected package 'joy_test' in 'src/joy_test'
[0.253s] INFO:colcon.colcon_core.package_selection:Skipping not selected package 'realsense_cam' in 'src/realsense_cam'
[0.254s] Level 1:colcon.colcon_core.package_discovery:discover_packages(prefix_path) check parameters
[0.254s] Level 1:colcon.colcon_core.package_discovery:discover_packages(prefix_path) discover
[0.256s] DEBUG:colcon.colcon_installed_package_information.package_discovery:Found 5 installed packages in /home/nathan/dronut/install
[0.258s] DEBUG:colcon.colcon_installed_package_information.package_discovery:Found 439 installed packages in /opt/ros/jazzy
[0.260s] Level 1:colcon.colcon_core.package_discovery:discover_packages(prefix_path) using defaults
[0.317s] Level 5:colcon.colcon_core.verb:set package 'dronut_controller' build argument 'cmake_args' from command line to 'None'
[0.317s] Level 5:colcon.colcon_core.verb:set package 'dronut_controller' build argument 'cmake_target' from command line to 'None'
[0.317s] Level 5:colcon.colcon_core.verb:set package 'dronut_controller' build argument 'cmake_target_skip_unavailable' from command line to 'False'
[0.317s] Level 5:colcon.colcon_core.verb:set package 'dronut_controller' build argument 'cmake_clean_cache' from command line to 'False'
[0.317s] Level 5:colcon.colcon_core.verb:set package 'dronut_controller' build argument 'cmake_clean_first' from command line to 'False'
[0.317s] Level 5:colcon.colcon_core.verb:set package 'dronut_controller' build argument 'cmake_force_configure' from command line to 'False'
[0.318s] Level 5:colcon.colcon_core.verb:set package 'dronut_controller' build argument 'ament_cmake_args' from command line to 'None'
[0.318s] Level 5:colcon.colcon_core.verb:set package 'dronut_controller' build argument 'catkin_cmake_args' from command line to 'None'
[0.318s] Level 5:colcon.colcon_core.verb:set package 'dronut_controller' build argument 'catkin_skip_building_tests' from command line to 'False'
[0.318s] DEBUG:colcon.colcon_core.verb:Building package 'dronut_controller' with the following arguments: {'ament_cmake_args': None, 'build_base': '/home/nathan/dronut/build/dronut_controller', 'catkin_cmake_args': None, 'catkin_skip_building_tests': False, 'cmake_args': None, 'cmake_clean_cache': False, 'cmake_clean_first': False, 'cmake_force_configure': False, 'cmake_target': None, 'cmake_target_skip_unavailable': False, 'install_base': '/home/nathan/dronut/install/dronut_controller', 'merge_install': False, 'path': '/home/nathan/dronut/src/dronut_controller', 'symlink_install': False, 'test_result_base': None}
[0.318s] Level 5:colcon.colcon_core.verb:set package 'dronut_w_cam' build argument 'cmake_args' from command line to 'None'
[0.318s] Level 5:colcon.colcon_core.verb:set package 'dronut_w_cam' build argument 'cmake_target' from command line to 'None'
[0.318s] Level 5:colcon.colcon_core.verb:set package 'dronut_w_cam' build argument 'cmake_target_skip_unavailable' from command line to 'False'
[0.318s] Level 5:colcon.colcon_core.verb:set package 'dronut_w_cam' build argument 'cmake_clean_cache' from command line to 'False'
[0.318s] Level 5:colcon.colcon_core.verb:set package 'dronut_w_cam' build argument 'cmake_clean_first' from command line to 'False'
[0.318s] Level 5:colcon.colcon_core.verb:set package 'dronut_w_cam' build argument 'cmake_force_configure' from command line to 'False'
[0.318s] Level 5:colcon.colcon_core.verb:set package 'dronut_w_cam' build argument 'ament_cmake_args' from command line to 'None'
[0.318s] Level 5:colcon.colcon_core.verb:set package 'dronut_w_cam' build argument 'catkin_cmake_args' from command line to 'None'
[0.318s] Level 5:colcon.colcon_core.verb:set package 'dronut_w_cam' build argument 'catkin_skip_building_tests' from command line to 'False'
[0.319s] DEBUG:colcon.colcon_core.verb:Building package 'dronut_w_cam' with the following arguments: {'ament_cmake_args': None, 'build_base': '/home/nathan/dronut/build/dronut_w_cam', 'catkin_cmake_args': None, 'catkin_skip_building_tests': False, 'cmake_args': None, 'cmake_clean_cache': False, 'cmake_clean_first': False, 'cmake_force_configure': False, 'cmake_target': None, 'cmake_target_skip_unavailable': False, 'install_base': '/home/nathan/dronut/install/dronut_w_cam', 'merge_install': False, 'path': '/home/nathan/dronut/src/dronut_w_cam', 'symlink_install': False, 'test_result_base': None}
[0.319s] INFO:colcon.colcon_core.executor:Executing jobs using 'parallel' executor
[0.320s] DEBUG:colcon.colcon_parallel_executor.executor.parallel:run_until_complete
[0.320s] INFO:colcon.colcon_ros.task.ament_cmake.build:Building ROS package in '/home/nathan/dronut/src/dronut_controller' with build type 'ament_cmake'
[0.320s] INFO:colcon.colcon_cmake.task.cmake.build:Building CMake package in '/home/nathan/dronut/src/dronut_controller'
[0.323s] INFO:colcon.colcon_core.plugin_system:Skipping extension 'colcon_core.shell.bat': Not used on non-Windows systems
[0.323s] INFO:colcon.colcon_core.shell:Skip shell extension 'powershell' for command environment: Not usable outside of PowerShell
[0.323s] DEBUG:colcon.colcon_core.shell:Skip shell extension 'dsv' for command environment
[0.328s] INFO:colcon.colcon_ros.task.ament_python.build:Building ROS package in '/home/nathan/dronut/src/dronut_w_cam' with build type 'ament_python'
[0.328s] Level 1:colcon.colcon_core.shell:create_environment_hook('dronut_w_cam', 'ament_prefix_path')
[0.329s] INFO:colcon.colcon_core.shell:Creating environment hook '/home/nathan/dronut/install/dronut_w_cam/share/dronut_w_cam/hook/ament_prefix_path.ps1'
[0.330s] INFO:colcon.colcon_core.shell:Creating environment descriptor '/home/nathan/dronut/install/dronut_w_cam/share/dronut_w_cam/hook/ament_prefix_path.dsv'
[0.330s] INFO:colcon.colcon_core.shell:Creating environment hook '/home/nathan/dronut/install/dronut_w_cam/share/dronut_w_cam/hook/ament_prefix_path.sh'
[0.331s] INFO:colcon.colcon_core.shell:Skip shell extension 'powershell' for command environment: Not usable outside of PowerShell
[0.331s] DEBUG:colcon.colcon_core.shell:Skip shell extension 'dsv' for command environment
[0.340s] DEBUG:colcon.colcon_core.event_handler.log_command:Invoking command in '/home/nathan/dronut/build/dronut_controller': CMAKE_PREFIX_PATH=${CMAKE_PREFIX_PATH}:/home/nathan/dronut/install/realsense_cam:/home/nathan/dronut/install/dronut_w_cam:/home/nathan/dronut/install/dronut_description:/opt/ros/jazzy DEBUGINFOD_URLS=https://debuginfod.ubuntu.com /usr/bin/cmake --build /home/nathan/dronut/build/dronut_controller -- -j20 -l20
[0.668s] INFO:colcon.colcon_core.task.python.build:Building Python package in '/home/nathan/dronut/src/dronut_w_cam'
[0.668s] INFO:colcon.colcon_core.shell:Skip shell extension 'powershell' for command environment: Not usable outside of PowerShell
[0.668s] DEBUG:colcon.colcon_core.shell:Skip shell extension 'dsv' for command environment
[1.413s] DEBUG:colcon.colcon_core.event_handler.log_command:Invoking command in '/home/nathan/dronut/src/dronut_w_cam': DEBUGINFOD_URLS=https://debuginfod.ubuntu.com PYTHONPATH=/home/nathan/dronut/build/dronut_w_cam/prefix_override:/usr/lib/python3/dist-packages/colcon_core/task/python/colcon_distutils_commands:/home/nathan/dronut/install/dronut_w_cam/lib/python3.12/site-packages:${PYTHONPATH} /usr/bin/python3 -W ignore:setup.py install is deprecated -W ignore:easy_install command is deprecated setup.py egg_info --egg-base ../../build/dronut_w_cam build --build-base /home/nathan/dronut/build/dronut_w_cam/build install --record /home/nathan/dronut/build/dronut_w_cam/install.log --single-version-externally-managed install_data
[2.136s] DEBUG:colcon.colcon_core.event_handler.log_command:Invoked command in '/home/nathan/dronut/src/dronut_w_cam' returned '0': DEBUGINFOD_URLS=https://debuginfod.ubuntu.com PYTHONPATH=/home/nathan/dronut/build/dronut_w_cam/prefix_override:/usr/lib/python3/dist-packages/colcon_core/task/python/colcon_distutils_commands:/home/nathan/dronut/install/dronut_w_cam/lib/python3.12/site-packages:${PYTHONPATH} /usr/bin/python3 -W ignore:setup.py install is deprecated -W ignore:easy_install command is deprecated setup.py egg_info --egg-base ../../build/dronut_w_cam build --build-base /home/nathan/dronut/build/dronut_w_cam/build install --record /home/nathan/dronut/build/dronut_w_cam/install.log --single-version-externally-managed install_data
[2.140s] Level 1:colcon.colcon_core.environment:checking '/home/nathan/dronut/install/dronut_w_cam' for CMake module files
[2.142s] Level 1:colcon.colcon_core.environment:checking '/home/nathan/dronut/install/dronut_w_cam' for CMake config files
[2.143s] Level 1:colcon.colcon_core.environment:checking '/home/nathan/dronut/install/dronut_w_cam/lib'
[2.144s] Level 1:colcon.colcon_core.environment:checking '/home/nathan/dronut/install/dronut_w_cam/bin'
[2.144s] Level 1:colcon.colcon_core.environment:checking '/home/nathan/dronut/install/dronut_w_cam/lib/pkgconfig/dronut_w_cam.pc'
[2.144s] Level 1:colcon.colcon_core.environment:checking '/home/nathan/dronut/install/dronut_w_cam/lib/python3.12/site-packages'
[2.145s] Level 1:colcon.colcon_core.shell:create_environment_hook('dronut_w_cam', 'pythonpath')
[2.145s] INFO:colcon.colcon_core.shell:Creating environment hook '/home/nathan/dronut/install/dronut_w_cam/share/dronut_w_cam/hook/pythonpath.ps1'
[2.147s] INFO:colcon.colcon_core.shell:Creating environment descriptor '/home/nathan/dronut/install/dronut_w_cam/share/dronut_w_cam/hook/pythonpath.dsv'
[2.148s] INFO:colcon.colcon_core.shell:Creating environment hook '/home/nathan/dronut/install/dronut_w_cam/share/dronut_w_cam/hook/pythonpath.sh'
[2.150s] Level 1:colcon.colcon_core.environment:checking '/home/nathan/dronut/install/dronut_w_cam/bin'
[2.150s] Level 1:colcon.colcon_core.environment:create_environment_scripts_only(dronut_w_cam)
[2.150s] INFO:colcon.colcon_core.shell:Creating package script '/home/nathan/dronut/install/dronut_w_cam/share/dronut_w_cam/package.ps1'
[2.152s] INFO:colcon.colcon_core.shell:Creating package descriptor '/home/nathan/dronut/install/dronut_w_cam/share/dronut_w_cam/package.dsv'
[2.153s] INFO:colcon.colcon_core.shell:Creating package script '/home/nathan/dronut/install/dronut_w_cam/share/dronut_w_cam/package.sh'
[2.155s] INFO:colcon.colcon_core.shell:Creating package script '/home/nathan/dronut/install/dronut_w_cam/share/dronut_w_cam/package.bash'
[2.156s] INFO:colcon.colcon_core.shell:Creating package script '/home/nathan/dronut/install/dronut_w_cam/share/dronut_w_cam/package.zsh'
[2.157s] Level 1:colcon.colcon_core.environment:create_file_with_runtime_dependencies(/home/nathan/dronut/install/dronut_w_cam/share/colcon-core/packages/dronut_w_cam)
[10.866s] DEBUG:colcon.colcon_core.event_handler.log_command:Invoked command in '/home/nathan/dronut/build/dronut_controller' returned '0': CMAKE_PREFIX_PATH=${CMAKE_PREFIX_PATH}:/home/nathan/dronut/install/realsense_cam:/home/nathan/dronut/install/dronut_w_cam:/home/nathan/dronut/install/dronut_description:/opt/ros/jazzy DEBUGINFOD_URLS=https://debuginfod.ubuntu.com /usr/bin/cmake --build /home/nathan/dronut/build/dronut_controller -- -j20 -l20
[10.883s] DEBUG:colcon.colcon_core.event_handler.log_command:Invoking command in '/home/nathan/dronut/build/dronut_controller': CMAKE_PREFIX_PATH=${CMAKE_PREFIX_PATH}:/home/nathan/dronut/install/realsense_cam:/home/nathan/dronut/install/dronut_w_cam:/home/nathan/dronut/install/dronut_description:/opt/ros/jazzy DEBUGINFOD_URLS=https://debuginfod.ubuntu.com /usr/bin/cmake --install /home/nathan/dronut/build/dronut_controller
[10.906s] Level 1:colcon.colcon_core.environment:create_environment_scripts_only(dronut_controller)
[10.907s] Level 1:colcon.colcon_core.environment:checking '/home/nathan/dronut/install/dronut_controller' for CMake module files
[10.907s] DEBUG:colcon.colcon_core.event_handler.log_command:Invoked command in '/home/nathan/dronut/build/dronut_controller' returned '0': CMAKE_PREFIX_PATH=${CMAKE_PREFIX_PATH}:/home/nathan/dronut/install/realsense_cam:/home/nathan/dronut/install/dronut_w_cam:/home/nathan/dronut/install/dronut_description:/opt/ros/jazzy DEBUGINFOD_URLS=https://debuginfod.ubuntu.com /usr/bin/cmake --install /home/nathan/dronut/build/dronut_controller
[10.908s] Level 1:colcon.colcon_core.environment:checking '/home/nathan/dronut/install/dronut_controller' for CMake config files
[10.908s] Level 1:colcon.colcon_core.shell:create_environment_hook('dronut_controller', 'cmake_prefix_path')
[10.908s] INFO:colcon.colcon_core.shell:Creating environment hook '/home/nathan/dronut/install/dronut_controller/share/dronut_controller/hook/cmake_prefix_path.ps1'
[10.909s] INFO:colcon.colcon_core.shell:Creating environment descriptor '/home/nathan/dronut/install/dronut_controller/share/dronut_controller/hook/cmake_prefix_path.dsv'
[10.909s] INFO:colcon.colcon_core.shell:Creating environment hook '/home/nathan/dronut/install/dronut_controller/share/dronut_controller/hook/cmake_prefix_path.sh'
[10.910s] Level 1:colcon.colcon_core.environment:checking '/home/nathan/dronut/install/dronut_controller/lib'
[10.910s] Level 1:colcon.colcon_core.environment:checking '/home/nathan/dronut/install/dronut_controller/bin'
[10.910s] Level 1:colcon.colcon_core.environment:checking '/home/nathan/dronut/install/dronut_controller/lib/pkgconfig/dronut_controller.pc'
[10.911s] Level 1:colcon.colcon_core.environment:checking '/home/nathan/dronut/install/dronut_controller/lib/python3.12/site-packages'
[10.911s] Level 1:colcon.colcon_core.environment:checking '/home/nathan/dronut/install/dronut_controller/bin'
[10.911s] INFO:colcon.colcon_core.shell:Creating package script '/home/nathan/dronut/install/dronut_controller/share/dronut_controller/package.ps1'
[10.912s] INFO:colcon.colcon_core.shell:Creating package descriptor '/home/nathan/dronut/install/dronut_controller/share/dronut_controller/package.dsv'
[10.912s] INFO:colcon.colcon_core.shell:Creating package script '/home/nathan/dronut/install/dronut_controller/share/dronut_controller/package.sh'
[10.913s] INFO:colcon.colcon_core.shell:Creating package script '/home/nathan/dronut/install/dronut_controller/share/dronut_controller/package.bash'
[10.913s] INFO:colcon.colcon_core.shell:Creating package script '/home/nathan/dronut/install/dronut_controller/share/dronut_controller/package.zsh'
[10.914s] Level 1:colcon.colcon_core.environment:create_file_with_runtime_dependencies(/home/nathan/dronut/install/dronut_controller/share/colcon-core/packages/dronut_controller)
[10.914s] Level 1:colcon.colcon_core.environment:create_environment_scripts_only(dronut_controller)
[10.915s] Level 1:colcon.colcon_core.environment:checking '/home/nathan/dronut/install/dronut_controller' for CMake module files
[10.915s] Level 1:colcon.colcon_core.environment:checking '/home/nathan/dronut/install/dronut_controller' for CMake config files
[10.915s] Level 1:colcon.colcon_core.shell:create_environment_hook('dronut_controller', 'cmake_prefix_path')
[10.916s] INFO:colcon.colcon_core.shell:Creating environment hook '/home/nathan/dronut/install/dronut_controller/share/dronut_controller/hook/cmake_prefix_path.ps1'
[10.916s] INFO:colcon.colcon_core.shell:Creating environment descriptor '/home/nathan/dronut/install/dronut_controller/share/dronut_controller/hook/cmake_prefix_path.dsv'
[10.917s] INFO:colcon.colcon_core.shell:Creating environment hook '/home/nathan/dronut/install/dronut_controller/share/dronut_controller/hook/cmake_prefix_path.sh'
[10.917s] Level 1:colcon.colcon_core.environment:checking '/home/nathan/dronut/install/dronut_controller/lib'
[10.917s] Level 1:colcon.colcon_core.environment:checking '/home/nathan/dronut/install/dronut_controller/bin'
[10.918s] Level 1:colcon.colcon_core.environment:checking '/home/nathan/dronut/install/dronut_controller/lib/pkgconfig/dronut_controller.pc'
[10.918s] Level 1:colcon.colcon_core.environment:checking '/home/nathan/dronut/install/dronut_controller/lib/python3.12/site-packages'
[10.918s] Level 1:colcon.colcon_core.environment:checking '/home/nathan/dronut/install/dronut_controller/bin'
[10.918s] INFO:colcon.colcon_core.shell:Creating package script '/home/nathan/dronut/install/dronut_controller/share/dronut_controller/package.ps1'
[10.919s] INFO:colcon.colcon_core.shell:Creating package descriptor '/home/nathan/dronut/install/dronut_controller/share/dronut_controller/package.dsv'
[10.920s] INFO:colcon.colcon_core.shell:Creating package script '/home/nathan/dronut/install/dronut_controller/share/dronut_controller/package.sh'
[10.920s] INFO:colcon.colcon_core.shell:Creating package script '/home/nathan/dronut/install/dronut_controller/share/dronut_controller/package.bash'
[10.921s] INFO:colcon.colcon_core.shell:Creating package script '/home/nathan/dronut/install/dronut_controller/share/dronut_controller/package.zsh'
[10.921s] Level 1:colcon.colcon_core.environment:create_file_with_runtime_dependencies(/home/nathan/dronut/install/dronut_controller/share/colcon-core/packages/dronut_controller)
[10.922s] DEBUG:colcon.colcon_parallel_executor.executor.parallel:closing loop
[10.922s] DEBUG:colcon.colcon_parallel_executor.executor.parallel:loop closed
[10.922s] DEBUG:colcon.colcon_parallel_executor.executor.parallel:run_until_complete finished with '0'
[10.922s] DEBUG:colcon.colcon_core.event_reactor:joining thread
[10.946s] INFO:colcon.colcon_core.plugin_system:Skipping extension 'colcon_notification.desktop_notification.terminal_notifier': Not used on non-Darwin systems
[10.946s] INFO:colcon.colcon_core.plugin_system:Skipping extension 'colcon_notification.desktop_notification.win32': Not used on non-Windows systems
[10.946s] INFO:colcon.colcon_notification.desktop_notification:Sending desktop notification using 'notify2'
[10.969s] DEBUG:colcon.colcon_core.event_reactor:joined thread
[10.969s] INFO:colcon.colcon_core.shell:Creating prefix script '/home/nathan/dronut/install/local_setup.ps1'
[10.970s] INFO:colcon.colcon_core.shell:Creating prefix util module '/home/nathan/dronut/install/_local_setup_util_ps1.py'
[10.972s] INFO:colcon.colcon_core.shell:Creating prefix chain script '/home/nathan/dronut/install/setup.ps1'
[10.973s] INFO:colcon.colcon_core.shell:Creating prefix script '/home/nathan/dronut/install/local_setup.sh'
[10.974s] INFO:colcon.colcon_core.shell:Creating prefix util module '/home/nathan/dronut/install/_local_setup_util_sh.py'
[10.975s] INFO:colcon.colcon_core.shell:Creating prefix chain script '/home/nathan/dronut/install/setup.sh'
[10.976s] INFO:colcon.colcon_core.shell:Creating prefix script '/home/nathan/dronut/install/local_setup.bash'
[10.977s] INFO:colcon.colcon_core.shell:Creating prefix chain script '/home/nathan/dronut/install/setup.bash'
[10.978s] INFO:colcon.colcon_core.shell:Creating prefix script '/home/nathan/dronut/install/local_setup.zsh'
[10.979s] INFO:colcon.colcon_core.shell:Creating prefix chain script '/home/nathan/dronut/install/setup.zsh'
