running egg_info
writing ../../build/dronut_description/dronut_description.egg-info/PKG-INFO
writing dependency_links to ../../build/dronut_description/dronut_description.egg-info/dependency_links.txt
writing entry points to ../../build/dronut_description/dronut_description.egg-info/entry_points.txt
writing requirements to ../../build/dronut_description/dronut_description.egg-info/requires.txt
writing top-level names to ../../build/dronut_description/dronut_description.egg-info/top_level.txt
reading manifest file '../../build/dronut_description/dronut_description.egg-info/SOURCES.txt'
writing manifest file '../../build/dronut_description/dronut_description.egg-info/SOURCES.txt'
running build
running build_py
copying dronut_description/move.py -> /home/nathan/dronut/build/dronut_description/build/lib/dronut_description
running install
running install_lib
copying /home/nathan/dronut/build/dronut_description/build/lib/dronut_description/move.py -> /home/nathan/dronut/install/dronut_description/lib/python3.10/site-packages/dronut_description
byte-compiling /home/nathan/dronut/install/dronut_description/lib/python3.10/site-packages/dronut_description/move.py to move.cpython-310.pyc
running install_data
running install_egg_info
removing '/home/nathan/dronut/install/dronut_description/lib/python3.10/site-packages/dronut_description-0.0.0-py3.10.egg-info' (and everything under it)
Copying ../../build/dronut_description/dronut_description.egg-info to /home/nathan/dronut/install/dronut_description/lib/python3.10/site-packages/dronut_description-0.0.0-py3.10.egg-info
running install_scripts
Installing move script to /home/nathan/dronut/install/dronut_description/lib/dronut_description
writing list of installed files to '/home/nathan/dronut/build/dronut_description/install.log'
