[0.979s] Invoking command in '/home/nathan/dronut/src/realsense_cam': DEBUGINFOD_URLS=https://debuginfod.ubuntu.com PYTHONPATH=/home/nathan/dronut/build/realsense_cam/prefix_override:/usr/lib/python3/dist-packages/colcon_core/task/python/colcon_distutils_commands:/home/nathan/dronut/install/realsense_cam/lib/python3.12/site-packages:${PYTHONPATH} /usr/bin/python3 -W ignore:setup.py install is deprecated -W ignore:easy_install command is deprecated setup.py egg_info --egg-base ../../build/realsense_cam build --build-base /home/nathan/dronut/build/realsense_cam/build install --record /home/nathan/dronut/build/realsense_cam/install.log --single-version-externally-managed install_data
[1.100s] /home/nathan/.local/lib/python3.12/site-packages/setuptools/_distutils/dist.py:261: UserWarning: Unknown distribution option: 'tests_require'
[1.100s]   warnings.warn(msg)
[1.196s] running egg_info
[1.212s] writing ../../build/realsense_cam/realsense_cam.egg-info/PKG-INFO
[1.212s] writing dependency_links to ../../build/realsense_cam/realsense_cam.egg-info/dependency_links.txt
[1.212s] writing requirements to ../../build/realsense_cam/realsense_cam.egg-info/requires.txt
[1.212s] writing top-level names to ../../build/realsense_cam/realsense_cam.egg-info/top_level.txt
[1.246s] reading manifest file '../../build/realsense_cam/realsense_cam.egg-info/SOURCES.txt'
[1.246s] writing manifest file '../../build/realsense_cam/realsense_cam.egg-info/SOURCES.txt'
[1.247s] running build
[1.247s] running build_py
[1.247s] copying realsense_cam/__init__.py -> /home/nathan/dronut/build/realsense_cam/build/lib/realsense_cam
[1.247s] running install
[1.251s] running install_lib
[1.267s] running install_data
[1.267s] copying resource/realsense_cam -> /home/nathan/dronut/install/realsense_cam/share/ament_index/resource_index/packages
[1.268s] copying package.xml -> /home/nathan/dronut/install/realsense_cam/share/realsense_cam
[1.268s] copying launch/depth.launch.py -> /home/nathan/dronut/install/realsense_cam/share/realsense_cam/launch
[1.268s] copying meshes/plug_collision.stl -> /home/nathan/dronut/install/realsense_cam/share/realsense_cam/meshes
[1.268s] copying meshes/d455.stl -> /home/nathan/dronut/install/realsense_cam/share/realsense_cam/meshes
[1.269s] copying meshes/plug.stl -> /home/nathan/dronut/install/realsense_cam/share/realsense_cam/meshes
[1.269s] copying urdf/materials.urdf.xacro -> /home/nathan/dronut/install/realsense_cam/share/realsense_cam/urdf
[1.270s] copying urdf/test_d455_camera.urdf.xacro -> /home/nathan/dronut/install/realsense_cam/share/realsense_cam/urdf
[1.270s] copying urdf/d455.urdf.xacro -> /home/nathan/dronut/install/realsense_cam/share/realsense_cam/urdf
[1.270s] copying urdf/usb_plug.urdf.xacro -> /home/nathan/dronut/install/realsense_cam/share/realsense_cam/urdf
[1.270s] copying rviz/camera_view.rviz -> /home/nathan/dronut/install/realsense_cam/share/realsense_cam/rviz
[1.270s] running install_egg_info
[1.286s] removing '/home/nathan/dronut/install/realsense_cam/lib/python3.12/site-packages/realsense_cam-0.0.0-py3.12.egg-info' (and everything under it)
[1.286s] Copying ../../build/realsense_cam/realsense_cam.egg-info to /home/nathan/dronut/install/realsense_cam/lib/python3.12/site-packages/realsense_cam-0.0.0-py3.12.egg-info
[1.286s] running install_scripts
[1.375s] writing list of installed files to '/home/nathan/dronut/build/realsense_cam/install.log'
[1.406s] Invoked command in '/home/nathan/dronut/src/realsense_cam' returned '0': DEBUGINFOD_URLS=https://debuginfod.ubuntu.com PYTHONPATH=/home/nathan/dronut/build/realsense_cam/prefix_override:/usr/lib/python3/dist-packages/colcon_core/task/python/colcon_distutils_commands:/home/nathan/dronut/install/realsense_cam/lib/python3.12/site-packages:${PYTHONPATH} /usr/bin/python3 -W ignore:setup.py install is deprecated -W ignore:easy_install command is deprecated setup.py egg_info --egg-base ../../build/realsense_cam build --build-base /home/nathan/dronut/build/realsense_cam/build install --record /home/nathan/dronut/build/realsense_cam/install.log --single-version-externally-managed install_data
