[0.017s] Invoking command in '/home/nathan/dronut/build/dronut_controller': CMAKE_PREFIX_PATH=${CMAKE_PREFIX_PATH}:/home/nathan/dronut/install/realsense_cam:/home/nathan/dronut/install/dronut_w_cam:/home/nathan/dronut/install/dronut_description:/opt/ros/jazzy DEBUGINFOD_URLS=https://debuginfod.ubuntu.com /usr/bin/cmake --build /home/nathan/dronut/build/dronut_controller -- -j20 -l20
[0.061s] -- Found ament_cmake: 2.5.2 (/opt/ros/jazzy/share/ament_cmake/cmake)
[0.406s] -- Found rclcpp: 28.1.5 (/opt/ros/jazzy/share/rclcpp/cmake)
[0.449s] -- Found rosidl_generator_c: 4.6.4 (/opt/ros/jazzy/share/rosidl_generator_c/cmake)
[0.462s] -- Found rosidl_generator_cpp: 4.6.4 (/opt/ros/jazzy/share/rosidl_generator_cpp/cmake)
[0.478s] -- Using all available rosidl_typesupport_c: rosidl_typesupport_fastrtps_c;rosidl_typesupport_introspection_c
[0.495s] -- Using all available rosidl_typesupport_cpp: rosidl_typesupport_fastrtps_cpp;rosidl_typesupport_introspection_cpp
[0.575s] -- Found rmw_implementation_cmake: 7.3.1 (/opt/ros/jazzy/share/rmw_implementation_cmake/cmake)
[0.577s] -- Found rmw_fastrtps_cpp: 8.4.1 (/opt/ros/jazzy/share/rmw_fastrtps_cpp/cmake)
[0.673s] -- Using RMW implementation 'rmw_fastrtps_cpp' as default
[0.762s] -- Found sensor_msgs: 5.3.5 (/opt/ros/jazzy/share/sensor_msgs/cmake)
[0.837s] -- Found tf2: 0.36.4 (/opt/ros/jazzy/share/tf2/cmake)
[0.842s] -- Found tf2_ros: 0.36.4 (/opt/ros/jazzy/share/tf2_ros/cmake)
[1.018s] [31mCMake Error at CMakeLists.txt:14 (find_package):
[1.019s]   By not providing "Findgz_sim.cmake" in CMAKE_MODULE_PATH this project has
[1.019s]   asked CMake to find a package configuration file provided by "gz_sim", but
[1.019s]   CMake did not find one.
[1.019s] 
[1.019s]   Could not find a package configuration file provided by "gz_sim" with any
[1.019s]   of the following names:
[1.019s] 
[1.020s]     gz_simConfig.cmake
[1.020s]     gz_sim-config.cmake
[1.020s] 
[1.020s]   Add the installation prefix of "gz_sim" to CMAKE_PREFIX_PATH or set
[1.020s]   "gz_sim_DIR" to a directory containing one of the above files.  If "gz_sim"
[1.020s]   provides a separate development package or SDK, be sure it has been
[1.020s]   installed.
[1.021s] 
[1.021s] [0m
[1.021s] -- Configuring incomplete, errors occurred!
[1.028s] gmake: *** [Makefile:321: cmake_check_build_system] Error 1
[1.032s] Invoked command in '/home/nathan/dronut/build/dronut_controller' returned '2': CMAKE_PREFIX_PATH=${CMAKE_PREFIX_PATH}:/home/nathan/dronut/install/realsense_cam:/home/nathan/dronut/install/dronut_w_cam:/home/nathan/dronut/install/dronut_description:/opt/ros/jazzy DEBUGINFOD_URLS=https://debuginfod.ubuntu.com /usr/bin/cmake --build /home/nathan/dronut/build/dronut_controller -- -j20 -l20
