-- Found ament_cmake: 2.5.3 (/opt/ros/jazzy/share/ament_cmake/cmake)
-- Found rclcpp: 28.1.6 (/opt/ros/jazzy/share/rclcpp/cmake)
-- Found rosidl_generator_c: 4.6.5 (/opt/ros/jazzy/share/rosidl_generator_c/cmake)
-- Found rosidl_generator_cpp: 4.6.5 (/opt/ros/jazzy/share/rosidl_generator_cpp/cmake)
-- Using all available rosidl_typesupport_c: rosidl_typesupport_fastrtps_c;rosidl_typesupport_introspection_c
-- Using all available rosidl_typesupport_cpp: rosidl_typesupport_fastrtps_cpp;rosidl_typesupport_introspection_cpp
-- Found rmw_implementation_cmake: 7.3.1 (/opt/ros/jazzy/share/rmw_implementation_cmake/cmake)
-- Found rmw_fastrtps_cpp: 8.4.1 (/opt/ros/jazzy/share/rmw_fastrtps_cpp/cmake)
-- Using RMW implementation 'rmw_fastrtps_cpp' as default
-- Found sensor_msgs: 5.3.5 (/opt/ros/jazzy/share/sensor_msgs/cmake)
-- Found tf2: 0.36.7 (/opt/ros/jazzy/share/tf2/cmake)
-- Found tf2_ros: 0.36.7 (/opt/ros/jazzy/share/tf2_ros/cmake)
-- Found control_msgs: 5.3.0 (/opt/ros/jazzy/share/control_msgs/cmake)
-- Found ros_gz_interfaces: 1.0.7 (/opt/ros/jazzy/share/ros_gz_interfaces/cmake)
-- Found ament_lint_auto: 0.17.1 (/opt/ros/jazzy/share/ament_lint_auto/cmake)
-- Added test 'cppcheck' to perform static code analysis on C / C++ code
-- Configured cppcheck include dirs: /home/nathan/dronut/src/dronut_controller/include
-- Configured cppcheck exclude dirs and/or files: 
-- Added test 'flake8' to check Python code syntax and style conventions
-- Configured 'flake8' exclude dirs and/or files: 
-- Added test 'lint_cmake' to check CMake code style
-- Added test 'pep257' to check Python code against some of the docstring style conventions in PEP 257
-- Added test 'uncrustify' to check C / C++ code style
-- Configured uncrustify additional arguments: 
-- Added test 'xmllint' to check XML markup files
-- Configuring done (0.6s)
-- Generating done (0.0s)
-- Build files have been written to: /home/nathan/dronut/build/dronut_controller
[ 33%] [32m[1mLinking CXX executable drone_control_node[0m
/usr/bin/ld: CMakeFiles/drone_control_node.dir/src/main.cpp.o: in function `void std::_Construct<BirotorDroneController>(BirotorDroneController*)':
main.cpp:(.text._ZSt10_ConstructI22BirotorDroneControllerJEEvPT_DpOT0_[_ZSt10_ConstructI22BirotorDroneControllerJEEvPT_DpOT0_]+0x35): undefined reference to `BirotorDroneController::BirotorDroneController()'
collect2: error: ld returned 1 exit status
gmake[2]: *** [CMakeFiles/drone_control_node.dir/build.make:256: drone_control_node] Error 1
gmake[1]: *** [CMakeFiles/Makefile2:137: CMakeFiles/drone_control_node.dir/all] Error 2
gmake: *** [Makefile:146: all] Error 2
