[0.017s] Invoking command in '/home/nathan/dronut/build/dronut_controller': CMAKE_PREFIX_PATH=${CMAKE_PREFIX_PATH}:/home/nathan/dronut/install/realsense_cam:/home/nathan/dronut/install/dronut_w_cam:/home/nathan/dronut/install/dronut_description:/opt/ros/jazzy DEBUGINFOD_URLS=https://debuginfod.ubuntu.com /usr/bin/cmake --build /home/nathan/dronut/build/dronut_controller -- -j20 -l20
[0.042s] -- Found ament_cmake: 2.5.3 (/opt/ros/jazzy/share/ament_cmake/cmake)
[0.212s] -- Found rclcpp: 28.1.6 (/opt/ros/jazzy/share/rclcpp/cmake)
[0.233s] -- Found rosidl_generator_c: 4.6.5 (/opt/ros/jazzy/share/rosidl_generator_c/cmake)
[0.239s] -- Found rosidl_generator_cpp: 4.6.5 (/opt/ros/jazzy/share/rosidl_generator_cpp/cmake)
[0.246s] -- Using all available rosidl_typesupport_c: rosidl_typesupport_fastrtps_c;rosidl_typesupport_introspection_c
[0.256s] -- Using all available rosidl_typesupport_cpp: rosidl_typesupport_fastrtps_cpp;rosidl_typesupport_introspection_cpp
[0.300s] -- Found rmw_implementation_cmake: 7.3.1 (/opt/ros/jazzy/share/rmw_implementation_cmake/cmake)
[0.301s] -- Found rmw_fastrtps_cpp: 8.4.1 (/opt/ros/jazzy/share/rmw_fastrtps_cpp/cmake)
[0.355s] -- Using RMW implementation 'rmw_fastrtps_cpp' as default
[0.402s] -- Found sensor_msgs: 5.3.5 (/opt/ros/jazzy/share/sensor_msgs/cmake)
[0.446s] -- Found tf2: 0.36.7 (/opt/ros/jazzy/share/tf2/cmake)
[0.448s] -- Found tf2_ros: 0.36.7 (/opt/ros/jazzy/share/tf2_ros/cmake)
[0.526s] -- Found control_msgs: 5.3.0 (/opt/ros/jazzy/share/control_msgs/cmake)
[0.569s] -- Found ros_gz_interfaces: 1.0.7 (/opt/ros/jazzy/share/ros_gz_interfaces/cmake)
[0.594s] -- Found ament_lint_auto: 0.17.1 (/opt/ros/jazzy/share/ament_lint_auto/cmake)
[0.660s] -- Added test 'cppcheck' to perform static code analysis on C / C++ code
[0.661s] -- Configured cppcheck include dirs: /home/nathan/dronut/src/dronut_controller/include
[0.661s] -- Configured cppcheck exclude dirs and/or files: 
[0.661s] -- Added test 'flake8' to check Python code syntax and style conventions
[0.661s] -- Configured 'flake8' exclude dirs and/or files: 
[0.661s] -- Added test 'lint_cmake' to check CMake code style
[0.661s] -- Added test 'pep257' to check Python code against some of the docstring style conventions in PEP 257
[0.662s] -- Added test 'uncrustify' to check C / C++ code style
[0.662s] -- Configured uncrustify additional arguments: 
[0.662s] -- Added test 'xmllint' to check XML markup files
[0.663s] -- Configuring done (0.6s)
[0.673s] -- Generating done (0.0s)
[0.676s] -- Build files have been written to: /home/nathan/dronut/build/dronut_controller
[0.718s] [ 33%] [32m[1mLinking CXX executable drone_control_node[0m
[0.952s] /usr/bin/ld: CMakeFiles/drone_control_node.dir/src/main.cpp.o: in function `void std::_Construct<BirotorDroneController>(BirotorDroneController*)':
[0.952s] main.cpp:(.text._ZSt10_ConstructI22BirotorDroneControllerJEEvPT_DpOT0_[_ZSt10_ConstructI22BirotorDroneControllerJEEvPT_DpOT0_]+0x35): undefined reference to `BirotorDroneController::BirotorDroneController()'
[0.978s] collect2: error: ld returned 1 exit status
[0.980s] gmake[2]: *** [CMakeFiles/drone_control_node.dir/build.make:256: drone_control_node] Error 1
[0.980s] gmake[1]: *** [CMakeFiles/Makefile2:137: CMakeFiles/drone_control_node.dir/all] Error 2
[0.980s] gmake: *** [Makefile:146: all] Error 2
[0.982s] Invoked command in '/home/nathan/dronut/build/dronut_controller' returned '2': CMAKE_PREFIX_PATH=${CMAKE_PREFIX_PATH}:/home/nathan/dronut/install/realsense_cam:/home/nathan/dronut/install/dronut_w_cam:/home/nathan/dronut/install/dronut_description:/opt/ros/jazzy DEBUGINFOD_URLS=https://debuginfod.ubuntu.com /usr/bin/cmake --build /home/nathan/dronut/build/dronut_controller -- -j20 -l20
